c:\users\pl\desktop\current\adctest2018\lib-src\wxwidgets-3.1.1\build\msw\vc_mswud\wxprec_ribbonlib.pch
c:\users\pl\desktop\current\adctest2018\lib-src\wxwidgets-3.1.1\lib\vc_lib\wxmsw31ud_ribbon.pdb
c:\users\pl\desktop\current\adctest2018\lib-src\wxwidgets-3.1.1\build\msw\vc_mswud\ribbon\dummy.obj
c:\users\pl\desktop\current\adctest2018\lib-src\wxwidgets-3.1.1\build\msw\vc_mswud\ribbon\art_aui.obj
c:\users\pl\desktop\current\adctest2018\lib-src\wxwidgets-3.1.1\build\msw\vc_mswud\ribbon\gallery.obj
c:\users\pl\desktop\current\adctest2018\lib-src\wxwidgets-3.1.1\build\msw\vc_mswud\ribbon\xh_ribbon.obj
c:\users\pl\desktop\current\adctest2018\lib-src\wxwidgets-3.1.1\build\msw\vc_mswud\ribbon\art_msw.obj
c:\users\pl\desktop\current\adctest2018\lib-src\wxwidgets-3.1.1\build\msw\vc_mswud\ribbon\page.obj
c:\users\pl\desktop\current\adctest2018\lib-src\wxwidgets-3.1.1\build\msw\vc_mswud\ribbon\art_internal.obj
c:\users\pl\desktop\current\adctest2018\lib-src\wxwidgets-3.1.1\build\msw\vc_mswud\ribbon\buttonbar.obj
c:\users\pl\desktop\current\adctest2018\lib-src\wxwidgets-3.1.1\build\msw\vc_mswud\ribbon\toolbar.obj
c:\users\pl\desktop\current\adctest2018\lib-src\wxwidgets-3.1.1\build\msw\vc_mswud\ribbon\bar.obj
c:\users\pl\desktop\current\adctest2018\lib-src\wxwidgets-3.1.1\build\msw\vc_mswud\ribbon\control.obj
c:\users\pl\desktop\current\adctest2018\lib-src\wxwidgets-3.1.1\build\msw\vc_mswud\ribbon\panel.obj
c:\users\pl\desktop\current\adctest2018\lib-src\wxwidgets-3.1.1\lib\vc_lib\wxmsw31ud_ribbon.lib
c:\users\pl\desktop\current\adctest2018\lib-src\wxwidgets-3.1.1\build\msw\..\..\lib\vc_lib\wxmsw31ud_ribbon.lib
c:\users\pl\desktop\current\adctest2018\lib-src\wxwidgets-3.1.1\build\msw\vc_mswud\ribbon\ribbon.tlog\cl.command.1.tlog
c:\users\pl\desktop\current\adctest2018\lib-src\wxwidgets-3.1.1\build\msw\vc_mswud\ribbon\ribbon.tlog\cl.read.1.tlog
c:\users\pl\desktop\current\adctest2018\lib-src\wxwidgets-3.1.1\build\msw\vc_mswud\ribbon\ribbon.tlog\cl.write.1.tlog
c:\users\pl\desktop\current\adctest2018\lib-src\wxwidgets-3.1.1\build\msw\vc_mswud\ribbon\ribbon.tlog\lib-link.read.1.tlog
c:\users\pl\desktop\current\adctest2018\lib-src\wxwidgets-3.1.1\build\msw\vc_mswud\ribbon\ribbon.tlog\lib-link.write.1.tlog
c:\users\pl\desktop\current\adctest2018\lib-src\wxwidgets-3.1.1\build\msw\vc_mswud\ribbon\ribbon.tlog\lib.command.1.tlog
