c:\users\pl\desktop\current\adctest2018\lib-src\wxwidgets-3.1.1\build\msw\vc_mswud\wxprec_advlib.pch
c:\users\pl\desktop\current\adctest2018\lib-src\wxwidgets-3.1.1\lib\vc_lib\wxmsw31ud_adv.pdb
c:\users\pl\desktop\current\adctest2018\lib-src\wxwidgets-3.1.1\build\msw\vc_mswud\adv\dummy.obj
c:\users\pl\desktop\current\adctest2018\lib-src\wxwidgets-3.1.1\build\msw\vc_mswud\adv\bmpcboxcmn.obj
c:\users\pl\desktop\current\adctest2018\lib-src\wxwidgets-3.1.1\build\msw\vc_mswud\adv\odcombocmn.obj
c:\users\pl\desktop\current\adctest2018\lib-src\wxwidgets-3.1.1\build\msw\vc_mswud\adv\aboutdlg.obj
c:\users\pl\desktop\current\adctest2018\lib-src\wxwidgets-3.1.1\build\msw\vc_mswud\adv\datecontrols.obj
c:\users\pl\desktop\current\adctest2018\lib-src\wxwidgets-3.1.1\build\msw\vc_mswud\adv\datectrl.obj
c:\users\pl\desktop\current\adctest2018\lib-src\wxwidgets-3.1.1\build\msw\vc_mswud\adv\notifmsg.obj
c:\users\pl\desktop\current\adctest2018\lib-src\wxwidgets-3.1.1\build\msw\vc_mswud\adv\animateg.obj
c:\users\pl\desktop\current\adctest2018\lib-src\wxwidgets-3.1.1\build\msw\vc_mswud\adv\datectlg.obj
c:\users\pl\desktop\current\adctest2018\lib-src\wxwidgets-3.1.1\build\msw\vc_mswud\adv\grideditors.obj
c:\users\pl\desktop\current\adctest2018\lib-src\wxwidgets-3.1.1\build\msw\vc_mswud\adv\helpext.obj
c:\users\pl\desktop\current\adctest2018\lib-src\wxwidgets-3.1.1\build\msw\vc_mswud\adv\propdlg.obj
c:\users\pl\desktop\current\adctest2018\lib-src\wxwidgets-3.1.1\build\msw\vc_mswud\adv\tipdlg.obj
c:\users\pl\desktop\current\adctest2018\lib-src\wxwidgets-3.1.1\build\msw\vc_mswud\adv\wizard.obj
c:\users\pl\desktop\current\adctest2018\lib-src\wxwidgets-3.1.1\build\msw\vc_mswud\adv\datavcmn.obj
c:\users\pl\desktop\current\adctest2018\lib-src\wxwidgets-3.1.1\build\msw\vc_mswud\adv\commandlinkbutton.obj
c:\users\pl\desktop\current\adctest2018\lib-src\wxwidgets-3.1.1\build\msw\vc_mswud\adv\joystick.obj
c:\users\pl\desktop\current\adctest2018\lib-src\wxwidgets-3.1.1\build\msw\vc_mswud\adv\aboutdlgg.obj
c:\users\pl\desktop\current\adctest2018\lib-src\wxwidgets-3.1.1\build\msw\vc_mswud\adv\calctrlg.obj
c:\users\pl\desktop\current\adctest2018\lib-src\wxwidgets-3.1.1\build\msw\vc_mswud\adv\grid.obj
c:\users\pl\desktop\current\adctest2018\lib-src\wxwidgets-3.1.1\build\msw\vc_mswud\adv\notifmsgg.obj
c:\users\pl\desktop\current\adctest2018\lib-src\wxwidgets-3.1.1\build\msw\vc_mswud\adv\splash.obj
c:\users\pl\desktop\current\adctest2018\lib-src\wxwidgets-3.1.1\build\msw\vc_mswud\adv\activityindicator.obj
c:\users\pl\desktop\current\adctest2018\lib-src\wxwidgets-3.1.1\build\msw\vc_mswud\adv\animatecmn.obj
c:\users\pl\desktop\current\adctest2018\lib-src\wxwidgets-3.1.1\build\msw\vc_mswud\adv\hyperlnkcmn.obj
c:\users\pl\desktop\current\adctest2018\lib-src\wxwidgets-3.1.1\build\msw\vc_mswud\adv\notifmsgcmn.obj
c:\users\pl\desktop\current\adctest2018\lib-src\wxwidgets-3.1.1\build\msw\vc_mswud\adv\richtooltipcmn.obj
c:\users\pl\desktop\current\adctest2018\lib-src\wxwidgets-3.1.1\build\msw\vc_mswud\adv\calctrl.obj
c:\users\pl\desktop\current\adctest2018\lib-src\wxwidgets-3.1.1\build\msw\vc_mswud\adv\datetimectrl.obj
c:\users\pl\desktop\current\adctest2018\lib-src\wxwidgets-3.1.1\build\msw\vc_mswud\adv\hyperlink.obj
c:\users\pl\desktop\current\adctest2018\lib-src\wxwidgets-3.1.1\build\msw\vc_mswud\adv\sound.obj
c:\users\pl\desktop\current\adctest2018\lib-src\wxwidgets-3.1.1\build\msw\vc_mswud\adv\taskbar.obj
c:\users\pl\desktop\current\adctest2018\lib-src\wxwidgets-3.1.1\build\msw\vc_mswud\adv\bmpcboxg.obj
c:\users\pl\desktop\current\adctest2018\lib-src\wxwidgets-3.1.1\build\msw\vc_mswud\adv\commandlinkbuttong.obj
c:\users\pl\desktop\current\adctest2018\lib-src\wxwidgets-3.1.1\build\msw\vc_mswud\adv\editlbox.obj
c:\users\pl\desktop\current\adctest2018\lib-src\wxwidgets-3.1.1\build\msw\vc_mswud\adv\gridctrl.obj
c:\users\pl\desktop\current\adctest2018\lib-src\wxwidgets-3.1.1\build\msw\vc_mswud\adv\gridsel.obj
c:\users\pl\desktop\current\adctest2018\lib-src\wxwidgets-3.1.1\build\msw\vc_mswud\adv\laywin.obj
c:\users\pl\desktop\current\adctest2018\lib-src\wxwidgets-3.1.1\build\msw\vc_mswud\adv\richtooltipg.obj
c:\users\pl\desktop\current\adctest2018\lib-src\wxwidgets-3.1.1\build\msw\vc_mswud\adv\timectrlg.obj
c:\users\pl\desktop\current\adctest2018\lib-src\wxwidgets-3.1.1\build\msw\vc_mswud\adv\addremovectrl.obj
c:\users\pl\desktop\current\adctest2018\lib-src\wxwidgets-3.1.1\build\msw\vc_mswud\adv\notifmsgrt.obj
c:\users\pl\desktop\current\adctest2018\lib-src\wxwidgets-3.1.1\build\msw\vc_mswud\adv\calctrlcmn.obj
c:\users\pl\desktop\current\adctest2018\lib-src\wxwidgets-3.1.1\build\msw\vc_mswud\adv\gridcmn.obj
c:\users\pl\desktop\current\adctest2018\lib-src\wxwidgets-3.1.1\build\msw\vc_mswud\adv\taskbarcmn.obj
c:\users\pl\desktop\current\adctest2018\lib-src\wxwidgets-3.1.1\build\msw\vc_mswud\adv\bmpcbox.obj
c:\users\pl\desktop\current\adctest2018\lib-src\wxwidgets-3.1.1\build\msw\vc_mswud\adv\richtooltip.obj
c:\users\pl\desktop\current\adctest2018\lib-src\wxwidgets-3.1.1\build\msw\vc_mswud\adv\timectrl.obj
c:\users\pl\desktop\current\adctest2018\lib-src\wxwidgets-3.1.1\build\msw\vc_mswud\adv\bannerwindow.obj
c:\users\pl\desktop\current\adctest2018\lib-src\wxwidgets-3.1.1\build\msw\vc_mswud\adv\datavgen.obj
c:\users\pl\desktop\current\adctest2018\lib-src\wxwidgets-3.1.1\build\msw\vc_mswud\adv\hyperlinkg.obj
c:\users\pl\desktop\current\adctest2018\lib-src\wxwidgets-3.1.1\build\msw\vc_mswud\adv\odcombo.obj
c:\users\pl\desktop\current\adctest2018\lib-src\wxwidgets-3.1.1\build\msw\vc_mswud\adv\sashwin.obj
c:\users\pl\desktop\current\adctest2018\lib-src\wxwidgets-3.1.1\build\msw\vc_mswud\adv\treelist.obj
c:\users\pl\desktop\current\adctest2018\lib-src\wxwidgets-3.1.1\lib\vc_lib\wxmsw31ud_adv.lib
c:\users\pl\desktop\current\adctest2018\lib-src\wxwidgets-3.1.1\build\msw\..\..\lib\vc_lib\wxmsw31ud_adv.lib
c:\users\pl\desktop\current\adctest2018\lib-src\wxwidgets-3.1.1\build\msw\vc_mswud\adv\adv.tlog\cl.command.1.tlog
c:\users\pl\desktop\current\adctest2018\lib-src\wxwidgets-3.1.1\build\msw\vc_mswud\adv\adv.tlog\cl.read.1.tlog
c:\users\pl\desktop\current\adctest2018\lib-src\wxwidgets-3.1.1\build\msw\vc_mswud\adv\adv.tlog\cl.write.1.tlog
c:\users\pl\desktop\current\adctest2018\lib-src\wxwidgets-3.1.1\build\msw\vc_mswud\adv\adv.tlog\lib-link.read.1.tlog
c:\users\pl\desktop\current\adctest2018\lib-src\wxwidgets-3.1.1\build\msw\vc_mswud\adv\adv.tlog\lib-link.write.1.tlog
c:\users\pl\desktop\current\adctest2018\lib-src\wxwidgets-3.1.1\build\msw\vc_mswud\adv\adv.tlog\lib.command.1.tlog
