c:\work\avpreserve\software\fadg-adctest-2019\releases\303\lib-src\wxwidgets-3.1.1\build\msw\vc_mswu\wxprec_xrclib.pch
c:\work\avpreserve\software\fadg-adctest-2019\releases\303\lib-src\wxwidgets-3.1.1\lib\vc_lib\wxmsw31u_xrc.pdb
c:\work\avpreserve\software\fadg-adctest-2019\releases\303\lib-src\wxwidgets-3.1.1\build\msw\vc_mswu\xrc\dummy.obj
c:\work\avpreserve\software\fadg-adctest-2019\releases\303\lib-src\wxwidgets-3.1.1\build\msw\vc_mswu\xrc\xh_bttn.obj
c:\work\avpreserve\software\fadg-adctest-2019\releases\303\lib-src\wxwidgets-3.1.1\build\msw\vc_mswu\xrc\xh_combo.obj
c:\work\avpreserve\software\fadg-adctest-2019\releases\303\lib-src\wxwidgets-3.1.1\build\msw\vc_mswu\xrc\xh_editlbox.obj
c:\work\avpreserve\software\fadg-adctest-2019\releases\303\lib-src\wxwidgets-3.1.1\build\msw\vc_mswu\xrc\xh_gdctl.obj
c:\work\avpreserve\software\fadg-adctest-2019\releases\303\lib-src\wxwidgets-3.1.1\build\msw\vc_mswu\xrc\xh_mdi.obj
c:\work\avpreserve\software\fadg-adctest-2019\releases\303\lib-src\wxwidgets-3.1.1\build\msw\vc_mswu\xrc\xh_radbx.obj
c:\work\avpreserve\software\fadg-adctest-2019\releases\303\lib-src\wxwidgets-3.1.1\build\msw\vc_mswu\xrc\xh_srchctrl.obj
c:\work\avpreserve\software\fadg-adctest-2019\releases\303\lib-src\wxwidgets-3.1.1\build\msw\vc_mswu\xrc\xh_sttxt.obj
c:\work\avpreserve\software\fadg-adctest-2019\releases\303\lib-src\wxwidgets-3.1.1\build\msw\vc_mswu\xrc\xh_treebk.obj
c:\work\avpreserve\software\fadg-adctest-2019\releases\303\lib-src\wxwidgets-3.1.1\build\msw\vc_mswu\xrc\xh_bmp.obj
c:\work\avpreserve\software\fadg-adctest-2019\releases\303\lib-src\wxwidgets-3.1.1\build\msw\vc_mswu\xrc\xh_choic.obj
c:\work\avpreserve\software\fadg-adctest-2019\releases\303\lib-src\wxwidgets-3.1.1\build\msw\vc_mswu\xrc\xh_dirpicker.obj
c:\work\avpreserve\software\fadg-adctest-2019\releases\303\lib-src\wxwidgets-3.1.1\build\msw\vc_mswu\xrc\xh_grid.obj
c:\work\avpreserve\software\fadg-adctest-2019\releases\303\lib-src\wxwidgets-3.1.1\build\msw\vc_mswu\xrc\xh_odcombo.obj
c:\work\avpreserve\software\fadg-adctest-2019\releases\303\lib-src\wxwidgets-3.1.1\build\msw\vc_mswu\xrc\xh_sizer.obj
c:\work\avpreserve\software\fadg-adctest-2019\releases\303\lib-src\wxwidgets-3.1.1\build\msw\vc_mswu\xrc\xh_unkwn.obj
c:\work\avpreserve\software\fadg-adctest-2019\releases\303\lib-src\wxwidgets-3.1.1\build\msw\vc_mswu\xrc\xh_activityindicator.obj
c:\work\avpreserve\software\fadg-adctest-2019\releases\303\lib-src\wxwidgets-3.1.1\build\msw\vc_mswu\xrc\xh_bmpbt.obj
c:\work\avpreserve\software\fadg-adctest-2019\releases\303\lib-src\wxwidgets-3.1.1\build\msw\vc_mswu\xrc\xh_choicbk.obj
c:\work\avpreserve\software\fadg-adctest-2019\releases\303\lib-src\wxwidgets-3.1.1\build\msw\vc_mswu\xrc\xh_gauge.obj
c:\work\avpreserve\software\fadg-adctest-2019\releases\303\lib-src\wxwidgets-3.1.1\build\msw\vc_mswu\xrc\xh_listbk.obj
c:\work\avpreserve\software\fadg-adctest-2019\releases\303\lib-src\wxwidgets-3.1.1\build\msw\vc_mswu\xrc\xh_panel.obj
c:\work\avpreserve\software\fadg-adctest-2019\releases\303\lib-src\wxwidgets-3.1.1\build\msw\vc_mswu\xrc\xh_slidr.obj
c:\work\avpreserve\software\fadg-adctest-2019\releases\303\lib-src\wxwidgets-3.1.1\build\msw\vc_mswu\xrc\xh_stbox.obj
c:\work\avpreserve\software\fadg-adctest-2019\releases\303\lib-src\wxwidgets-3.1.1\build\msw\vc_mswu\xrc\xh_tree.obj
c:\work\avpreserve\software\fadg-adctest-2019\releases\303\lib-src\wxwidgets-3.1.1\build\msw\vc_mswu\xrc\xmlrsall.obj
c:\work\avpreserve\software\fadg-adctest-2019\releases\303\lib-src\wxwidgets-3.1.1\build\msw\vc_mswu\xrc\xh_bannerwindow.obj
c:\work\avpreserve\software\fadg-adctest-2019\releases\303\lib-src\wxwidgets-3.1.1\build\msw\vc_mswu\xrc\xh_clrpicker.obj
c:\work\avpreserve\software\fadg-adctest-2019\releases\303\lib-src\wxwidgets-3.1.1\build\msw\vc_mswu\xrc\xh_dlg.obj
c:\work\avpreserve\software\fadg-adctest-2019\releases\303\lib-src\wxwidgets-3.1.1\build\msw\vc_mswu\xrc\xh_html.obj
c:\work\avpreserve\software\fadg-adctest-2019\releases\303\lib-src\wxwidgets-3.1.1\build\msw\vc_mswu\xrc\xh_radbt.obj
c:\work\avpreserve\software\fadg-adctest-2019\releases\303\lib-src\wxwidgets-3.1.1\build\msw\vc_mswu\xrc\xh_spin.obj
c:\work\avpreserve\software\fadg-adctest-2019\releases\303\lib-src\wxwidgets-3.1.1\build\msw\vc_mswu\xrc\xh_toolb.obj
c:\work\avpreserve\software\fadg-adctest-2019\releases\303\lib-src\wxwidgets-3.1.1\build\msw\vc_mswu\xrc\xh_bmpcbox.obj
c:\work\avpreserve\software\fadg-adctest-2019\releases\303\lib-src\wxwidgets-3.1.1\build\msw\vc_mswu\xrc\xh_collpane.obj
c:\work\avpreserve\software\fadg-adctest-2019\releases\303\lib-src\wxwidgets-3.1.1\build\msw\vc_mswu\xrc\xh_frame.obj
c:\work\avpreserve\software\fadg-adctest-2019\releases\303\lib-src\wxwidgets-3.1.1\build\msw\vc_mswu\xrc\xh_listc.obj
c:\work\avpreserve\software\fadg-adctest-2019\releases\303\lib-src\wxwidgets-3.1.1\build\msw\vc_mswu\xrc\xh_scrol.obj
c:\work\avpreserve\software\fadg-adctest-2019\releases\303\lib-src\wxwidgets-3.1.1\build\msw\vc_mswu\xrc\xh_stbmp.obj
c:\work\avpreserve\software\fadg-adctest-2019\releases\303\lib-src\wxwidgets-3.1.1\build\msw\vc_mswu\xrc\xh_tglbtn.obj
c:\work\avpreserve\software\fadg-adctest-2019\releases\303\lib-src\wxwidgets-3.1.1\build\msw\vc_mswu\xrc\xmlres.obj
c:\work\avpreserve\software\fadg-adctest-2019\releases\303\lib-src\wxwidgets-3.1.1\build\msw\vc_mswu\xrc\xh_chckb.obj
c:\work\avpreserve\software\fadg-adctest-2019\releases\303\lib-src\wxwidgets-3.1.1\build\msw\vc_mswu\xrc\xh_comboctrl.obj
c:\work\avpreserve\software\fadg-adctest-2019\releases\303\lib-src\wxwidgets-3.1.1\build\msw\vc_mswu\xrc\xh_filepicker.obj
c:\work\avpreserve\software\fadg-adctest-2019\releases\303\lib-src\wxwidgets-3.1.1\build\msw\vc_mswu\xrc\xh_hyperlink.obj
c:\work\avpreserve\software\fadg-adctest-2019\releases\303\lib-src\wxwidgets-3.1.1\build\msw\vc_mswu\xrc\xh_notbk.obj
c:\work\avpreserve\software\fadg-adctest-2019\releases\303\lib-src\wxwidgets-3.1.1\build\msw\vc_mswu\xrc\xh_scwin.obj
c:\work\avpreserve\software\fadg-adctest-2019\releases\303\lib-src\wxwidgets-3.1.1\build\msw\vc_mswu\xrc\xh_statbar.obj
c:\work\avpreserve\software\fadg-adctest-2019\releases\303\lib-src\wxwidgets-3.1.1\build\msw\vc_mswu\xrc\xh_timectrl.obj
c:\work\avpreserve\software\fadg-adctest-2019\releases\303\lib-src\wxwidgets-3.1.1\build\msw\vc_mswu\xrc\xmladv.obj
c:\work\avpreserve\software\fadg-adctest-2019\releases\303\lib-src\wxwidgets-3.1.1\build\msw\vc_mswu\xrc\xh_cald.obj
c:\work\avpreserve\software\fadg-adctest-2019\releases\303\lib-src\wxwidgets-3.1.1\build\msw\vc_mswu\xrc\xh_cmdlinkbn.obj
c:\work\avpreserve\software\fadg-adctest-2019\releases\303\lib-src\wxwidgets-3.1.1\build\msw\vc_mswu\xrc\xh_filectrl.obj
c:\work\avpreserve\software\fadg-adctest-2019\releases\303\lib-src\wxwidgets-3.1.1\build\msw\vc_mswu\xrc\xh_htmllbox.obj
c:\work\avpreserve\software\fadg-adctest-2019\releases\303\lib-src\wxwidgets-3.1.1\build\msw\vc_mswu\xrc\xh_propdlg.obj
c:\work\avpreserve\software\fadg-adctest-2019\releases\303\lib-src\wxwidgets-3.1.1\build\msw\vc_mswu\xrc\xh_split.obj
c:\work\avpreserve\software\fadg-adctest-2019\releases\303\lib-src\wxwidgets-3.1.1\build\msw\vc_mswu\xrc\xh_text.obj
c:\work\avpreserve\software\fadg-adctest-2019\releases\303\lib-src\wxwidgets-3.1.1\build\msw\vc_mswu\xrc\xh_wizrd.obj
c:\work\avpreserve\software\fadg-adctest-2019\releases\303\lib-src\wxwidgets-3.1.1\build\msw\vc_mswu\xrc\xh_animatctrl.obj
c:\work\avpreserve\software\fadg-adctest-2019\releases\303\lib-src\wxwidgets-3.1.1\build\msw\vc_mswu\xrc\xh_chckl.obj
c:\work\avpreserve\software\fadg-adctest-2019\releases\303\lib-src\wxwidgets-3.1.1\build\msw\vc_mswu\xrc\xh_datectrl.obj
c:\work\avpreserve\software\fadg-adctest-2019\releases\303\lib-src\wxwidgets-3.1.1\build\msw\vc_mswu\xrc\xh_fontpicker.obj
c:\work\avpreserve\software\fadg-adctest-2019\releases\303\lib-src\wxwidgets-3.1.1\build\msw\vc_mswu\xrc\xh_listb.obj
c:\work\avpreserve\software\fadg-adctest-2019\releases\303\lib-src\wxwidgets-3.1.1\build\msw\vc_mswu\xrc\xh_menu.obj
c:\work\avpreserve\software\fadg-adctest-2019\releases\303\lib-src\wxwidgets-3.1.1\build\msw\vc_mswu\xrc\xh_simplebook.obj
c:\work\avpreserve\software\fadg-adctest-2019\releases\303\lib-src\wxwidgets-3.1.1\build\msw\vc_mswu\xrc\xh_stlin.obj
c:\work\avpreserve\software\fadg-adctest-2019\releases\303\lib-src\wxwidgets-3.1.1\build\msw\vc_mswu\xrc\xh_toolbk.obj
c:\work\avpreserve\software\fadg-adctest-2019\releases\303\lib-src\wxwidgets-3.1.1\lib\vc_lib\wxmsw31u_xrc.lib
c:\work\avpreserve\software\fadg-adctest-2019\releases\303\lib-src\wxwidgets-3.1.1\build\msw\..\..\lib\vc_lib\wxmsw31u_xrc.lib
c:\work\avpreserve\software\fadg-adctest-2019\releases\303\lib-src\wxwidgets-3.1.1\build\msw\vc_mswu\xrc\xrc.tlog\cl.command.1.tlog
c:\work\avpreserve\software\fadg-adctest-2019\releases\303\lib-src\wxwidgets-3.1.1\build\msw\vc_mswu\xrc\xrc.tlog\cl.read.1.tlog
c:\work\avpreserve\software\fadg-adctest-2019\releases\303\lib-src\wxwidgets-3.1.1\build\msw\vc_mswu\xrc\xrc.tlog\cl.write.1.tlog
c:\work\avpreserve\software\fadg-adctest-2019\releases\303\lib-src\wxwidgets-3.1.1\build\msw\vc_mswu\xrc\xrc.tlog\lib-link.read.1.tlog
c:\work\avpreserve\software\fadg-adctest-2019\releases\303\lib-src\wxwidgets-3.1.1\build\msw\vc_mswu\xrc\xrc.tlog\lib-link.write.1.tlog
c:\work\avpreserve\software\fadg-adctest-2019\releases\303\lib-src\wxwidgets-3.1.1\build\msw\vc_mswu\xrc\xrc.tlog\lib.command.1.tlog
