c:\users\pl\desktop\current\adctest2018\src\msvc\portaudio-v19\debug\portaudio-v19.pdb
c:\users\pl\desktop\current\adctest2018\src\msvc\portaudio-v19\debug\portaudio-v19.idb
c:\users\pl\desktop\current\adctest2018\src\msvc\portaudio-v19\debug\pa_win_wdmks_utils.obj
c:\users\pl\desktop\current\adctest2018\src\msvc\portaudio-v19\debug\pa_win_waveformat.obj
c:\users\pl\desktop\current\adctest2018\src\msvc\portaudio-v19\debug\pa_win_util.obj
c:\users\pl\desktop\current\adctest2018\src\msvc\portaudio-v19\debug\pa_win_hostapis.obj
c:\users\pl\desktop\current\adctest2018\src\msvc\portaudio-v19\debug\pa_win_coinitialize.obj
c:\users\pl\desktop\current\adctest2018\src\msvc\portaudio-v19\debug\pa_win_wasapi.obj
c:\users\pl\desktop\current\adctest2018\src\msvc\portaudio-v19\debug\pa_win_ds_dynlink.obj
c:\users\pl\desktop\current\adctest2018\src\msvc\portaudio-v19\debug\pa_win_ds.obj
c:\users\pl\desktop\current\adctest2018\src\msvc\portaudio-v19\debug\pa_win_wmme.obj
c:\users\pl\desktop\current\adctest2018\src\msvc\portaudio-v19\debug\pa_win_wdmks.obj
c:\users\pl\desktop\current\adctest2018\src\msvc\portaudio-v19\debug\pa_trace.obj
c:\users\pl\desktop\current\adctest2018\src\msvc\portaudio-v19\debug\pa_stream.obj
c:\users\pl\desktop\current\adctest2018\src\msvc\portaudio-v19\debug\pa_ringbuffer.obj
c:\users\pl\desktop\current\adctest2018\src\msvc\portaudio-v19\debug\pa_process.obj
c:\users\pl\desktop\current\adctest2018\src\msvc\portaudio-v19\debug\pa_front.obj
c:\users\pl\desktop\current\adctest2018\src\msvc\portaudio-v19\debug\pa_dither.obj
c:\users\pl\desktop\current\adctest2018\src\msvc\portaudio-v19\debug\pa_debugprint.obj
c:\users\pl\desktop\current\adctest2018\src\msvc\portaudio-v19\debug\pa_cpuload.obj
c:\users\pl\desktop\current\adctest2018\src\msvc\portaudio-v19\debug\pa_converters.obj
c:\users\pl\desktop\current\adctest2018\src\msvc\portaudio-v19\debug\pa_allocation.obj
c:\users\pl\desktop\current\adctest2018\src\msvc\portaudio-v19\debug\pa_x86_plain_converters.obj
c:\users\pl\desktop\current\adctest2018\src\msvc\portaudio-v19\debug\portaudio-v19.tlog\cl.command.1.tlog
c:\users\pl\desktop\current\adctest2018\src\msvc\portaudio-v19\debug\portaudio-v19.tlog\cl.read.1.tlog
c:\users\pl\desktop\current\adctest2018\src\msvc\portaudio-v19\debug\portaudio-v19.tlog\cl.write.1.tlog
