c:\work\avpreserve\software\fadg-adctest-2019\lib-src\wxwidgets-3.1.1\build\msw\vc_mswud\wxprec_netlib.pch
c:\work\avpreserve\software\fadg-adctest-2019\lib-src\wxwidgets-3.1.1\lib\vc_lib\wxbase31ud_net.pdb
c:\work\avpreserve\software\fadg-adctest-2019\lib-src\wxwidgets-3.1.1\build\msw\vc_mswud\net\dummy.obj
c:\work\avpreserve\software\fadg-adctest-2019\lib-src\wxwidgets-3.1.1\build\msw\vc_mswud\net\fs_inet.obj
c:\work\avpreserve\software\fadg-adctest-2019\lib-src\wxwidgets-3.1.1\build\msw\vc_mswud\net\sckipc.obj
c:\work\avpreserve\software\fadg-adctest-2019\lib-src\wxwidgets-3.1.1\build\msw\vc_mswud\net\http.obj
c:\work\avpreserve\software\fadg-adctest-2019\lib-src\wxwidgets-3.1.1\build\msw\vc_mswud\net\protocol.obj
c:\work\avpreserve\software\fadg-adctest-2019\lib-src\wxwidgets-3.1.1\build\msw\vc_mswud\net\url.obj
c:\work\avpreserve\software\fadg-adctest-2019\lib-src\wxwidgets-3.1.1\build\msw\vc_mswud\net\ftp.obj
c:\work\avpreserve\software\fadg-adctest-2019\lib-src\wxwidgets-3.1.1\build\msw\vc_mswud\net\sckfile.obj
c:\work\avpreserve\software\fadg-adctest-2019\lib-src\wxwidgets-3.1.1\build\msw\vc_mswud\net\urlmsw.obj
c:\work\avpreserve\software\fadg-adctest-2019\lib-src\wxwidgets-3.1.1\build\msw\vc_mswud\net\sckaddr.obj
c:\work\avpreserve\software\fadg-adctest-2019\lib-src\wxwidgets-3.1.1\build\msw\vc_mswud\net\sockmsw.obj
c:\work\avpreserve\software\fadg-adctest-2019\lib-src\wxwidgets-3.1.1\build\msw\vc_mswud\net\sckstrm.obj
c:\work\avpreserve\software\fadg-adctest-2019\lib-src\wxwidgets-3.1.1\build\msw\vc_mswud\net\socket.obj
c:\work\avpreserve\software\fadg-adctest-2019\lib-src\wxwidgets-3.1.1\lib\vc_lib\wxbase31ud_net.lib
c:\work\avpreserve\software\fadg-adctest-2019\releases\302a\lib-src\wxwidgets-3.1.1\build\msw\vc_mswud\net\net.tlog\cl.command.1.tlog
c:\work\avpreserve\software\fadg-adctest-2019\releases\302a\lib-src\wxwidgets-3.1.1\build\msw\vc_mswud\net\net.tlog\cl.read.1.tlog
c:\work\avpreserve\software\fadg-adctest-2019\releases\302a\lib-src\wxwidgets-3.1.1\build\msw\vc_mswud\net\net.tlog\cl.write.1.tlog
c:\work\avpreserve\software\fadg-adctest-2019\releases\302a\lib-src\wxwidgets-3.1.1\build\msw\vc_mswud\net\net.tlog\lib-link.read.1.tlog
c:\work\avpreserve\software\fadg-adctest-2019\releases\302a\lib-src\wxwidgets-3.1.1\build\msw\vc_mswud\net\net.tlog\lib-link.write.1.tlog
c:\work\avpreserve\software\fadg-adctest-2019\releases\302a\lib-src\wxwidgets-3.1.1\build\msw\vc_mswud\net\net.tlog\lib.command.1.tlog
