c:\work\avpreserve\software\fadg-adctest-2019\releases\303\lib-src\wxwidgets-3.1.1\build\msw\vc_mswu\wxjpeg\jcapistd.obj
c:\work\avpreserve\software\fadg-adctest-2019\releases\303\lib-src\wxwidgets-3.1.1\build\msw\vc_mswu\wxjpeg\jcparam.obj
c:\work\avpreserve\software\fadg-adctest-2019\releases\303\lib-src\wxwidgets-3.1.1\build\msw\vc_mswu\wxjpeg\jdarith.obj
c:\work\avpreserve\software\fadg-adctest-2019\releases\303\lib-src\wxwidgets-3.1.1\build\msw\vc_mswu\wxjpeg\jdmarker.obj
c:\work\avpreserve\software\fadg-adctest-2019\releases\303\lib-src\wxwidgets-3.1.1\build\msw\vc_mswu\wxjpeg\jidctint.obj
c:\work\avpreserve\software\fadg-adctest-2019\releases\303\lib-src\wxwidgets-3.1.1\build\msw\vc_mswu\wxjpeg\jcarith.obj
c:\work\avpreserve\software\fadg-adctest-2019\releases\303\lib-src\wxwidgets-3.1.1\build\msw\vc_mswu\wxjpeg\jcmainct.obj
c:\work\avpreserve\software\fadg-adctest-2019\releases\303\lib-src\wxwidgets-3.1.1\build\msw\vc_mswu\wxjpeg\jctrans.obj
c:\work\avpreserve\software\fadg-adctest-2019\releases\303\lib-src\wxwidgets-3.1.1\build\msw\vc_mswu\wxjpeg\jdinput.obj
c:\work\avpreserve\software\fadg-adctest-2019\releases\303\lib-src\wxwidgets-3.1.1\build\msw\vc_mswu\wxjpeg\jfdctint.obj
c:\work\avpreserve\software\fadg-adctest-2019\releases\303\lib-src\wxwidgets-3.1.1\build\msw\vc_mswu\wxjpeg\jchuff.obj
c:\work\avpreserve\software\fadg-adctest-2019\releases\303\lib-src\wxwidgets-3.1.1\build\msw\vc_mswu\wxjpeg\jcprepct.obj
c:\work\avpreserve\software\fadg-adctest-2019\releases\303\lib-src\wxwidgets-3.1.1\build\msw\vc_mswu\wxjpeg\jdhuff.obj
c:\work\avpreserve\software\fadg-adctest-2019\releases\303\lib-src\wxwidgets-3.1.1\build\msw\vc_mswu\wxjpeg\jdtrans.obj
c:\work\avpreserve\software\fadg-adctest-2019\releases\303\lib-src\wxwidgets-3.1.1\build\msw\vc_mswu\wxjpeg\jidctfst.obj
c:\work\avpreserve\software\fadg-adctest-2019\releases\303\lib-src\wxwidgets-3.1.1\build\msw\vc_mswu\wxjpeg\jccolor.obj
c:\work\avpreserve\software\fadg-adctest-2019\releases\303\lib-src\wxwidgets-3.1.1\build\msw\vc_mswu\wxjpeg\jcsample.obj
c:\work\avpreserve\software\fadg-adctest-2019\releases\303\lib-src\wxwidgets-3.1.1\build\msw\vc_mswu\wxjpeg\jdcoefct.obj
c:\work\avpreserve\software\fadg-adctest-2019\releases\303\lib-src\wxwidgets-3.1.1\build\msw\vc_mswu\wxjpeg\jdpostct.obj
c:\work\avpreserve\software\fadg-adctest-2019\releases\303\lib-src\wxwidgets-3.1.1\build\msw\vc_mswu\wxjpeg\jmemnobs.obj
c:\work\avpreserve\software\fadg-adctest-2019\releases\303\lib-src\wxwidgets-3.1.1\build\msw\vc_mswu\wxjpeg\jutils.obj
c:\work\avpreserve\software\fadg-adctest-2019\releases\303\lib-src\wxwidgets-3.1.1\build\msw\vc_mswu\wxjpeg\jaricom.obj
c:\work\avpreserve\software\fadg-adctest-2019\releases\303\lib-src\wxwidgets-3.1.1\build\msw\vc_mswu\wxjpeg\jcinit.obj
c:\work\avpreserve\software\fadg-adctest-2019\releases\303\lib-src\wxwidgets-3.1.1\build\msw\vc_mswu\wxjpeg\jdatasrc.obj
c:\work\avpreserve\software\fadg-adctest-2019\releases\303\lib-src\wxwidgets-3.1.1\build\msw\vc_mswu\wxjpeg\jdmaster.obj
c:\work\avpreserve\software\fadg-adctest-2019\releases\303\lib-src\wxwidgets-3.1.1\build\msw\vc_mswu\wxjpeg\jfdctflt.obj
c:\work\avpreserve\software\fadg-adctest-2019\releases\303\lib-src\wxwidgets-3.1.1\build\msw\vc_mswu\wxjpeg\jquant2.obj
c:\work\avpreserve\software\fadg-adctest-2019\releases\303\lib-src\wxwidgets-3.1.1\build\msw\vc_mswu\wxjpeg\jccoefct.obj
c:\work\avpreserve\software\fadg-adctest-2019\releases\303\lib-src\wxwidgets-3.1.1\build\msw\vc_mswu\wxjpeg\jcmaster.obj
c:\work\avpreserve\software\fadg-adctest-2019\releases\303\lib-src\wxwidgets-3.1.1\build\msw\vc_mswu\wxjpeg\jdcolor.obj
c:\work\avpreserve\software\fadg-adctest-2019\releases\303\lib-src\wxwidgets-3.1.1\build\msw\vc_mswu\wxjpeg\jdmerge.obj
c:\work\avpreserve\software\fadg-adctest-2019\releases\303\lib-src\wxwidgets-3.1.1\build\msw\vc_mswu\wxjpeg\jfdctfst.obj
c:\work\avpreserve\software\fadg-adctest-2019\releases\303\lib-src\wxwidgets-3.1.1\build\msw\vc_mswu\wxjpeg\jcapimin.obj
c:\work\avpreserve\software\fadg-adctest-2019\releases\303\lib-src\wxwidgets-3.1.1\build\msw\vc_mswu\wxjpeg\jcomapi.obj
c:\work\avpreserve\software\fadg-adctest-2019\releases\303\lib-src\wxwidgets-3.1.1\build\msw\vc_mswu\wxjpeg\jdapistd.obj
c:\work\avpreserve\software\fadg-adctest-2019\releases\303\lib-src\wxwidgets-3.1.1\build\msw\vc_mswu\wxjpeg\jdatadst.obj
c:\work\avpreserve\software\fadg-adctest-2019\releases\303\lib-src\wxwidgets-3.1.1\build\msw\vc_mswu\wxjpeg\jdmainct.obj
c:\work\avpreserve\software\fadg-adctest-2019\releases\303\lib-src\wxwidgets-3.1.1\build\msw\vc_mswu\wxjpeg\jerror.obj
c:\work\avpreserve\software\fadg-adctest-2019\releases\303\lib-src\wxwidgets-3.1.1\build\msw\vc_mswu\wxjpeg\jmemmgr.obj
c:\work\avpreserve\software\fadg-adctest-2019\releases\303\lib-src\wxwidgets-3.1.1\build\msw\vc_mswu\wxjpeg\jcdctmgr.obj
c:\work\avpreserve\software\fadg-adctest-2019\releases\303\lib-src\wxwidgets-3.1.1\build\msw\vc_mswu\wxjpeg\jcmarker.obj
c:\work\avpreserve\software\fadg-adctest-2019\releases\303\lib-src\wxwidgets-3.1.1\build\msw\vc_mswu\wxjpeg\jdapimin.obj
c:\work\avpreserve\software\fadg-adctest-2019\releases\303\lib-src\wxwidgets-3.1.1\build\msw\vc_mswu\wxjpeg\jddctmgr.obj
c:\work\avpreserve\software\fadg-adctest-2019\releases\303\lib-src\wxwidgets-3.1.1\build\msw\vc_mswu\wxjpeg\jdsample.obj
c:\work\avpreserve\software\fadg-adctest-2019\releases\303\lib-src\wxwidgets-3.1.1\build\msw\vc_mswu\wxjpeg\jidctflt.obj
c:\work\avpreserve\software\fadg-adctest-2019\releases\303\lib-src\wxwidgets-3.1.1\build\msw\vc_mswu\wxjpeg\jquant1.obj
c:\work\avpreserve\software\fadg-adctest-2019\releases\303\lib-src\wxwidgets-3.1.1\lib\vc_lib\wxjpeg.pdb
c:\work\avpreserve\software\fadg-adctest-2019\releases\303\lib-src\wxwidgets-3.1.1\lib\vc_lib\wxjpeg.lib
c:\work\avpreserve\software\fadg-adctest-2019\releases\303\lib-src\wxwidgets-3.1.1\build\msw\..\..\lib\vc_lib\wxjpeg.lib
c:\work\avpreserve\software\fadg-adctest-2019\releases\303\lib-src\wxwidgets-3.1.1\build\msw\vc_mswu\wxjpeg\wxjpeg.tlog\cl.11464.write.1.tlog
c:\work\avpreserve\software\fadg-adctest-2019\releases\303\lib-src\wxwidgets-3.1.1\build\msw\vc_mswu\wxjpeg\wxjpeg.tlog\cl.command.1.tlog
c:\work\avpreserve\software\fadg-adctest-2019\releases\303\lib-src\wxwidgets-3.1.1\build\msw\vc_mswu\wxjpeg\wxjpeg.tlog\cl.read.1.tlog
c:\work\avpreserve\software\fadg-adctest-2019\releases\303\lib-src\wxwidgets-3.1.1\build\msw\vc_mswu\wxjpeg\wxjpeg.tlog\lib-link.read.1.tlog
c:\work\avpreserve\software\fadg-adctest-2019\releases\303\lib-src\wxwidgets-3.1.1\build\msw\vc_mswu\wxjpeg\wxjpeg.tlog\lib-link.write.1.tlog
c:\work\avpreserve\software\fadg-adctest-2019\releases\303\lib-src\wxwidgets-3.1.1\build\msw\vc_mswu\wxjpeg\wxjpeg.tlog\lib.command.1.tlog
