c:\work\avpreserve\software\fadg-adctest-2019\releases\303\lib-src\wxwidgets-3.1.1\build\msw\vc_mswu\wxzlib\gzread.obj
c:\work\avpreserve\software\fadg-adctest-2019\releases\303\lib-src\wxwidgets-3.1.1\build\msw\vc_mswu\wxzlib\inffast.obj
c:\work\avpreserve\software\fadg-adctest-2019\releases\303\lib-src\wxwidgets-3.1.1\build\msw\vc_mswu\wxzlib\compress.obj
c:\work\avpreserve\software\fadg-adctest-2019\releases\303\lib-src\wxwidgets-3.1.1\build\msw\vc_mswu\wxzlib\infback.obj
c:\work\avpreserve\software\fadg-adctest-2019\releases\303\lib-src\wxwidgets-3.1.1\build\msw\vc_mswu\wxzlib\gzlib.obj
c:\work\avpreserve\software\fadg-adctest-2019\releases\303\lib-src\wxwidgets-3.1.1\build\msw\vc_mswu\wxzlib\gzwrite.obj
c:\work\avpreserve\software\fadg-adctest-2019\releases\303\lib-src\wxwidgets-3.1.1\build\msw\vc_mswu\wxzlib\zutil.obj
c:\work\avpreserve\software\fadg-adctest-2019\releases\303\lib-src\wxwidgets-3.1.1\build\msw\vc_mswu\wxzlib\adler32.obj
c:\work\avpreserve\software\fadg-adctest-2019\releases\303\lib-src\wxwidgets-3.1.1\build\msw\vc_mswu\wxzlib\trees.obj
c:\work\avpreserve\software\fadg-adctest-2019\releases\303\lib-src\wxwidgets-3.1.1\build\msw\vc_mswu\wxzlib\crc32.obj
c:\work\avpreserve\software\fadg-adctest-2019\releases\303\lib-src\wxwidgets-3.1.1\build\msw\vc_mswu\wxzlib\uncompr.obj
c:\work\avpreserve\software\fadg-adctest-2019\releases\303\lib-src\wxwidgets-3.1.1\build\msw\vc_mswu\wxzlib\deflate.obj
c:\work\avpreserve\software\fadg-adctest-2019\releases\303\lib-src\wxwidgets-3.1.1\build\msw\vc_mswu\wxzlib\inftrees.obj
c:\work\avpreserve\software\fadg-adctest-2019\releases\303\lib-src\wxwidgets-3.1.1\build\msw\vc_mswu\wxzlib\gzclose.obj
c:\work\avpreserve\software\fadg-adctest-2019\releases\303\lib-src\wxwidgets-3.1.1\build\msw\vc_mswu\wxzlib\inflate.obj
c:\work\avpreserve\software\fadg-adctest-2019\releases\303\lib-src\wxwidgets-3.1.1\lib\vc_lib\wxzlib.pdb
c:\work\avpreserve\software\fadg-adctest-2019\releases\303\lib-src\wxwidgets-3.1.1\lib\vc_lib\wxzlib.lib
c:\work\avpreserve\software\fadg-adctest-2019\releases\303\lib-src\wxwidgets-3.1.1\build\msw\..\..\lib\vc_lib\wxzlib.lib
c:\work\avpreserve\software\fadg-adctest-2019\releases\303\lib-src\wxwidgets-3.1.1\build\msw\vc_mswu\wxzlib\wxzlib.tlog\cl.13708.write.1.tlog
c:\work\avpreserve\software\fadg-adctest-2019\releases\303\lib-src\wxwidgets-3.1.1\build\msw\vc_mswu\wxzlib\wxzlib.tlog\cl.command.1.tlog
c:\work\avpreserve\software\fadg-adctest-2019\releases\303\lib-src\wxwidgets-3.1.1\build\msw\vc_mswu\wxzlib\wxzlib.tlog\cl.read.1.tlog
c:\work\avpreserve\software\fadg-adctest-2019\releases\303\lib-src\wxwidgets-3.1.1\build\msw\vc_mswu\wxzlib\wxzlib.tlog\lib-link.read.1.tlog
c:\work\avpreserve\software\fadg-adctest-2019\releases\303\lib-src\wxwidgets-3.1.1\build\msw\vc_mswu\wxzlib\wxzlib.tlog\lib-link.write.1.tlog
c:\work\avpreserve\software\fadg-adctest-2019\releases\303\lib-src\wxwidgets-3.1.1\build\msw\vc_mswu\wxzlib\wxzlib.tlog\lib.command.1.tlog
