c:\work\avpreserve\software\fadg-adctest-2019\lib-src\wxwidgets-3.1.1\build\msw\vc_mswud\wxprec_corelib.pch
c:\work\avpreserve\software\fadg-adctest-2019\lib-src\wxwidgets-3.1.1\lib\vc_lib\wxmsw31ud_core.pdb
c:\work\avpreserve\software\fadg-adctest-2019\lib-src\wxwidgets-3.1.1\build\msw\vc_mswud\core\dummy.obj
c:\work\avpreserve\software\fadg-adctest-2019\lib-src\wxwidgets-3.1.1\build\msw\vc_mswud\core\accelcmn.obj
c:\work\avpreserve\software\fadg-adctest-2019\lib-src\wxwidgets-3.1.1\build\msw\vc_mswud\core\bookctrl.obj
c:\work\avpreserve\software\fadg-adctest-2019\lib-src\wxwidgets-3.1.1\build\msw\vc_mswud\core\colourdata.obj
c:\work\avpreserve\software\fadg-adctest-2019\lib-src\wxwidgets-3.1.1\build\msw\vc_mswud\core\dcbase.obj
c:\work\avpreserve\software\fadg-adctest-2019\lib-src\wxwidgets-3.1.1\build\msw\vc_mswud\core\docview.obj
c:\work\avpreserve\software\fadg-adctest-2019\lib-src\wxwidgets-3.1.1\build\msw\vc_mswud\core\imagall.obj
c:\work\avpreserve\software\fadg-adctest-2019\lib-src\wxwidgets-3.1.1\build\msw\vc_mswud\core\imagiff.obj
c:\work\avpreserve\software\fadg-adctest-2019\lib-src\wxwidgets-3.1.1\build\msw\vc_mswud\core\imagpcx.obj
c:\work\avpreserve\software\fadg-adctest-2019\lib-src\wxwidgets-3.1.1\build\msw\vc_mswud\core\listctrlcmn.obj
c:\work\avpreserve\software\fadg-adctest-2019\lib-src\wxwidgets-3.1.1\build\msw\vc_mswud\core\ownerdrwcmn.obj
c:\work\avpreserve\software\fadg-adctest-2019\lib-src\wxwidgets-3.1.1\build\msw\vc_mswud\core\preferencescmn.obj
c:\work\avpreserve\software\fadg-adctest-2019\lib-src\wxwidgets-3.1.1\build\msw\vc_mswud\core\rearrangectrl.obj
c:\work\avpreserve\software\fadg-adctest-2019\lib-src\wxwidgets-3.1.1\build\msw\vc_mswud\core\statbar.obj
c:\work\avpreserve\software\fadg-adctest-2019\lib-src\wxwidgets-3.1.1\build\msw\vc_mswud\core\stattextcmn.obj
c:\work\avpreserve\software\fadg-adctest-2019\lib-src\wxwidgets-3.1.1\build\msw\vc_mswud\core\uiactioncmn.obj
c:\work\avpreserve\software\fadg-adctest-2019\lib-src\wxwidgets-3.1.1\build\msw\vc_mswud\core\valnum.obj
c:\work\avpreserve\software\fadg-adctest-2019\lib-src\wxwidgets-3.1.1\build\msw\vc_mswud\core\preferencesg.obj
c:\work\avpreserve\software\fadg-adctest-2019\lib-src\wxwidgets-3.1.1\build\msw\vc_mswud\core\artmsw.obj
c:\work\avpreserve\software\fadg-adctest-2019\lib-src\wxwidgets-3.1.1\build\msw\vc_mswud\core\bitmap.obj
c:\work\avpreserve\software\fadg-adctest-2019\lib-src\wxwidgets-3.1.1\build\msw\vc_mswud\core\dataobj.obj
c:\work\avpreserve\software\fadg-adctest-2019\lib-src\wxwidgets-3.1.1\build\msw\vc_mswud\core\gdiobj.obj
c:\work\avpreserve\software\fadg-adctest-2019\lib-src\wxwidgets-3.1.1\build\msw\vc_mswud\core\graphics.obj
c:\work\avpreserve\software\fadg-adctest-2019\lib-src\wxwidgets-3.1.1\build\msw\vc_mswud\core\progdlg.obj
c:\work\avpreserve\software\fadg-adctest-2019\lib-src\wxwidgets-3.1.1\build\msw\vc_mswud\core\treectrl.obj
c:\work\avpreserve\software\fadg-adctest-2019\lib-src\wxwidgets-3.1.1\build\msw\vc_mswud\core\fontpickerg.obj
c:\work\avpreserve\software\fadg-adctest-2019\lib-src\wxwidgets-3.1.1\build\msw\vc_mswud\core\infobar.obj
c:\work\avpreserve\software\fadg-adctest-2019\lib-src\wxwidgets-3.1.1\build\msw\vc_mswud\core\numdlgg.obj
c:\work\avpreserve\software\fadg-adctest-2019\lib-src\wxwidgets-3.1.1\build\msw\vc_mswud\core\spinctlg.obj
c:\work\avpreserve\software\fadg-adctest-2019\lib-src\wxwidgets-3.1.1\build\msw\vc_mswud\core\xmlreshandler.obj
c:\work\avpreserve\software\fadg-adctest-2019\lib-src\wxwidgets-3.1.1\build\msw\vc_mswud\core\affinematrix2d.obj
c:\work\avpreserve\software\fadg-adctest-2019\lib-src\wxwidgets-3.1.1\build\msw\vc_mswud\core\bmpbtncmn.obj
c:\work\avpreserve\software\fadg-adctest-2019\lib-src\wxwidgets-3.1.1\build\msw\vc_mswud\core\checklstcmn.obj
c:\work\avpreserve\software\fadg-adctest-2019\lib-src\wxwidgets-3.1.1\build\msw\vc_mswud\core\cmndata.obj
c:\work\avpreserve\software\fadg-adctest-2019\lib-src\wxwidgets-3.1.1\build\msw\vc_mswud\core\dcgraph.obj
c:\work\avpreserve\software\fadg-adctest-2019\lib-src\wxwidgets-3.1.1\build\msw\vc_mswud\core\docmdi.obj
c:\work\avpreserve\software\fadg-adctest-2019\lib-src\wxwidgets-3.1.1\build\msw\vc_mswud\core\fontmap.obj
c:\work\avpreserve\software\fadg-adctest-2019\lib-src\wxwidgets-3.1.1\build\msw\vc_mswud\core\gifdecod.obj
c:\work\avpreserve\software\fadg-adctest-2019\lib-src\wxwidgets-3.1.1\build\msw\vc_mswud\core\imaggif.obj
c:\work\avpreserve\software\fadg-adctest-2019\lib-src\wxwidgets-3.1.1\build\msw\vc_mswud\core\imagtiff.obj
c:\work\avpreserve\software\fadg-adctest-2019\lib-src\wxwidgets-3.1.1\build\msw\vc_mswud\core\mousemanager.obj
c:\work\avpreserve\software\fadg-adctest-2019\lib-src\wxwidgets-3.1.1\build\msw\vc_mswud\core\persist.obj
c:\work\avpreserve\software\fadg-adctest-2019\lib-src\wxwidgets-3.1.1\build\msw\vc_mswud\core\radiocmn.obj
c:\work\avpreserve\software\fadg-adctest-2019\lib-src\wxwidgets-3.1.1\build\msw\vc_mswud\core\slidercmn.obj
c:\work\avpreserve\software\fadg-adctest-2019\lib-src\wxwidgets-3.1.1\build\msw\vc_mswud\core\statboxcmn.obj
c:\work\avpreserve\software\fadg-adctest-2019\lib-src\wxwidgets-3.1.1\build\msw\vc_mswud\core\textentrycmn.obj
c:\work\avpreserve\software\fadg-adctest-2019\lib-src\wxwidgets-3.1.1\build\msw\vc_mswud\core\wincmn.obj
c:\work\avpreserve\software\fadg-adctest-2019\lib-src\wxwidgets-3.1.1\build\msw\vc_mswud\core\brush.obj
c:\work\avpreserve\software\fadg-adctest-2019\lib-src\wxwidgets-3.1.1\build\msw\vc_mswud\core\colour.obj
c:\work\avpreserve\software\fadg-adctest-2019\lib-src\wxwidgets-3.1.1\build\msw\vc_mswud\core\comimpl.obj
c:\work\avpreserve\software\fadg-adctest-2019\lib-src\wxwidgets-3.1.1\build\msw\vc_mswud\core\dib.obj
c:\work\avpreserve\software\fadg-adctest-2019\lib-src\wxwidgets-3.1.1\build\msw\vc_mswud\core\droptgt.obj
c:\work\avpreserve\software\fadg-adctest-2019\lib-src\wxwidgets-3.1.1\build\msw\vc_mswud\core\minifram.obj
c:\work\avpreserve\software\fadg-adctest-2019\lib-src\wxwidgets-3.1.1\build\msw\vc_mswud\core\nonownedwnd.obj
c:\work\avpreserve\software\fadg-adctest-2019\lib-src\wxwidgets-3.1.1\build\msw\vc_mswud\core\spinctrl.obj
c:\work\avpreserve\software\fadg-adctest-2019\lib-src\wxwidgets-3.1.1\build\msw\vc_mswud\core\uxtheme.obj
c:\work\avpreserve\software\fadg-adctest-2019\lib-src\wxwidgets-3.1.1\build\msw\vc_mswud\core\collpaneg.obj
c:\work\avpreserve\software\fadg-adctest-2019\lib-src\wxwidgets-3.1.1\build\msw\vc_mswud\core\filectrlg.obj
c:\work\avpreserve\software\fadg-adctest-2019\lib-src\wxwidgets-3.1.1\build\msw\vc_mswud\core\scrlwing.obj
c:\work\avpreserve\software\fadg-adctest-2019\lib-src\wxwidgets-3.1.1\build\msw\vc_mswud\core\tipwin.obj
c:\work\avpreserve\software\fadg-adctest-2019\lib-src\wxwidgets-3.1.1\build\msw\vc_mswud\core\vscroll.obj
c:\work\avpreserve\software\fadg-adctest-2019\lib-src\wxwidgets-3.1.1\build\msw\vc_mswud\core\accesscmn.obj
c:\work\avpreserve\software\fadg-adctest-2019\lib-src\wxwidgets-3.1.1\build\msw\vc_mswud\core\bmpbase.obj
c:\work\avpreserve\software\fadg-adctest-2019\lib-src\wxwidgets-3.1.1\build\msw\vc_mswud\core\clipcmn.obj
c:\work\avpreserve\software\fadg-adctest-2019\lib-src\wxwidgets-3.1.1\build\msw\vc_mswud\core\containr.obj
c:\work\avpreserve\software\fadg-adctest-2019\lib-src\wxwidgets-3.1.1\build\msw\vc_mswud\core\dcbufcmn.obj
c:\work\avpreserve\software\fadg-adctest-2019\lib-src\wxwidgets-3.1.1\build\msw\vc_mswud\core\dlgcmn.obj
c:\work\avpreserve\software\fadg-adctest-2019\lib-src\wxwidgets-3.1.1\build\msw\vc_mswud\core\fontcmn.obj
c:\work\avpreserve\software\fadg-adctest-2019\lib-src\wxwidgets-3.1.1\build\msw\vc_mswud\core\gdicmn.obj
c:\work\avpreserve\software\fadg-adctest-2019\lib-src\wxwidgets-3.1.1\build\msw\vc_mswud\core\iconbndl.obj
c:\work\avpreserve\software\fadg-adctest-2019\lib-src\wxwidgets-3.1.1\build\msw\vc_mswud\core\imagpnm.obj
c:\work\avpreserve\software\fadg-adctest-2019\lib-src\wxwidgets-3.1.1\build\msw\vc_mswud\core\layout.obj
c:\work\avpreserve\software\fadg-adctest-2019\lib-src\wxwidgets-3.1.1\build\msw\vc_mswud\core\menucmn.obj
c:\work\avpreserve\software\fadg-adctest-2019\lib-src\wxwidgets-3.1.1\build\msw\vc_mswud\core\prntbase.obj
c:\work\avpreserve\software\fadg-adctest-2019\lib-src\wxwidgets-3.1.1\build\msw\vc_mswud\core\toplvcmn.obj
c:\work\avpreserve\software\fadg-adctest-2019\lib-src\wxwidgets-3.1.1\build\msw\vc_mswud\core\valtext.obj
c:\work\avpreserve\software\fadg-adctest-2019\lib-src\wxwidgets-3.1.1\build\msw\vc_mswud\core\access.obj
c:\work\avpreserve\software\fadg-adctest-2019\lib-src\wxwidgets-3.1.1\build\msw\vc_mswud\core\caret.obj
c:\work\avpreserve\software\fadg-adctest-2019\lib-src\wxwidgets-3.1.1\build\msw\vc_mswud\core\data.obj
c:\work\avpreserve\software\fadg-adctest-2019\lib-src\wxwidgets-3.1.1\build\msw\vc_mswud\core\dcclient.obj
c:\work\avpreserve\software\fadg-adctest-2019\lib-src\wxwidgets-3.1.1\build\msw\vc_mswud\core\dcscreen.obj
c:\work\avpreserve\software\fadg-adctest-2019\lib-src\wxwidgets-3.1.1\build\msw\vc_mswud\core\dropsrc.obj
c:\work\avpreserve\software\fadg-adctest-2019\lib-src\wxwidgets-3.1.1\build\msw\vc_mswud\core\evtloop.obj
c:\work\avpreserve\software\fadg-adctest-2019\lib-src\wxwidgets-3.1.1\build\msw\vc_mswud\core\font.obj
c:\work\avpreserve\software\fadg-adctest-2019\lib-src\wxwidgets-3.1.1\build\msw\vc_mswud\core\gdiimage.obj
c:\work\avpreserve\software\fadg-adctest-2019\lib-src\wxwidgets-3.1.1\build\msw\vc_mswud\core\icon.obj
c:\work\avpreserve\software\fadg-adctest-2019\lib-src\wxwidgets-3.1.1\build\msw\vc_mswud\core\mdi.obj
c:\work\avpreserve\software\fadg-adctest-2019\lib-src\wxwidgets-3.1.1\build\msw\vc_mswud\core\ownerdrw.obj
c:\work\avpreserve\software\fadg-adctest-2019\lib-src\wxwidgets-3.1.1\build\msw\vc_mswud\core\printwin.obj
c:\work\avpreserve\software\fadg-adctest-2019\lib-src\wxwidgets-3.1.1\build\msw\vc_mswud\core\taskbarbutton.obj
c:\work\avpreserve\software\fadg-adctest-2019\lib-src\wxwidgets-3.1.1\build\msw\vc_mswud\core\window.obj
c:\work\avpreserve\software\fadg-adctest-2019\lib-src\wxwidgets-3.1.1\build\msw\vc_mswud\core\richmsgdlgg.obj
c:\work\avpreserve\software\fadg-adctest-2019\lib-src\wxwidgets-3.1.1\build\msw\vc_mswud\core\textdlgg.obj
c:\work\avpreserve\software\fadg-adctest-2019\lib-src\wxwidgets-3.1.1\build\msw\vc_mswud\core\utilsrt.obj
c:\work\avpreserve\software\fadg-adctest-2019\lib-src\wxwidgets-3.1.1\build\msw\vc_mswud\core\artprov.obj
c:\work\avpreserve\software\fadg-adctest-2019\lib-src\wxwidgets-3.1.1\build\msw\vc_mswud\core\checkboxcmn.obj
c:\work\avpreserve\software\fadg-adctest-2019\lib-src\wxwidgets-3.1.1\build\msw\vc_mswud\core\colourcmn.obj
c:\work\avpreserve\software\fadg-adctest-2019\lib-src\wxwidgets-3.1.1\build\msw\vc_mswud\core\dcsvg.obj
c:\work\avpreserve\software\fadg-adctest-2019\lib-src\wxwidgets-3.1.1\build\msw\vc_mswud\core\event.obj
c:\work\avpreserve\software\fadg-adctest-2019\lib-src\wxwidgets-3.1.1\build\msw\vc_mswud\core\fontpickercmn.obj
c:\work\avpreserve\software\fadg-adctest-2019\lib-src\wxwidgets-3.1.1\build\msw\vc_mswud\core\graphcmn.obj
c:\work\avpreserve\software\fadg-adctest-2019\lib-src\wxwidgets-3.1.1\build\msw\vc_mswud\core\imagpng.obj
c:\work\avpreserve\software\fadg-adctest-2019\lib-src\wxwidgets-3.1.1\build\msw\vc_mswud\core\markupparser.obj
c:\work\avpreserve\software\fadg-adctest-2019\lib-src\wxwidgets-3.1.1\build\msw\vc_mswud\core\panelcmn.obj
c:\work\avpreserve\software\fadg-adctest-2019\lib-src\wxwidgets-3.1.1\build\msw\vc_mswud\core\quantize.obj
c:\work\avpreserve\software\fadg-adctest-2019\lib-src\wxwidgets-3.1.1\build\msw\vc_mswud\core\scrolbarcmn.obj
c:\work\avpreserve\software\fadg-adctest-2019\lib-src\wxwidgets-3.1.1\build\msw\vc_mswud\core\spinbtncmn.obj
c:\work\avpreserve\software\fadg-adctest-2019\lib-src\wxwidgets-3.1.1\build\msw\vc_mswud\core\statlinecmn.obj
c:\work\avpreserve\software\fadg-adctest-2019\lib-src\wxwidgets-3.1.1\build\msw\vc_mswud\core\textmeasurecmn.obj
c:\work\avpreserve\software\fadg-adctest-2019\lib-src\wxwidgets-3.1.1\build\msw\vc_mswud\core\valgen.obj
c:\work\avpreserve\software\fadg-adctest-2019\lib-src\wxwidgets-3.1.1\build\msw\vc_mswud\core\app.obj
c:\work\avpreserve\software\fadg-adctest-2019\lib-src\wxwidgets-3.1.1\build\msw\vc_mswud\core\colordlg.obj
c:\work\avpreserve\software\fadg-adctest-2019\lib-src\wxwidgets-3.1.1\build\msw\vc_mswud\core\dc.obj
c:\work\avpreserve\software\fadg-adctest-2019\lib-src\wxwidgets-3.1.1\build\msw\vc_mswud\core\dragimag.obj
c:\work\avpreserve\software\fadg-adctest-2019\lib-src\wxwidgets-3.1.1\build\msw\vc_mswud\core\fontdlg.obj
c:\work\avpreserve\software\fadg-adctest-2019\lib-src\wxwidgets-3.1.1\build\msw\vc_mswud\core\fontutil.obj
c:\work\avpreserve\software\fadg-adctest-2019\lib-src\wxwidgets-3.1.1\build\msw\vc_mswud\core\headerctrl.obj
c:\work\avpreserve\software\fadg-adctest-2019\lib-src\wxwidgets-3.1.1\build\msw\vc_mswud\core\menuitem.obj
c:\work\avpreserve\software\fadg-adctest-2019\lib-src\wxwidgets-3.1.1\build\msw\vc_mswud\core\safearray.obj
c:\work\avpreserve\software\fadg-adctest-2019\lib-src\wxwidgets-3.1.1\build\msw\vc_mswud\core\popupwin.obj
c:\work\avpreserve\software\fadg-adctest-2019\lib-src\wxwidgets-3.1.1\build\msw\vc_mswud\core\renderer.obj
c:\work\avpreserve\software\fadg-adctest-2019\lib-src\wxwidgets-3.1.1\build\msw\vc_mswud\core\uiaction.obj
c:\work\avpreserve\software\fadg-adctest-2019\lib-src\wxwidgets-3.1.1\build\msw\vc_mswud\core\uuid.obj
c:\work\avpreserve\software\fadg-adctest-2019\lib-src\wxwidgets-3.1.1\build\msw\vc_mswud\core\choicbkg.obj
c:\work\avpreserve\software\fadg-adctest-2019\lib-src\wxwidgets-3.1.1\build\msw\vc_mswud\core\dirctrlg.obj
c:\work\avpreserve\software\fadg-adctest-2019\lib-src\wxwidgets-3.1.1\build\msw\vc_mswud\core\printps.obj
c:\work\avpreserve\software\fadg-adctest-2019\lib-src\wxwidgets-3.1.1\build\msw\vc_mswud\core\prntdlgg.obj
c:\work\avpreserve\software\fadg-adctest-2019\lib-src\wxwidgets-3.1.1\build\msw\vc_mswud\core\treectlg.obj
c:\work\avpreserve\software\fadg-adctest-2019\lib-src\wxwidgets-3.1.1\build\msw\vc_mswud\core\arttango.obj
c:\work\avpreserve\software\fadg-adctest-2019\lib-src\wxwidgets-3.1.1\build\msw\vc_mswud\core\cshelp.obj
c:\work\avpreserve\software\fadg-adctest-2019\lib-src\wxwidgets-3.1.1\build\msw\vc_mswud\core\dndcmn.obj
c:\work\avpreserve\software\fadg-adctest-2019\lib-src\wxwidgets-3.1.1\build\msw\vc_mswud\core\dseldlg.obj
c:\work\avpreserve\software\fadg-adctest-2019\lib-src\wxwidgets-3.1.1\build\msw\vc_mswud\core\filehistorycmn.obj
c:\work\avpreserve\software\fadg-adctest-2019\lib-src\wxwidgets-3.1.1\build\msw\vc_mswud\core\fontenumcmn.obj
c:\work\avpreserve\software\fadg-adctest-2019\lib-src\wxwidgets-3.1.1\build\msw\vc_mswud\core\fs_mem.obj
c:\work\avpreserve\software\fadg-adctest-2019\lib-src\wxwidgets-3.1.1\build\msw\vc_mswud\core\headerctrlcmn.obj
c:\work\avpreserve\software\fadg-adctest-2019\lib-src\wxwidgets-3.1.1\build\msw\vc_mswud\core\imagtga.obj
c:\work\avpreserve\software\fadg-adctest-2019\lib-src\wxwidgets-3.1.1\build\msw\vc_mswud\core\matrix.obj
c:\work\avpreserve\software\fadg-adctest-2019\lib-src\wxwidgets-3.1.1\build\msw\vc_mswud\core\nbkbase.obj
c:\work\avpreserve\software\fadg-adctest-2019\lib-src\wxwidgets-3.1.1\build\msw\vc_mswud\core\radiobtncmn.obj
c:\work\avpreserve\software\fadg-adctest-2019\lib-src\wxwidgets-3.1.1\build\msw\vc_mswud\core\rgncmn.obj
c:\work\avpreserve\software\fadg-adctest-2019\lib-src\wxwidgets-3.1.1\build\msw\vc_mswud\core\spinctrlcmn.obj
c:\work\avpreserve\software\fadg-adctest-2019\lib-src\wxwidgets-3.1.1\build\msw\vc_mswud\core\textcmn.obj
c:\work\avpreserve\software\fadg-adctest-2019\lib-src\wxwidgets-3.1.1\build\msw\vc_mswud\core\xpmdecod.obj
c:\work\avpreserve\software\fadg-adctest-2019\lib-src\wxwidgets-3.1.1\build\msw\vc_mswud\core\anybutton.obj
c:\work\avpreserve\software\fadg-adctest-2019\lib-src\wxwidgets-3.1.1\build\msw\vc_mswud\core\clipbrd.obj
c:\work\avpreserve\software\fadg-adctest-2019\lib-src\wxwidgets-3.1.1\build\msw\vc_mswud\core\dcmemory.obj
c:\work\avpreserve\software\fadg-adctest-2019\lib-src\wxwidgets-3.1.1\build\msw\vc_mswud\core\dialup.obj
c:\work\avpreserve\software\fadg-adctest-2019\lib-src\wxwidgets-3.1.1\build\msw\vc_mswud\core\filedlg.obj
c:\work\avpreserve\software\fadg-adctest-2019\lib-src\wxwidgets-3.1.1\build\msw\vc_mswud\core\frame.obj
c:\work\avpreserve\software\fadg-adctest-2019\lib-src\wxwidgets-3.1.1\build\msw\vc_mswud\core\imaglist.obj
c:\work\avpreserve\software\fadg-adctest-2019\lib-src\wxwidgets-3.1.1\build\msw\vc_mswud\core\nativdlg.obj
c:\work\avpreserve\software\fadg-adctest-2019\lib-src\wxwidgets-3.1.1\build\msw\vc_mswud\core\palette.obj
c:\work\avpreserve\software\fadg-adctest-2019\lib-src\wxwidgets-3.1.1\build\msw\vc_mswud\core\printdlg.obj
c:\work\avpreserve\software\fadg-adctest-2019\lib-src\wxwidgets-3.1.1\build\msw\vc_mswud\core\textentry.obj
c:\work\avpreserve\software\fadg-adctest-2019\lib-src\wxwidgets-3.1.1\build\msw\vc_mswud\core\busyinfo.obj
c:\work\avpreserve\software\fadg-adctest-2019\lib-src\wxwidgets-3.1.1\build\msw\vc_mswud\core\combog.obj
c:\work\avpreserve\software\fadg-adctest-2019\lib-src\wxwidgets-3.1.1\build\msw\vc_mswud\core\graphicc.obj
c:\work\avpreserve\software\fadg-adctest-2019\lib-src\wxwidgets-3.1.1\build\msw\vc_mswud\core\headerctrlg.obj
c:\work\avpreserve\software\fadg-adctest-2019\lib-src\wxwidgets-3.1.1\build\msw\vc_mswud\core\markuptext.obj
c:\work\avpreserve\software\fadg-adctest-2019\lib-src\wxwidgets-3.1.1\build\msw\vc_mswud\core\selstore.obj
c:\work\avpreserve\software\fadg-adctest-2019\lib-src\wxwidgets-3.1.1\build\msw\vc_mswud\core\splitter.obj
c:\work\avpreserve\software\fadg-adctest-2019\lib-src\wxwidgets-3.1.1\build\msw\vc_mswud\core\vlbox.obj
c:\work\avpreserve\software\fadg-adctest-2019\lib-src\wxwidgets-3.1.1\build\msw\vc_mswud\core\artstd.obj
c:\work\avpreserve\software\fadg-adctest-2019\lib-src\wxwidgets-3.1.1\build\msw\vc_mswud\core\cairo.obj
c:\work\avpreserve\software\fadg-adctest-2019\lib-src\wxwidgets-3.1.1\build\msw\vc_mswud\core\clrpickercmn.obj
c:\work\avpreserve\software\fadg-adctest-2019\lib-src\wxwidgets-3.1.1\build\msw\vc_mswud\core\ctrlcmn.obj
c:\work\avpreserve\software\fadg-adctest-2019\lib-src\wxwidgets-3.1.1\build\msw\vc_mswud\core\dobjcmn.obj
c:\work\avpreserve\software\fadg-adctest-2019\lib-src\wxwidgets-3.1.1\build\msw\vc_mswud\core\effects.obj
c:\work\avpreserve\software\fadg-adctest-2019\lib-src\wxwidgets-3.1.1\build\msw\vc_mswud\core\filectrlcmn.obj
c:\work\avpreserve\software\fadg-adctest-2019\lib-src\wxwidgets-3.1.1\build\msw\vc_mswud\core\fontdata.obj
c:\work\avpreserve\software\fadg-adctest-2019\lib-src\wxwidgets-3.1.1\build\msw\vc_mswud\core\gaugecmn.obj
c:\work\avpreserve\software\fadg-adctest-2019\lib-src\wxwidgets-3.1.1\build\msw\vc_mswud\core\geometry.obj
c:\work\avpreserve\software\fadg-adctest-2019\lib-src\wxwidgets-3.1.1\build\msw\vc_mswud\core\imagbmp.obj
c:\work\avpreserve\software\fadg-adctest-2019\lib-src\wxwidgets-3.1.1\build\msw\vc_mswud\core\lboxcmn.obj
c:\work\avpreserve\software\fadg-adctest-2019\lib-src\wxwidgets-3.1.1\build\msw\vc_mswud\core\modalhook.obj
c:\work\avpreserve\software\fadg-adctest-2019\lib-src\wxwidgets-3.1.1\build\msw\vc_mswud\core\paper.obj
c:\work\avpreserve\software\fadg-adctest-2019\lib-src\wxwidgets-3.1.1\build\msw\vc_mswud\core\settcmn.obj
c:\work\avpreserve\software\fadg-adctest-2019\lib-src\wxwidgets-3.1.1\build\msw\vc_mswud\core\srchcmn.obj
c:\work\avpreserve\software\fadg-adctest-2019\lib-src\wxwidgets-3.1.1\build\msw\vc_mswud\core\stockitem.obj
c:\work\avpreserve\software\fadg-adctest-2019\lib-src\wxwidgets-3.1.1\build\msw\vc_mswud\core\validate.obj
c:\work\avpreserve\software\fadg-adctest-2019\lib-src\wxwidgets-3.1.1\build\msw\vc_mswud\core\windowid.obj
c:\work\avpreserve\software\fadg-adctest-2019\lib-src\wxwidgets-3.1.1\build\msw\vc_mswud\core\activex.obj
c:\work\avpreserve\software\fadg-adctest-2019\lib-src\wxwidgets-3.1.1\build\msw\vc_mswud\core\cursor.obj
c:\work\avpreserve\software\fadg-adctest-2019\lib-src\wxwidgets-3.1.1\build\msw\vc_mswud\core\dcprint.obj
c:\work\avpreserve\software\fadg-adctest-2019\lib-src\wxwidgets-3.1.1\build\msw\vc_mswud\core\display.obj
c:\work\avpreserve\software\fadg-adctest-2019\lib-src\wxwidgets-3.1.1\build\msw\vc_mswud\core\enhmeta.obj
c:\work\avpreserve\software\fadg-adctest-2019\lib-src\wxwidgets-3.1.1\build\msw\vc_mswud\core\fontenum.obj
c:\work\avpreserve\software\fadg-adctest-2019\lib-src\wxwidgets-3.1.1\build\msw\vc_mswud\core\gdiplus.obj
c:\work\avpreserve\software\fadg-adctest-2019\lib-src\wxwidgets-3.1.1\build\msw\vc_mswud\core\settings.obj
c:\work\avpreserve\software\fadg-adctest-2019\lib-src\wxwidgets-3.1.1\build\msw\vc_mswud\core\tooltip.obj
c:\work\avpreserve\software\fadg-adctest-2019\lib-src\wxwidgets-3.1.1\build\msw\vc_mswud\core\utilsgui.obj
c:\work\avpreserve\software\fadg-adctest-2019\lib-src\wxwidgets-3.1.1\build\msw\vc_mswud\core\choicdgg.obj
c:\work\avpreserve\software\fadg-adctest-2019\lib-src\wxwidgets-3.1.1\build\msw\vc_mswud\core\dcpsg.obj
c:\work\avpreserve\software\fadg-adctest-2019\lib-src\wxwidgets-3.1.1\build\msw\vc_mswud\core\filepickerg.obj
c:\work\avpreserve\software\fadg-adctest-2019\lib-src\wxwidgets-3.1.1\build\msw\vc_mswud\core\listbkg.obj
c:\work\avpreserve\software\fadg-adctest-2019\lib-src\wxwidgets-3.1.1\build\msw\vc_mswud\core\progdlgg.obj
c:\work\avpreserve\software\fadg-adctest-2019\lib-src\wxwidgets-3.1.1\build\msw\vc_mswud\core\stattextg.obj
c:\work\avpreserve\software\fadg-adctest-2019\lib-src\wxwidgets-3.1.1\build\msw\vc_mswud\core\toolbkg.obj
c:\work\avpreserve\software\fadg-adctest-2019\lib-src\wxwidgets-3.1.1\build\msw\vc_mswud\core\customdraw.obj
c:\work\avpreserve\software\fadg-adctest-2019\lib-src\wxwidgets-3.1.1\build\msw\vc_mswud\core\appcmn.obj
c:\work\avpreserve\software\fadg-adctest-2019\lib-src\wxwidgets-3.1.1\build\msw\vc_mswud\core\choiccmn.obj
c:\work\avpreserve\software\fadg-adctest-2019\lib-src\wxwidgets-3.1.1\build\msw\vc_mswud\core\combocmn.obj
c:\work\avpreserve\software\fadg-adctest-2019\lib-src\wxwidgets-3.1.1\build\msw\vc_mswud\core\dpycmn.obj
c:\work\avpreserve\software\fadg-adctest-2019\lib-src\wxwidgets-3.1.1\build\msw\vc_mswud\core\filepickercmn.obj
c:\work\avpreserve\software\fadg-adctest-2019\lib-src\wxwidgets-3.1.1\build\msw\vc_mswud\core\framecmn.obj
c:\work\avpreserve\software\fadg-adctest-2019\lib-src\wxwidgets-3.1.1\build\msw\vc_mswud\core\headercolcmn.obj
c:\work\avpreserve\software\fadg-adctest-2019\lib-src\wxwidgets-3.1.1\build\msw\vc_mswud\core\image.obj
c:\work\avpreserve\software\fadg-adctest-2019\lib-src\wxwidgets-3.1.1\build\msw\vc_mswud\core\overlaycmn.obj
c:\work\avpreserve\software\fadg-adctest-2019\lib-src\wxwidgets-3.1.1\build\msw\vc_mswud\core\popupcmn.obj
c:\work\avpreserve\software\fadg-adctest-2019\lib-src\wxwidgets-3.1.1\build\msw\vc_mswud\core\sizer.obj
c:\work\avpreserve\software\fadg-adctest-2019\lib-src\wxwidgets-3.1.1\build\msw\vc_mswud\core\treebase.obj
c:\work\avpreserve\software\fadg-adctest-2019\lib-src\wxwidgets-3.1.1\build\msw\vc_mswud\core\wrapsizer.obj
c:\work\avpreserve\software\fadg-adctest-2019\lib-src\wxwidgets-3.1.1\build\msw\vc_mswud\core\graphicsd2d.obj
c:\work\avpreserve\software\fadg-adctest-2019\lib-src\wxwidgets-3.1.1\build\msw\vc_mswud\core\helpchm.obj
c:\work\avpreserve\software\fadg-adctest-2019\lib-src\wxwidgets-3.1.1\build\msw\vc_mswud\core\main.obj
c:\work\avpreserve\software\fadg-adctest-2019\lib-src\wxwidgets-3.1.1\build\msw\vc_mswud\core\msgdlg.obj
c:\work\avpreserve\software\fadg-adctest-2019\lib-src\wxwidgets-3.1.1\build\msw\vc_mswud\core\pen.obj
c:\work\avpreserve\software\fadg-adctest-2019\lib-src\wxwidgets-3.1.1\build\msw\vc_mswud\core\region.obj
c:\work\avpreserve\software\fadg-adctest-2019\lib-src\wxwidgets-3.1.1\build\msw\vc_mswud\core\statusbar.obj
c:\work\avpreserve\software\fadg-adctest-2019\lib-src\wxwidgets-3.1.1\build\msw\vc_mswud\core\utilswin.obj
c:\work\avpreserve\software\fadg-adctest-2019\lib-src\wxwidgets-3.1.1\build\msw\vc_mswud\core\buttonbar.obj
c:\work\avpreserve\software\fadg-adctest-2019\lib-src\wxwidgets-3.1.1\build\msw\vc_mswud\core\clrpickerg.obj
c:\work\avpreserve\software\fadg-adctest-2019\lib-src\wxwidgets-3.1.1\build\msw\vc_mswud\core\dragimgg.obj
c:\work\avpreserve\software\fadg-adctest-2019\lib-src\wxwidgets-3.1.1\build\msw\vc_mswud\core\logg.obj
c:\work\avpreserve\software\fadg-adctest-2019\lib-src\wxwidgets-3.1.1\build\msw\vc_mswud\core\srchctlg.obj
c:\work\avpreserve\software\fadg-adctest-2019\lib-src\wxwidgets-3.1.1\build\msw\vc_mswud\core\collheaderctrlg.obj
c:\work\avpreserve\software\fadg-adctest-2019\lib-src\wxwidgets-3.1.1\build\msw\vc_mswud\core\anidecod.obj
c:\work\avpreserve\software\fadg-adctest-2019\lib-src\wxwidgets-3.1.1\build\msw\vc_mswud\core\btncmn.obj
c:\work\avpreserve\software\fadg-adctest-2019\lib-src\wxwidgets-3.1.1\build\msw\vc_mswud\core\cmdproc.obj
c:\work\avpreserve\software\fadg-adctest-2019\lib-src\wxwidgets-3.1.1\build\msw\vc_mswud\core\ctrlsub.obj
c:\work\avpreserve\software\fadg-adctest-2019\lib-src\wxwidgets-3.1.1\build\msw\vc_mswud\core\dirctrlcmn.obj
c:\work\avpreserve\software\fadg-adctest-2019\lib-src\wxwidgets-3.1.1\build\msw\vc_mswud\core\fddlgcmn.obj
c:\work\avpreserve\software\fadg-adctest-2019\lib-src\wxwidgets-3.1.1\build\msw\vc_mswud\core\fldlgcmn.obj
c:\work\avpreserve\software\fadg-adctest-2019\lib-src\wxwidgets-3.1.1\build\msw\vc_mswud\core\fontutilcmn.obj
c:\work\avpreserve\software\fadg-adctest-2019\lib-src\wxwidgets-3.1.1\build\msw\vc_mswud\core\gbsizer.obj
c:\work\avpreserve\software\fadg-adctest-2019\lib-src\wxwidgets-3.1.1\build\msw\vc_mswud\core\helpbase.obj
c:\work\avpreserve\software\fadg-adctest-2019\lib-src\wxwidgets-3.1.1\build\msw\vc_mswud\core\imagfill.obj
c:\work\avpreserve\software\fadg-adctest-2019\lib-src\wxwidgets-3.1.1\build\msw\vc_mswud\core\imagjpeg.obj
c:\work\avpreserve\software\fadg-adctest-2019\lib-src\wxwidgets-3.1.1\build\msw\vc_mswud\core\imagxpm.obj
c:\work\avpreserve\software\fadg-adctest-2019\lib-src\wxwidgets-3.1.1\build\msw\vc_mswud\core\msgout.obj
c:\work\avpreserve\software\fadg-adctest-2019\lib-src\wxwidgets-3.1.1\build\msw\vc_mswud\core\pickerbase.obj
c:\work\avpreserve\software\fadg-adctest-2019\lib-src\wxwidgets-3.1.1\build\msw\vc_mswud\core\rendcmn.obj
c:\work\avpreserve\software\fadg-adctest-2019\lib-src\wxwidgets-3.1.1\build\msw\vc_mswud\core\statbmpcmn.obj
c:\work\avpreserve\software\fadg-adctest-2019\lib-src\wxwidgets-3.1.1\build\msw\vc_mswud\core\tbarbase.obj
c:\work\avpreserve\software\fadg-adctest-2019\lib-src\wxwidgets-3.1.1\build\msw\vc_mswud\core\utilscmn.obj
c:\work\avpreserve\software\fadg-adctest-2019\lib-src\wxwidgets-3.1.1\build\msw\vc_mswud\core\appprogress.obj
c:\work\avpreserve\software\fadg-adctest-2019\lib-src\wxwidgets-3.1.1\build\msw\vc_mswud\core\automtn.obj
c:\work\avpreserve\software\fadg-adctest-2019\lib-src\wxwidgets-3.1.1\build\msw\vc_mswud\core\combo.obj
c:\work\avpreserve\software\fadg-adctest-2019\lib-src\wxwidgets-3.1.1\build\msw\vc_mswud\core\dirdlg.obj
c:\work\avpreserve\software\fadg-adctest-2019\lib-src\wxwidgets-3.1.1\build\msw\vc_mswud\core\helpwin.obj
c:\work\avpreserve\software\fadg-adctest-2019\lib-src\wxwidgets-3.1.1\build\msw\vc_mswud\core\iniconf.obj
c:\work\avpreserve\software\fadg-adctest-2019\lib-src\wxwidgets-3.1.1\build\msw\vc_mswud\core\metafile.obj
c:\work\avpreserve\software\fadg-adctest-2019\lib-src\wxwidgets-3.1.1\build\msw\vc_mswud\core\nativewin.obj
c:\work\avpreserve\software\fadg-adctest-2019\lib-src\wxwidgets-3.1.1\build\msw\vc_mswud\core\oleutils.obj
c:\work\avpreserve\software\fadg-adctest-2019\lib-src\wxwidgets-3.1.1\build\msw\vc_mswud\core\richmsgdlg.obj
c:\work\avpreserve\software\fadg-adctest-2019\lib-src\wxwidgets-3.1.1\build\msw\vc_mswud\core\systhemectrl.obj
c:\work\avpreserve\software\fadg-adctest-2019\lib-src\wxwidgets-3.1.1\build\msw\vc_mswud\core\toplevel.obj
c:\work\avpreserve\software\fadg-adctest-2019\lib-src\wxwidgets-3.1.1\build\msw\vc_mswud\core\volume.obj
c:\work\avpreserve\software\fadg-adctest-2019\lib-src\wxwidgets-3.1.1\build\msw\vc_mswud\core\msgdlgg.obj
c:\work\avpreserve\software\fadg-adctest-2019\lib-src\wxwidgets-3.1.1\build\msw\vc_mswud\core\renderg.obj
c:\work\avpreserve\software\fadg-adctest-2019\lib-src\wxwidgets-3.1.1\build\msw\vc_mswud\core\statbmpg.obj
c:\work\avpreserve\software\fadg-adctest-2019\lib-src\wxwidgets-3.1.1\build\msw\vc_mswud\core\treebkg.obj
c:\work\avpreserve\software\fadg-adctest-2019\lib-src\wxwidgets-3.1.1\build\msw\vc_mswud\core\msw_accel.obj
c:\work\avpreserve\software\fadg-adctest-2019\lib-src\wxwidgets-3.1.1\build\msw\vc_mswud\core\msw_bmpbuttn.obj
c:\work\avpreserve\software\fadg-adctest-2019\lib-src\wxwidgets-3.1.1\build\msw\vc_mswud\core\msw_button.obj
c:\work\avpreserve\software\fadg-adctest-2019\lib-src\wxwidgets-3.1.1\build\msw\vc_mswud\core\msw_checkbox.obj
c:\work\avpreserve\software\fadg-adctest-2019\lib-src\wxwidgets-3.1.1\build\msw\vc_mswud\core\msw_checklst.obj
c:\work\avpreserve\software\fadg-adctest-2019\lib-src\wxwidgets-3.1.1\build\msw\vc_mswud\core\msw_choice.obj
c:\work\avpreserve\software\fadg-adctest-2019\lib-src\wxwidgets-3.1.1\build\msw\vc_mswud\core\msw_combobox.obj
c:\work\avpreserve\software\fadg-adctest-2019\lib-src\wxwidgets-3.1.1\build\msw\vc_mswud\core\msw_control.obj
c:\work\avpreserve\software\fadg-adctest-2019\lib-src\wxwidgets-3.1.1\build\msw\vc_mswud\core\msw_dialog.obj
c:\work\avpreserve\software\fadg-adctest-2019\lib-src\wxwidgets-3.1.1\build\msw\vc_mswud\core\msw_fdrepdlg.obj
c:\work\avpreserve\software\fadg-adctest-2019\lib-src\wxwidgets-3.1.1\build\msw\vc_mswud\core\msw_gauge.obj
c:\work\avpreserve\software\fadg-adctest-2019\lib-src\wxwidgets-3.1.1\build\msw\vc_mswud\core\msw_listbox.obj
c:\work\avpreserve\software\fadg-adctest-2019\lib-src\wxwidgets-3.1.1\build\msw\vc_mswud\core\msw_listctrl.obj
c:\work\avpreserve\software\fadg-adctest-2019\lib-src\wxwidgets-3.1.1\build\msw\vc_mswud\core\msw_menu.obj
c:\work\avpreserve\software\fadg-adctest-2019\lib-src\wxwidgets-3.1.1\build\msw\vc_mswud\core\msw_notebook.obj
c:\work\avpreserve\software\fadg-adctest-2019\lib-src\wxwidgets-3.1.1\build\msw\vc_mswud\core\msw_radiobox.obj
c:\work\avpreserve\software\fadg-adctest-2019\lib-src\wxwidgets-3.1.1\build\msw\vc_mswud\core\msw_radiobut.obj
c:\work\avpreserve\software\fadg-adctest-2019\lib-src\wxwidgets-3.1.1\build\msw\vc_mswud\core\msw_scrolbar.obj
c:\work\avpreserve\software\fadg-adctest-2019\lib-src\wxwidgets-3.1.1\build\msw\vc_mswud\core\msw_slider.obj
c:\work\avpreserve\software\fadg-adctest-2019\lib-src\wxwidgets-3.1.1\build\msw\vc_mswud\core\msw_spinbutt.obj
c:\work\avpreserve\software\fadg-adctest-2019\lib-src\wxwidgets-3.1.1\build\msw\vc_mswud\core\msw_statbmp.obj
c:\work\avpreserve\software\fadg-adctest-2019\lib-src\wxwidgets-3.1.1\build\msw\vc_mswud\core\msw_statbox.obj
c:\work\avpreserve\software\fadg-adctest-2019\lib-src\wxwidgets-3.1.1\build\msw\vc_mswud\core\msw_statline.obj
c:\work\avpreserve\software\fadg-adctest-2019\lib-src\wxwidgets-3.1.1\build\msw\vc_mswud\core\msw_stattext.obj
c:\work\avpreserve\software\fadg-adctest-2019\lib-src\wxwidgets-3.1.1\build\msw\vc_mswud\core\msw_textctrl.obj
c:\work\avpreserve\software\fadg-adctest-2019\lib-src\wxwidgets-3.1.1\build\msw\vc_mswud\core\msw_textmeasure.obj
c:\work\avpreserve\software\fadg-adctest-2019\lib-src\wxwidgets-3.1.1\build\msw\vc_mswud\core\msw_tglbtn.obj
c:\work\avpreserve\software\fadg-adctest-2019\lib-src\wxwidgets-3.1.1\build\msw\vc_mswud\core\msw_toolbar.obj
c:\work\avpreserve\software\fadg-adctest-2019\lib-src\wxwidgets-3.1.1\build\msw\vc_mswud\core\generic_statusbr.obj
c:\work\avpreserve\software\fadg-adctest-2019\lib-src\wxwidgets-3.1.1\lib\vc_lib\wxmsw31ud_core.lib
c:\work\avpreserve\software\fadg-adctest-2019\releases\302a\lib-src\wxwidgets-3.1.1\build\msw\vc_mswud\core\core.tlog\cl.command.1.tlog
c:\work\avpreserve\software\fadg-adctest-2019\releases\302a\lib-src\wxwidgets-3.1.1\build\msw\vc_mswud\core\core.tlog\cl.read.1.tlog
c:\work\avpreserve\software\fadg-adctest-2019\releases\302a\lib-src\wxwidgets-3.1.1\build\msw\vc_mswud\core\core.tlog\cl.write.1.tlog
c:\work\avpreserve\software\fadg-adctest-2019\releases\302a\lib-src\wxwidgets-3.1.1\build\msw\vc_mswud\core\core.tlog\lib-link.read.1.tlog
c:\work\avpreserve\software\fadg-adctest-2019\releases\302a\lib-src\wxwidgets-3.1.1\build\msw\vc_mswud\core\core.tlog\lib-link.write.1.tlog
c:\work\avpreserve\software\fadg-adctest-2019\releases\302a\lib-src\wxwidgets-3.1.1\build\msw\vc_mswud\core\core.tlog\lib.command.1.tlog
