c:\work\avpreserve\software\fadg-adctest-2019\releases\303\lib-src\wxwidgets-3.1.1\build\msw\vc_mswu\wxprec_baselib.pch
c:\work\avpreserve\software\fadg-adctest-2019\releases\303\lib-src\wxwidgets-3.1.1\lib\vc_lib\wxbase31u.pdb
c:\work\avpreserve\software\fadg-adctest-2019\releases\303\lib-src\wxwidgets-3.1.1\build\msw\vc_mswu\base\dummy.obj
c:\work\avpreserve\software\fadg-adctest-2019\releases\303\lib-src\wxwidgets-3.1.1\build\msw\vc_mswu\base\arcfind.obj
c:\work\avpreserve\software\fadg-adctest-2019\releases\303\lib-src\wxwidgets-3.1.1\build\msw\vc_mswu\base\config.obj
c:\work\avpreserve\software\fadg-adctest-2019\releases\303\lib-src\wxwidgets-3.1.1\build\msw\vc_mswu\base\event.obj
c:\work\avpreserve\software\fadg-adctest-2019\releases\303\lib-src\wxwidgets-3.1.1\build\msw\vc_mswu\base\filtall.obj
c:\work\avpreserve\software\fadg-adctest-2019\releases\303\lib-src\wxwidgets-3.1.1\build\msw\vc_mswu\base\fmapbase.obj
c:\work\avpreserve\software\fadg-adctest-2019\releases\303\lib-src\wxwidgets-3.1.1\build\msw\vc_mswu\base\hash.obj
c:\work\avpreserve\software\fadg-adctest-2019\releases\303\lib-src\wxwidgets-3.1.1\build\msw\vc_mswu\base\ipcbase.obj
c:\work\avpreserve\software\fadg-adctest-2019\releases\303\lib-src\wxwidgets-3.1.1\build\msw\vc_mswu\base\mimecmn.obj
c:\work\avpreserve\software\fadg-adctest-2019\releases\303\lib-src\wxwidgets-3.1.1\build\msw\vc_mswu\base\process.obj
c:\work\avpreserve\software\fadg-adctest-2019\releases\303\lib-src\wxwidgets-3.1.1\build\msw\vc_mswu\base\strconv.obj
c:\work\avpreserve\software\fadg-adctest-2019\releases\303\lib-src\wxwidgets-3.1.1\build\msw\vc_mswu\base\timerimpl.obj
c:\work\avpreserve\software\fadg-adctest-2019\releases\303\lib-src\wxwidgets-3.1.1\build\msw\vc_mswu\base\unichar.obj
c:\work\avpreserve\software\fadg-adctest-2019\releases\303\lib-src\wxwidgets-3.1.1\build\msw\vc_mswu\base\utilscmn.obj
c:\work\avpreserve\software\fadg-adctest-2019\releases\303\lib-src\wxwidgets-3.1.1\build\msw\vc_mswu\base\zstream.obj
c:\work\avpreserve\software\fadg-adctest-2019\releases\303\lib-src\wxwidgets-3.1.1\build\msw\vc_mswu\base\evtloopconsole.obj
c:\work\avpreserve\software\fadg-adctest-2019\releases\303\lib-src\wxwidgets-3.1.1\build\msw\vc_mswu\base\mimetype.obj
c:\work\avpreserve\software\fadg-adctest-2019\releases\303\lib-src\wxwidgets-3.1.1\build\msw\vc_mswu\base\any.obj
c:\work\avpreserve\software\fadg-adctest-2019\releases\303\lib-src\wxwidgets-3.1.1\build\msw\vc_mswu\base\convauto.obj
c:\work\avpreserve\software\fadg-adctest-2019\releases\303\lib-src\wxwidgets-3.1.1\build\msw\vc_mswu\base\dircmn.obj
c:\work\avpreserve\software\fadg-adctest-2019\releases\303\lib-src\wxwidgets-3.1.1\build\msw\vc_mswu\base\encconv.obj
c:\work\avpreserve\software\fadg-adctest-2019\releases\303\lib-src\wxwidgets-3.1.1\build\msw\vc_mswu\base\filefn.obj
c:\work\avpreserve\software\fadg-adctest-2019\releases\303\lib-src\wxwidgets-3.1.1\build\msw\vc_mswu\base\fs_mem.obj
c:\work\avpreserve\software\fadg-adctest-2019\releases\303\lib-src\wxwidgets-3.1.1\build\msw\vc_mswu\base\hashmap.obj
c:\work\avpreserve\software\fadg-adctest-2019\releases\303\lib-src\wxwidgets-3.1.1\build\msw\vc_mswu\base\intl.obj
c:\work\avpreserve\software\fadg-adctest-2019\releases\303\lib-src\wxwidgets-3.1.1\build\msw\vc_mswu\base\numformatter.obj
c:\work\avpreserve\software\fadg-adctest-2019\releases\303\lib-src\wxwidgets-3.1.1\build\msw\vc_mswu\base\stopwatch.obj
c:\work\avpreserve\software\fadg-adctest-2019\releases\303\lib-src\wxwidgets-3.1.1\build\msw\vc_mswu\base\string.obj
c:\work\avpreserve\software\fadg-adctest-2019\releases\303\lib-src\wxwidgets-3.1.1\build\msw\vc_mswu\base\wfstream.obj
c:\work\avpreserve\software\fadg-adctest-2019\releases\303\lib-src\wxwidgets-3.1.1\build\msw\vc_mswu\base\xti.obj
c:\work\avpreserve\software\fadg-adctest-2019\releases\303\lib-src\wxwidgets-3.1.1\build\msw\vc_mswu\base\dde.obj
c:\work\avpreserve\software\fadg-adctest-2019\releases\303\lib-src\wxwidgets-3.1.1\build\msw\vc_mswu\base\registry.obj
c:\work\avpreserve\software\fadg-adctest-2019\releases\303\lib-src\wxwidgets-3.1.1\build\msw\vc_mswu\base\appbase.obj
c:\work\avpreserve\software\fadg-adctest-2019\releases\303\lib-src\wxwidgets-3.1.1\build\msw\vc_mswu\base\dynarray.obj
c:\work\avpreserve\software\fadg-adctest-2019\releases\303\lib-src\wxwidgets-3.1.1\build\msw\vc_mswu\base\ffile.obj
c:\work\avpreserve\software\fadg-adctest-2019\releases\303\lib-src\wxwidgets-3.1.1\build\msw\vc_mswu\base\filename.obj
c:\work\avpreserve\software\fadg-adctest-2019\releases\303\lib-src\wxwidgets-3.1.1\build\msw\vc_mswu\base\platinfo.obj
c:\work\avpreserve\software\fadg-adctest-2019\releases\303\lib-src\wxwidgets-3.1.1\build\msw\vc_mswu\base\stringops.obj
c:\work\avpreserve\software\fadg-adctest-2019\releases\303\lib-src\wxwidgets-3.1.1\build\msw\vc_mswu\base\textbuf.obj
c:\work\avpreserve\software\fadg-adctest-2019\releases\303\lib-src\wxwidgets-3.1.1\build\msw\vc_mswu\base\txtstrm.obj
c:\work\avpreserve\software\fadg-adctest-2019\releases\303\lib-src\wxwidgets-3.1.1\build\msw\vc_mswu\base\wxcrt.obj
c:\work\avpreserve\software\fadg-adctest-2019\releases\303\lib-src\wxwidgets-3.1.1\build\msw\vc_mswu\base\zipstrm.obj
c:\work\avpreserve\software\fadg-adctest-2019\releases\303\lib-src\wxwidgets-3.1.1\build\msw\vc_mswu\base\stackwalk.obj
c:\work\avpreserve\software\fadg-adctest-2019\releases\303\lib-src\wxwidgets-3.1.1\build\msw\vc_mswu\base\utils.obj
c:\work\avpreserve\software\fadg-adctest-2019\releases\303\lib-src\wxwidgets-3.1.1\build\msw\vc_mswu\base\archive.obj
c:\work\avpreserve\software\fadg-adctest-2019\releases\303\lib-src\wxwidgets-3.1.1\build\msw\vc_mswu\base\datetime.obj
c:\work\avpreserve\software\fadg-adctest-2019\releases\303\lib-src\wxwidgets-3.1.1\build\msw\vc_mswu\base\evtloopcmn.obj
c:\work\avpreserve\software\fadg-adctest-2019\releases\303\lib-src\wxwidgets-3.1.1\build\msw\vc_mswu\base\fileback.obj
c:\work\avpreserve\software\fadg-adctest-2019\releases\303\lib-src\wxwidgets-3.1.1\build\msw\vc_mswu\base\filesys.obj
c:\work\avpreserve\software\fadg-adctest-2019\releases\303\lib-src\wxwidgets-3.1.1\build\msw\vc_mswu\base\languageinfo.obj
c:\work\avpreserve\software\fadg-adctest-2019\releases\303\lib-src\wxwidgets-3.1.1\build\msw\vc_mswu\base\stdpbase.obj
c:\work\avpreserve\software\fadg-adctest-2019\releases\303\lib-src\wxwidgets-3.1.1\build\msw\vc_mswu\base\strvararg.obj
c:\work\avpreserve\software\fadg-adctest-2019\releases\303\lib-src\wxwidgets-3.1.1\build\msw\vc_mswu\base\tokenzr.obj
c:\work\avpreserve\software\fadg-adctest-2019\releases\303\lib-src\wxwidgets-3.1.1\build\msw\vc_mswu\base\variant.obj
c:\work\avpreserve\software\fadg-adctest-2019\releases\303\lib-src\wxwidgets-3.1.1\build\msw\vc_mswu\base\arcall.obj
c:\work\avpreserve\software\fadg-adctest-2019\releases\303\lib-src\wxwidgets-3.1.1\build\msw\vc_mswu\base\cmdline.obj
c:\work\avpreserve\software\fadg-adctest-2019\releases\303\lib-src\wxwidgets-3.1.1\build\msw\vc_mswu\base\log.obj
c:\work\avpreserve\software\fadg-adctest-2019\releases\303\lib-src\wxwidgets-3.1.1\build\msw\vc_mswu\base\mstream.obj
c:\work\avpreserve\software\fadg-adctest-2019\releases\303\lib-src\wxwidgets-3.1.1\build\msw\vc_mswu\base\powercmn.obj
c:\work\avpreserve\software\fadg-adctest-2019\releases\303\lib-src\wxwidgets-3.1.1\build\msw\vc_mswu\base\stdstream.obj
c:\work\avpreserve\software\fadg-adctest-2019\releases\303\lib-src\wxwidgets-3.1.1\build\msw\vc_mswu\base\tarstrm.obj
c:\work\avpreserve\software\fadg-adctest-2019\releases\303\lib-src\wxwidgets-3.1.1\build\msw\vc_mswu\base\debughlp.obj
c:\work\avpreserve\software\fadg-adctest-2019\releases\303\lib-src\wxwidgets-3.1.1\build\msw\vc_mswu\base\power.obj
c:\work\avpreserve\software\fadg-adctest-2019\releases\303\lib-src\wxwidgets-3.1.1\build\msw\vc_mswu\base\stdpaths.obj
c:\work\avpreserve\software\fadg-adctest-2019\releases\303\lib-src\wxwidgets-3.1.1\build\msw\vc_mswu\base\base64.obj
c:\work\avpreserve\software\fadg-adctest-2019\releases\303\lib-src\wxwidgets-3.1.1\build\msw\vc_mswu\base\datetimefmt.obj
c:\work\avpreserve\software\fadg-adctest-2019\releases\303\lib-src\wxwidgets-3.1.1\build\msw\vc_mswu\base\fs_arc.obj
c:\work\avpreserve\software\fadg-adctest-2019\releases\303\lib-src\wxwidgets-3.1.1\build\msw\vc_mswu\base\init.obj
c:\work\avpreserve\software\fadg-adctest-2019\releases\303\lib-src\wxwidgets-3.1.1\build\msw\vc_mswu\base\memory.obj
c:\work\avpreserve\software\fadg-adctest-2019\releases\303\lib-src\wxwidgets-3.1.1\build\msw\vc_mswu\base\module.obj
c:\work\avpreserve\software\fadg-adctest-2019\releases\303\lib-src\wxwidgets-3.1.1\build\msw\vc_mswu\base\regex.obj
c:\work\avpreserve\software\fadg-adctest-2019\releases\303\lib-src\wxwidgets-3.1.1\build\msw\vc_mswu\base\textfile.obj
c:\work\avpreserve\software\fadg-adctest-2019\releases\303\lib-src\wxwidgets-3.1.1\build\msw\vc_mswu\base\uri.obj
c:\work\avpreserve\software\fadg-adctest-2019\releases\303\lib-src\wxwidgets-3.1.1\build\msw\vc_mswu\base\wxprintf.obj
c:\work\avpreserve\software\fadg-adctest-2019\releases\303\lib-src\wxwidgets-3.1.1\build\msw\vc_mswu\base\xtistrm.obj
c:\work\avpreserve\software\fadg-adctest-2019\releases\303\lib-src\wxwidgets-3.1.1\build\msw\vc_mswu\base\crashrpt.obj
c:\work\avpreserve\software\fadg-adctest-2019\releases\303\lib-src\wxwidgets-3.1.1\build\msw\vc_mswu\base\fswatcher.obj
c:\work\avpreserve\software\fadg-adctest-2019\releases\303\lib-src\wxwidgets-3.1.1\build\msw\vc_mswu\base\timer.obj
c:\work\avpreserve\software\fadg-adctest-2019\releases\303\lib-src\wxwidgets-3.1.1\build\msw\vc_mswu\base\volume.obj
c:\work\avpreserve\software\fadg-adctest-2019\releases\303\lib-src\wxwidgets-3.1.1\build\msw\vc_mswu\base\clntdata.obj
c:\work\avpreserve\software\fadg-adctest-2019\releases\303\lib-src\wxwidgets-3.1.1\build\msw\vc_mswu\base\datstrm.obj
c:\work\avpreserve\software\fadg-adctest-2019\releases\303\lib-src\wxwidgets-3.1.1\build\msw\vc_mswu\base\dynlib.obj
c:\work\avpreserve\software\fadg-adctest-2019\releases\303\lib-src\wxwidgets-3.1.1\build\msw\vc_mswu\base\file.obj
c:\work\avpreserve\software\fadg-adctest-2019\releases\303\lib-src\wxwidgets-3.1.1\build\msw\vc_mswu\base\filtfind.obj
c:\work\avpreserve\software\fadg-adctest-2019\releases\303\lib-src\wxwidgets-3.1.1\build\msw\vc_mswu\base\fs_filter.obj
c:\work\avpreserve\software\fadg-adctest-2019\releases\303\lib-src\wxwidgets-3.1.1\build\msw\vc_mswu\base\fswatchercmn.obj
c:\work\avpreserve\software\fadg-adctest-2019\releases\303\lib-src\wxwidgets-3.1.1\build\msw\vc_mswu\base\list.obj
c:\work\avpreserve\software\fadg-adctest-2019\releases\303\lib-src\wxwidgets-3.1.1\build\msw\vc_mswu\base\longlong.obj
c:\work\avpreserve\software\fadg-adctest-2019\releases\303\lib-src\wxwidgets-3.1.1\build\msw\vc_mswu\base\msgout.obj
c:\work\avpreserve\software\fadg-adctest-2019\releases\303\lib-src\wxwidgets-3.1.1\build\msw\vc_mswu\base\object.obj
c:\work\avpreserve\software\fadg-adctest-2019\releases\303\lib-src\wxwidgets-3.1.1\build\msw\vc_mswu\base\stream.obj
c:\work\avpreserve\software\fadg-adctest-2019\releases\303\lib-src\wxwidgets-3.1.1\build\msw\vc_mswu\base\time.obj
c:\work\avpreserve\software\fadg-adctest-2019\releases\303\lib-src\wxwidgets-3.1.1\build\msw\vc_mswu\base\ustring.obj
c:\work\avpreserve\software\fadg-adctest-2019\releases\303\lib-src\wxwidgets-3.1.1\build\msw\vc_mswu\base\xlocale.obj
c:\work\avpreserve\software\fadg-adctest-2019\releases\303\lib-src\wxwidgets-3.1.1\build\msw\vc_mswu\base\basemsw.obj
c:\work\avpreserve\software\fadg-adctest-2019\releases\303\lib-src\wxwidgets-3.1.1\build\msw\vc_mswu\base\dir.obj
c:\work\avpreserve\software\fadg-adctest-2019\releases\303\lib-src\wxwidgets-3.1.1\build\msw\vc_mswu\base\main.obj
c:\work\avpreserve\software\fadg-adctest-2019\releases\303\lib-src\wxwidgets-3.1.1\build\msw\vc_mswu\base\snglinst.obj
c:\work\avpreserve\software\fadg-adctest-2019\releases\303\lib-src\wxwidgets-3.1.1\build\msw\vc_mswu\base\thread.obj
c:\work\avpreserve\software\fadg-adctest-2019\releases\303\lib-src\wxwidgets-3.1.1\build\msw\vc_mswu\base\fswatcherg.obj
c:\work\avpreserve\software\fadg-adctest-2019\releases\303\lib-src\wxwidgets-3.1.1\build\msw\vc_mswu\base\arrstr.obj
c:\work\avpreserve\software\fadg-adctest-2019\releases\303\lib-src\wxwidgets-3.1.1\build\msw\vc_mswu\base\dynload.obj
c:\work\avpreserve\software\fadg-adctest-2019\releases\303\lib-src\wxwidgets-3.1.1\build\msw\vc_mswu\base\fileconf.obj
c:\work\avpreserve\software\fadg-adctest-2019\releases\303\lib-src\wxwidgets-3.1.1\build\msw\vc_mswu\base\sstream.obj
c:\work\avpreserve\software\fadg-adctest-2019\releases\303\lib-src\wxwidgets-3.1.1\build\msw\vc_mswu\base\stringimpl.obj
c:\work\avpreserve\software\fadg-adctest-2019\releases\303\lib-src\wxwidgets-3.1.1\build\msw\vc_mswu\base\sysopt.obj
c:\work\avpreserve\software\fadg-adctest-2019\releases\303\lib-src\wxwidgets-3.1.1\build\msw\vc_mswu\base\threadinfo.obj
c:\work\avpreserve\software\fadg-adctest-2019\releases\303\lib-src\wxwidgets-3.1.1\build\msw\vc_mswu\base\timercmn.obj
c:\work\avpreserve\software\fadg-adctest-2019\releases\303\lib-src\wxwidgets-3.1.1\build\msw\vc_mswu\base\translation.obj
c:\work\avpreserve\software\fadg-adctest-2019\releases\303\lib-src\wxwidgets-3.1.1\build\msw\vc_mswu\base\dlmsw.obj
c:\work\avpreserve\software\fadg-adctest-2019\releases\303\lib-src\wxwidgets-3.1.1\build\msw\vc_mswu\base\regconf.obj
c:\work\avpreserve\software\fadg-adctest-2019\releases\303\lib-src\wxwidgets-3.1.1\build\msw\vc_mswu\base\utilsexc.obj
c:\work\avpreserve\software\fadg-adctest-2019\releases\303\lib-src\wxwidgets-3.1.1\build\msw\vc_mswu\base\extended.obj
c:\work\avpreserve\software\fadg-adctest-2019\releases\303\lib-src\wxwidgets-3.1.1\build\msw\vc_mswu\base\msw_secretstore.obj
c:\work\avpreserve\software\fadg-adctest-2019\releases\303\lib-src\wxwidgets-3.1.1\build\msw\vc_mswu\base\common_secretstore.obj
c:\work\avpreserve\software\fadg-adctest-2019\releases\303\lib-src\wxwidgets-3.1.1\lib\vc_lib\wxbase31u.lib
c:\work\avpreserve\software\fadg-adctest-2019\releases\303\lib-src\wxwidgets-3.1.1\build\msw\..\..\lib\vc_lib\wxbase31u.lib
c:\work\avpreserve\software\fadg-adctest-2019\releases\303\lib-src\wxwidgets-3.1.1\build\msw\vc_mswu\base\base.tlog\cl.command.1.tlog
c:\work\avpreserve\software\fadg-adctest-2019\releases\303\lib-src\wxwidgets-3.1.1\build\msw\vc_mswu\base\base.tlog\cl.read.1.tlog
c:\work\avpreserve\software\fadg-adctest-2019\releases\303\lib-src\wxwidgets-3.1.1\build\msw\vc_mswu\base\base.tlog\cl.write.1.tlog
c:\work\avpreserve\software\fadg-adctest-2019\releases\303\lib-src\wxwidgets-3.1.1\build\msw\vc_mswu\base\base.tlog\lib-link.read.1.tlog
c:\work\avpreserve\software\fadg-adctest-2019\releases\303\lib-src\wxwidgets-3.1.1\build\msw\vc_mswu\base\base.tlog\lib-link.write.1.tlog
c:\work\avpreserve\software\fadg-adctest-2019\releases\303\lib-src\wxwidgets-3.1.1\build\msw\vc_mswu\base\base.tlog\lib.command.1.tlog
