c:\work\avpreserve\software\fadg-adctest-2019\releases\303\lib-src\wxwidgets-3.1.1\build\msw\vc_mswu\wxprec_ribbonlib.pch
c:\work\avpreserve\software\fadg-adctest-2019\releases\303\lib-src\wxwidgets-3.1.1\lib\vc_lib\wxmsw31u_ribbon.pdb
c:\work\avpreserve\software\fadg-adctest-2019\releases\303\lib-src\wxwidgets-3.1.1\build\msw\vc_mswu\ribbon\dummy.obj
c:\work\avpreserve\software\fadg-adctest-2019\releases\303\lib-src\wxwidgets-3.1.1\build\msw\vc_mswu\ribbon\control.obj
c:\work\avpreserve\software\fadg-adctest-2019\releases\303\lib-src\wxwidgets-3.1.1\build\msw\vc_mswu\ribbon\xh_ribbon.obj
c:\work\avpreserve\software\fadg-adctest-2019\releases\303\lib-src\wxwidgets-3.1.1\build\msw\vc_mswu\ribbon\bar.obj
c:\work\avpreserve\software\fadg-adctest-2019\releases\303\lib-src\wxwidgets-3.1.1\build\msw\vc_mswu\ribbon\page.obj
c:\work\avpreserve\software\fadg-adctest-2019\releases\303\lib-src\wxwidgets-3.1.1\build\msw\vc_mswu\ribbon\buttonbar.obj
c:\work\avpreserve\software\fadg-adctest-2019\releases\303\lib-src\wxwidgets-3.1.1\build\msw\vc_mswu\ribbon\art_msw.obj
c:\work\avpreserve\software\fadg-adctest-2019\releases\303\lib-src\wxwidgets-3.1.1\build\msw\vc_mswu\ribbon\gallery.obj
c:\work\avpreserve\software\fadg-adctest-2019\releases\303\lib-src\wxwidgets-3.1.1\build\msw\vc_mswu\ribbon\art_aui.obj
c:\work\avpreserve\software\fadg-adctest-2019\releases\303\lib-src\wxwidgets-3.1.1\build\msw\vc_mswu\ribbon\toolbar.obj
c:\work\avpreserve\software\fadg-adctest-2019\releases\303\lib-src\wxwidgets-3.1.1\build\msw\vc_mswu\ribbon\art_internal.obj
c:\work\avpreserve\software\fadg-adctest-2019\releases\303\lib-src\wxwidgets-3.1.1\build\msw\vc_mswu\ribbon\panel.obj
c:\work\avpreserve\software\fadg-adctest-2019\releases\303\lib-src\wxwidgets-3.1.1\lib\vc_lib\wxmsw31u_ribbon.lib
c:\work\avpreserve\software\fadg-adctest-2019\releases\303\lib-src\wxwidgets-3.1.1\build\msw\..\..\lib\vc_lib\wxmsw31u_ribbon.lib
c:\work\avpreserve\software\fadg-adctest-2019\releases\303\lib-src\wxwidgets-3.1.1\build\msw\vc_mswu\ribbon\ribbon.tlog\cl.command.1.tlog
c:\work\avpreserve\software\fadg-adctest-2019\releases\303\lib-src\wxwidgets-3.1.1\build\msw\vc_mswu\ribbon\ribbon.tlog\cl.read.1.tlog
c:\work\avpreserve\software\fadg-adctest-2019\releases\303\lib-src\wxwidgets-3.1.1\build\msw\vc_mswu\ribbon\ribbon.tlog\cl.write.1.tlog
c:\work\avpreserve\software\fadg-adctest-2019\releases\303\lib-src\wxwidgets-3.1.1\build\msw\vc_mswu\ribbon\ribbon.tlog\lib-link.read.1.tlog
c:\work\avpreserve\software\fadg-adctest-2019\releases\303\lib-src\wxwidgets-3.1.1\build\msw\vc_mswu\ribbon\ribbon.tlog\lib-link.write.1.tlog
c:\work\avpreserve\software\fadg-adctest-2019\releases\303\lib-src\wxwidgets-3.1.1\build\msw\vc_mswu\ribbon\ribbon.tlog\lib.command.1.tlog
