c:\users\pl\desktop\current\adctest2018\lib-src\wxwidgets-3.1.1\build\msw\vc_mswu\wxprec_auilib.pch
c:\users\pl\desktop\current\adctest2018\lib-src\wxwidgets-3.1.1\lib\vc_lib\wxmsw31u_aui.pdb
c:\users\pl\desktop\current\adctest2018\lib-src\wxwidgets-3.1.1\build\msw\vc_mswu\aui\dummy.obj
c:\users\pl\desktop\current\adctest2018\lib-src\wxwidgets-3.1.1\build\msw\vc_mswu\aui\floatpane.obj
c:\users\pl\desktop\current\adctest2018\lib-src\wxwidgets-3.1.1\build\msw\vc_mswu\aui\framemanager.obj
c:\users\pl\desktop\current\adctest2018\lib-src\wxwidgets-3.1.1\build\msw\vc_mswu\aui\auibar.obj
c:\users\pl\desktop\current\adctest2018\lib-src\wxwidgets-3.1.1\build\msw\vc_mswu\aui\tabmdi.obj
c:\users\pl\desktop\current\adctest2018\lib-src\wxwidgets-3.1.1\build\msw\vc_mswu\aui\barartmsw.obj
c:\users\pl\desktop\current\adctest2018\lib-src\wxwidgets-3.1.1\build\msw\vc_mswu\aui\dockart.obj
c:\users\pl\desktop\current\adctest2018\lib-src\wxwidgets-3.1.1\build\msw\vc_mswu\aui\tabart.obj
c:\users\pl\desktop\current\adctest2018\lib-src\wxwidgets-3.1.1\build\msw\vc_mswu\aui\tabartmsw.obj
c:\users\pl\desktop\current\adctest2018\lib-src\wxwidgets-3.1.1\build\msw\vc_mswu\aui\auibook.obj
c:\users\pl\desktop\current\adctest2018\lib-src\wxwidgets-3.1.1\build\msw\vc_mswu\aui\xh_auitoolb.obj
c:\users\pl\desktop\current\adctest2018\lib-src\wxwidgets-3.1.1\build\msw\vc_mswu\aui\xh_aui.obj
c:\users\pl\desktop\current\adctest2018\lib-src\wxwidgets-3.1.1\lib\vc_lib\wxmsw31u_aui.lib
c:\users\pl\desktop\current\adctest2018\lib-src\wxwidgets-3.1.1\build\msw\..\..\lib\vc_lib\wxmsw31u_aui.lib
c:\users\pl\desktop\current\adctest2018\lib-src\wxwidgets-3.1.1\build\msw\vc_mswu\aui\aui.tlog\cl.command.1.tlog
c:\users\pl\desktop\current\adctest2018\lib-src\wxwidgets-3.1.1\build\msw\vc_mswu\aui\aui.tlog\cl.read.1.tlog
c:\users\pl\desktop\current\adctest2018\lib-src\wxwidgets-3.1.1\build\msw\vc_mswu\aui\aui.tlog\cl.write.1.tlog
c:\users\pl\desktop\current\adctest2018\lib-src\wxwidgets-3.1.1\build\msw\vc_mswu\aui\aui.tlog\lib-link.read.1.tlog
c:\users\pl\desktop\current\adctest2018\lib-src\wxwidgets-3.1.1\build\msw\vc_mswu\aui\aui.tlog\lib-link.write.1.tlog
c:\users\pl\desktop\current\adctest2018\lib-src\wxwidgets-3.1.1\build\msw\vc_mswu\aui\aui.tlog\lib.command.1.tlog
