c:\work\avpreserve\software\fadg-adctest-2019\lib-src\wxwidgets-3.1.1\build\msw\vc_mswud\wxjpeg\jcarith.obj
c:\work\avpreserve\software\fadg-adctest-2019\lib-src\wxwidgets-3.1.1\build\msw\vc_mswud\wxjpeg\jcmarker.obj
c:\work\avpreserve\software\fadg-adctest-2019\lib-src\wxwidgets-3.1.1\build\msw\vc_mswud\wxjpeg\jdapistd.obj
c:\work\avpreserve\software\fadg-adctest-2019\lib-src\wxwidgets-3.1.1\build\msw\vc_mswud\wxjpeg\jdinput.obj
c:\work\avpreserve\software\fadg-adctest-2019\lib-src\wxwidgets-3.1.1\build\msw\vc_mswud\wxjpeg\jerror.obj
c:\work\avpreserve\software\fadg-adctest-2019\lib-src\wxwidgets-3.1.1\build\msw\vc_mswud\wxjpeg\jmemnobs.obj
c:\work\avpreserve\software\fadg-adctest-2019\lib-src\wxwidgets-3.1.1\build\msw\vc_mswud\wxjpeg\jaricom.obj
c:\work\avpreserve\software\fadg-adctest-2019\lib-src\wxwidgets-3.1.1\build\msw\vc_mswud\wxjpeg\jcinit.obj
c:\work\avpreserve\software\fadg-adctest-2019\lib-src\wxwidgets-3.1.1\build\msw\vc_mswud\wxjpeg\jdapimin.obj
c:\work\avpreserve\software\fadg-adctest-2019\lib-src\wxwidgets-3.1.1\build\msw\vc_mswud\wxjpeg\jdmerge.obj
c:\work\avpreserve\software\fadg-adctest-2019\lib-src\wxwidgets-3.1.1\build\msw\vc_mswud\wxjpeg\jidctflt.obj
c:\work\avpreserve\software\fadg-adctest-2019\lib-src\wxwidgets-3.1.1\build\msw\vc_mswud\wxjpeg\jccoefct.obj
c:\work\avpreserve\software\fadg-adctest-2019\lib-src\wxwidgets-3.1.1\build\msw\vc_mswud\wxjpeg\jcprepct.obj
c:\work\avpreserve\software\fadg-adctest-2019\lib-src\wxwidgets-3.1.1\build\msw\vc_mswud\wxjpeg\jdcoefct.obj
c:\work\avpreserve\software\fadg-adctest-2019\lib-src\wxwidgets-3.1.1\build\msw\vc_mswud\wxjpeg\jdmainct.obj
c:\work\avpreserve\software\fadg-adctest-2019\lib-src\wxwidgets-3.1.1\build\msw\vc_mswud\wxjpeg\jfdctfst.obj
c:\work\avpreserve\software\fadg-adctest-2019\lib-src\wxwidgets-3.1.1\build\msw\vc_mswud\wxjpeg\jquant2.obj
c:\work\avpreserve\software\fadg-adctest-2019\lib-src\wxwidgets-3.1.1\build\msw\vc_mswud\wxjpeg\jcapimin.obj
c:\work\avpreserve\software\fadg-adctest-2019\lib-src\wxwidgets-3.1.1\build\msw\vc_mswud\wxjpeg\jcmainct.obj
c:\work\avpreserve\software\fadg-adctest-2019\lib-src\wxwidgets-3.1.1\build\msw\vc_mswud\wxjpeg\jctrans.obj
c:\work\avpreserve\software\fadg-adctest-2019\lib-src\wxwidgets-3.1.1\build\msw\vc_mswud\wxjpeg\jddctmgr.obj
c:\work\avpreserve\software\fadg-adctest-2019\lib-src\wxwidgets-3.1.1\build\msw\vc_mswud\wxjpeg\jdpostct.obj
c:\work\avpreserve\software\fadg-adctest-2019\lib-src\wxwidgets-3.1.1\build\msw\vc_mswud\wxjpeg\jfdctint.obj
c:\work\avpreserve\software\fadg-adctest-2019\lib-src\wxwidgets-3.1.1\build\msw\vc_mswud\wxjpeg\jutils.obj
c:\work\avpreserve\software\fadg-adctest-2019\lib-src\wxwidgets-3.1.1\build\msw\vc_mswud\wxjpeg\jchuff.obj
c:\work\avpreserve\software\fadg-adctest-2019\lib-src\wxwidgets-3.1.1\build\msw\vc_mswud\wxjpeg\jcomapi.obj
c:\work\avpreserve\software\fadg-adctest-2019\lib-src\wxwidgets-3.1.1\build\msw\vc_mswud\wxjpeg\jdarith.obj
c:\work\avpreserve\software\fadg-adctest-2019\lib-src\wxwidgets-3.1.1\build\msw\vc_mswud\wxjpeg\jdmarker.obj
c:\work\avpreserve\software\fadg-adctest-2019\lib-src\wxwidgets-3.1.1\build\msw\vc_mswud\wxjpeg\jidctfst.obj
c:\work\avpreserve\software\fadg-adctest-2019\lib-src\wxwidgets-3.1.1\build\msw\vc_mswud\wxjpeg\jccolor.obj
c:\work\avpreserve\software\fadg-adctest-2019\lib-src\wxwidgets-3.1.1\build\msw\vc_mswud\wxjpeg\jcmaster.obj
c:\work\avpreserve\software\fadg-adctest-2019\lib-src\wxwidgets-3.1.1\build\msw\vc_mswud\wxjpeg\jdatasrc.obj
c:\work\avpreserve\software\fadg-adctest-2019\lib-src\wxwidgets-3.1.1\build\msw\vc_mswud\wxjpeg\jdmaster.obj
c:\work\avpreserve\software\fadg-adctest-2019\lib-src\wxwidgets-3.1.1\build\msw\vc_mswud\wxjpeg\jfdctflt.obj
c:\work\avpreserve\software\fadg-adctest-2019\lib-src\wxwidgets-3.1.1\build\msw\vc_mswud\wxjpeg\jquant1.obj
c:\work\avpreserve\software\fadg-adctest-2019\lib-src\wxwidgets-3.1.1\build\msw\vc_mswud\wxjpeg\jcapistd.obj
c:\work\avpreserve\software\fadg-adctest-2019\lib-src\wxwidgets-3.1.1\build\msw\vc_mswud\wxjpeg\jcparam.obj
c:\work\avpreserve\software\fadg-adctest-2019\lib-src\wxwidgets-3.1.1\build\msw\vc_mswud\wxjpeg\jdatadst.obj
c:\work\avpreserve\software\fadg-adctest-2019\lib-src\wxwidgets-3.1.1\build\msw\vc_mswud\wxjpeg\jdhuff.obj
c:\work\avpreserve\software\fadg-adctest-2019\lib-src\wxwidgets-3.1.1\build\msw\vc_mswud\wxjpeg\jdtrans.obj
c:\work\avpreserve\software\fadg-adctest-2019\lib-src\wxwidgets-3.1.1\build\msw\vc_mswud\wxjpeg\jmemmgr.obj
c:\work\avpreserve\software\fadg-adctest-2019\lib-src\wxwidgets-3.1.1\build\msw\vc_mswud\wxjpeg\jcdctmgr.obj
c:\work\avpreserve\software\fadg-adctest-2019\lib-src\wxwidgets-3.1.1\build\msw\vc_mswud\wxjpeg\jcsample.obj
c:\work\avpreserve\software\fadg-adctest-2019\lib-src\wxwidgets-3.1.1\build\msw\vc_mswud\wxjpeg\jdcolor.obj
c:\work\avpreserve\software\fadg-adctest-2019\lib-src\wxwidgets-3.1.1\build\msw\vc_mswud\wxjpeg\jdsample.obj
c:\work\avpreserve\software\fadg-adctest-2019\lib-src\wxwidgets-3.1.1\build\msw\vc_mswud\wxjpeg\jidctint.obj
c:\work\avpreserve\software\fadg-adctest-2019\lib-src\wxwidgets-3.1.1\lib\vc_lib\wxjpegd.pdb
c:\work\avpreserve\software\fadg-adctest-2019\lib-src\wxwidgets-3.1.1\lib\vc_lib\wxjpegd.lib
c:\work\avpreserve\software\fadg-adctest-2019\releases\302a\lib-src\wxwidgets-3.1.1\build\msw\vc_mswud\wxjpeg\wxjpeg.tlog\cl.12088.write.1.tlog
c:\work\avpreserve\software\fadg-adctest-2019\releases\302a\lib-src\wxwidgets-3.1.1\build\msw\vc_mswud\wxjpeg\wxjpeg.tlog\cl.command.1.tlog
c:\work\avpreserve\software\fadg-adctest-2019\releases\302a\lib-src\wxwidgets-3.1.1\build\msw\vc_mswud\wxjpeg\wxjpeg.tlog\cl.read.1.tlog
c:\work\avpreserve\software\fadg-adctest-2019\releases\302a\lib-src\wxwidgets-3.1.1\build\msw\vc_mswud\wxjpeg\wxjpeg.tlog\lib-link.read.1.tlog
c:\work\avpreserve\software\fadg-adctest-2019\releases\302a\lib-src\wxwidgets-3.1.1\build\msw\vc_mswud\wxjpeg\wxjpeg.tlog\lib-link.write.1.tlog
c:\work\avpreserve\software\fadg-adctest-2019\releases\302a\lib-src\wxwidgets-3.1.1\build\msw\vc_mswud\wxjpeg\wxjpeg.tlog\lib.command.1.tlog
