c:\users\pl\desktop\current\adctest2018\lib-src\wxwidgets-3.1.1\build\msw\vc_mswu\wxscintilla\charactercategory.obj
c:\users\pl\desktop\current\adctest2018\lib-src\wxwidgets-3.1.1\build\msw\vc_mswu\wxscintilla\casefolder.obj
c:\users\pl\desktop\current\adctest2018\lib-src\wxwidgets-3.1.1\build\msw\vc_mswu\wxscintilla\catalogue.obj
c:\users\pl\desktop\current\adctest2018\lib-src\wxwidgets-3.1.1\build\msw\vc_mswu\wxscintilla\document.obj
c:\users\pl\desktop\current\adctest2018\lib-src\wxwidgets-3.1.1\build\msw\vc_mswu\wxscintilla\externallexer.obj
c:\users\pl\desktop\current\adctest2018\lib-src\wxwidgets-3.1.1\build\msw\vc_mswu\wxscintilla\lexapdl.obj
c:\users\pl\desktop\current\adctest2018\lib-src\wxwidgets-3.1.1\build\msw\vc_mswu\wxscintilla\lexave.obj
c:\users\pl\desktop\current\adctest2018\lib-src\wxwidgets-3.1.1\build\msw\vc_mswu\wxscintilla\lexabaqus.obj
c:\users\pl\desktop\current\adctest2018\lib-src\wxwidgets-3.1.1\build\msw\vc_mswu\wxscintilla\lexbash.obj
c:\users\pl\desktop\current\adctest2018\lib-src\wxwidgets-3.1.1\build\msw\vc_mswu\wxscintilla\lexbasic.obj
c:\users\pl\desktop\current\adctest2018\lib-src\wxwidgets-3.1.1\build\msw\vc_mswu\wxscintilla\lexcss.obj
c:\users\pl\desktop\current\adctest2018\lib-src\wxwidgets-3.1.1\build\msw\vc_mswu\wxscintilla\lexcmake.obj
c:\users\pl\desktop\current\adctest2018\lib-src\wxwidgets-3.1.1\build\msw\vc_mswu\wxscintilla\lexcrontab.obj
c:\users\pl\desktop\current\adctest2018\lib-src\wxwidgets-3.1.1\build\msw\vc_mswu\wxscintilla\lexdiff.obj
c:\users\pl\desktop\current\adctest2018\lib-src\wxwidgets-3.1.1\build\msw\vc_mswu\wxscintilla\lexdmis.obj
c:\users\pl\desktop\current\adctest2018\lib-src\wxwidgets-3.1.1\build\msw\vc_mswu\wxscintilla\lexedifact.obj
c:\users\pl\desktop\current\adctest2018\lib-src\wxwidgets-3.1.1\build\msw\vc_mswu\wxscintilla\lexescript.obj
c:\users\pl\desktop\current\adctest2018\lib-src\wxwidgets-3.1.1\build\msw\vc_mswu\wxscintilla\lexerlang.obj
c:\users\pl\desktop\current\adctest2018\lib-src\wxwidgets-3.1.1\build\msw\vc_mswu\wxscintilla\lexflagship.obj
c:\users\pl\desktop\current\adctest2018\lib-src\wxwidgets-3.1.1\build\msw\vc_mswu\wxscintilla\lexgui4cli.obj
c:\users\pl\desktop\current\adctest2018\lib-src\wxwidgets-3.1.1\build\msw\vc_mswu\wxscintilla\lexhex.obj
c:\users\pl\desktop\current\adctest2018\lib-src\wxwidgets-3.1.1\build\msw\vc_mswu\wxscintilla\lexkix.obj
c:\users\pl\desktop\current\adctest2018\lib-src\wxwidgets-3.1.1\build\msw\vc_mswu\wxscintilla\lexlatex.obj
c:\users\pl\desktop\current\adctest2018\lib-src\wxwidgets-3.1.1\build\msw\vc_mswu\wxscintilla\lexmmixal.obj
c:\users\pl\desktop\current\adctest2018\lib-src\wxwidgets-3.1.1\build\msw\vc_mswu\wxscintilla\lexmssql.obj
c:\users\pl\desktop\current\adctest2018\lib-src\wxwidgets-3.1.1\build\msw\vc_mswu\wxscintilla\lexmarkdown.obj
c:\users\pl\desktop\current\adctest2018\lib-src\wxwidgets-3.1.1\build\msw\vc_mswu\wxscintilla\lexmysql.obj
c:\users\pl\desktop\current\adctest2018\lib-src\wxwidgets-3.1.1\build\msw\vc_mswu\wxscintilla\lexnsis.obj
c:\users\pl\desktop\current\adctest2018\lib-src\wxwidgets-3.1.1\build\msw\vc_mswu\wxscintilla\lexpo.obj
c:\users\pl\desktop\current\adctest2018\lib-src\wxwidgets-3.1.1\build\msw\vc_mswu\wxscintilla\lexperl.obj
c:\users\pl\desktop\current\adctest2018\lib-src\wxwidgets-3.1.1\build\msw\vc_mswu\wxscintilla\lexrust.obj
c:\users\pl\desktop\current\adctest2018\lib-src\wxwidgets-3.1.1\build\msw\vc_mswu\wxscintilla\lexspecman.obj
c:\users\pl\desktop\current\adctest2018\lib-src\wxwidgets-3.1.1\build\msw\vc_mswu\wxscintilla\lextads3.obj
c:\users\pl\desktop\current\adctest2018\lib-src\wxwidgets-3.1.1\build\msw\vc_mswu\wxscintilla\lextcmd.obj
c:\users\pl\desktop\current\adctest2018\lib-src\wxwidgets-3.1.1\build\msw\vc_mswu\wxscintilla\lextxt2tags.obj
c:\users\pl\desktop\current\adctest2018\lib-src\wxwidgets-3.1.1\build\msw\vc_mswu\wxscintilla\lexyaml.obj
c:\users\pl\desktop\current\adctest2018\lib-src\wxwidgets-3.1.1\build\msw\vc_mswu\wxscintilla\lexermodule.obj
c:\users\pl\desktop\current\adctest2018\lib-src\wxwidgets-3.1.1\build\msw\vc_mswu\wxscintilla\marginview.obj
c:\users\pl\desktop\current\adctest2018\lib-src\wxwidgets-3.1.1\build\msw\vc_mswu\wxscintilla\runstyles.obj
c:\users\pl\desktop\current\adctest2018\lib-src\wxwidgets-3.1.1\build\msw\vc_mswu\wxscintilla\scintillabase.obj
c:\users\pl\desktop\current\adctest2018\lib-src\wxwidgets-3.1.1\build\msw\vc_mswu\wxscintilla\accessor.obj
c:\users\pl\desktop\current\adctest2018\lib-src\wxwidgets-3.1.1\build\msw\vc_mswu\wxscintilla\caseconvert.obj
c:\users\pl\desktop\current\adctest2018\lib-src\wxwidgets-3.1.1\build\msw\vc_mswu\wxscintilla\characterset.obj
c:\users\pl\desktop\current\adctest2018\lib-src\wxwidgets-3.1.1\build\msw\vc_mswu\wxscintilla\decoration.obj
c:\users\pl\desktop\current\adctest2018\lib-src\wxwidgets-3.1.1\build\msw\vc_mswu\wxscintilla\editview.obj
c:\users\pl\desktop\current\adctest2018\lib-src\wxwidgets-3.1.1\build\msw\vc_mswu\wxscintilla\lexa68k.obj
c:\users\pl\desktop\current\adctest2018\lib-src\wxwidgets-3.1.1\build\msw\vc_mswu\wxscintilla\lexasy.obj
c:\users\pl\desktop\current\adctest2018\lib-src\wxwidgets-3.1.1\build\msw\vc_mswu\wxscintilla\lexavs.obj
c:\users\pl\desktop\current\adctest2018\lib-src\wxwidgets-3.1.1\build\msw\vc_mswu\wxscintilla\lexasn1.obj
c:\users\pl\desktop\current\adctest2018\lib-src\wxwidgets-3.1.1\build\msw\vc_mswu\wxscintilla\lexbaan.obj
c:\users\pl\desktop\current\adctest2018\lib-src\wxwidgets-3.1.1\build\msw\vc_mswu\wxscintilla\lexclw.obj
c:\users\pl\desktop\current\adctest2018\lib-src\wxwidgets-3.1.1\build\msw\vc_mswu\wxscintilla\lexcpp.obj
c:\users\pl\desktop\current\adctest2018\lib-src\wxwidgets-3.1.1\build\msw\vc_mswu\wxscintilla\lexinno.obj
c:\users\pl\desktop\current\adctest2018\lib-src\wxwidgets-3.1.1\build\msw\vc_mswu\wxscintilla\lexkvirc.obj
c:\users\pl\desktop\current\adctest2018\lib-src\wxwidgets-3.1.1\build\msw\vc_mswu\wxscintilla\lexlisp.obj
c:\users\pl\desktop\current\adctest2018\lib-src\wxwidgets-3.1.1\build\msw\vc_mswu\wxscintilla\lexlout.obj
c:\users\pl\desktop\current\adctest2018\lib-src\wxwidgets-3.1.1\build\msw\vc_mswu\wxscintilla\lexlua.obj
c:\users\pl\desktop\current\adctest2018\lib-src\wxwidgets-3.1.1\build\msw\vc_mswu\wxscintilla\lexmagik.obj
c:\users\pl\desktop\current\adctest2018\lib-src\wxwidgets-3.1.1\build\msw\vc_mswu\wxscintilla\lexmetapost.obj
c:\users\pl\desktop\current\adctest2018\lib-src\wxwidgets-3.1.1\build\msw\vc_mswu\wxscintilla\lexnimrod.obj
c:\users\pl\desktop\current\adctest2018\lib-src\wxwidgets-3.1.1\build\msw\vc_mswu\wxscintilla\lexoscript.obj
c:\users\pl\desktop\current\adctest2018\lib-src\wxwidgets-3.1.1\build\msw\vc_mswu\wxscintilla\lexplm.obj
c:\users\pl\desktop\current\adctest2018\lib-src\wxwidgets-3.1.1\build\msw\vc_mswu\wxscintilla\lexps.obj
c:\users\pl\desktop\current\adctest2018\lib-src\wxwidgets-3.1.1\build\msw\vc_mswu\wxscintilla\lexprogress.obj
c:\users\pl\desktop\current\adctest2018\lib-src\wxwidgets-3.1.1\build\msw\vc_mswu\wxscintilla\lexruby.obj
c:\users\pl\desktop\current\adctest2018\lib-src\wxwidgets-3.1.1\build\msw\vc_mswu\wxscintilla\lexsml.obj
c:\users\pl\desktop\current\adctest2018\lib-src\wxwidgets-3.1.1\build\msw\vc_mswu\wxscintilla\lexsttxt.obj
c:\users\pl\desktop\current\adctest2018\lib-src\wxwidgets-3.1.1\build\msw\vc_mswu\wxscintilla\lexsmalltalk.obj
c:\users\pl\desktop\current\adctest2018\lib-src\wxwidgets-3.1.1\build\msw\vc_mswu\wxscintilla\lexspice.obj
c:\users\pl\desktop\current\adctest2018\lib-src\wxwidgets-3.1.1\build\msw\vc_mswu\wxscintilla\lexvhdl.obj
c:\users\pl\desktop\current\adctest2018\lib-src\wxwidgets-3.1.1\build\msw\vc_mswu\wxscintilla\lexerbase.obj
c:\users\pl\desktop\current\adctest2018\lib-src\wxwidgets-3.1.1\build\msw\vc_mswu\wxscintilla\lexernoexceptions.obj
c:\users\pl\desktop\current\adctest2018\lib-src\wxwidgets-3.1.1\build\msw\vc_mswu\wxscintilla\lexersimple.obj
c:\users\pl\desktop\current\adctest2018\lib-src\wxwidgets-3.1.1\build\msw\vc_mswu\wxscintilla\positioncache.obj
c:\users\pl\desktop\current\adctest2018\lib-src\wxwidgets-3.1.1\build\msw\vc_mswu\wxscintilla\style.obj
c:\users\pl\desktop\current\adctest2018\lib-src\wxwidgets-3.1.1\build\msw\vc_mswu\wxscintilla\viewstyle.obj
c:\users\pl\desktop\current\adctest2018\lib-src\wxwidgets-3.1.1\build\msw\vc_mswu\wxscintilla\calltip.obj
c:\users\pl\desktop\current\adctest2018\lib-src\wxwidgets-3.1.1\build\msw\vc_mswu\wxscintilla\cellbuffer.obj
c:\users\pl\desktop\current\adctest2018\lib-src\wxwidgets-3.1.1\build\msw\vc_mswu\wxscintilla\editmodel.obj
c:\users\pl\desktop\current\adctest2018\lib-src\wxwidgets-3.1.1\build\msw\vc_mswu\wxscintilla\indicator.obj
c:\users\pl\desktop\current\adctest2018\lib-src\wxwidgets-3.1.1\build\msw\vc_mswu\wxscintilla\keymap.obj
c:\users\pl\desktop\current\adctest2018\lib-src\wxwidgets-3.1.1\build\msw\vc_mswu\wxscintilla\lexau3.obj
c:\users\pl\desktop\current\adctest2018\lib-src\wxwidgets-3.1.1\build\msw\vc_mswu\wxscintilla\lexasm.obj
c:\users\pl\desktop\current\adctest2018\lib-src\wxwidgets-3.1.1\build\msw\vc_mswu\wxscintilla\lexbullant.obj
c:\users\pl\desktop\current\adctest2018\lib-src\wxwidgets-3.1.1\build\msw\vc_mswu\wxscintilla\lexcobol.obj
c:\users\pl\desktop\current\adctest2018\lib-src\wxwidgets-3.1.1\build\msw\vc_mswu\wxscintilla\lexcaml.obj
c:\users\pl\desktop\current\adctest2018\lib-src\wxwidgets-3.1.1\build\msw\vc_mswu\wxscintilla\lexcoffeescript.obj
c:\users\pl\desktop\current\adctest2018\lib-src\wxwidgets-3.1.1\build\msw\vc_mswu\wxscintilla\lexd.obj
c:\users\pl\desktop\current\adctest2018\lib-src\wxwidgets-3.1.1\build\msw\vc_mswu\wxscintilla\lexeiffel.obj
c:\users\pl\desktop\current\adctest2018\lib-src\wxwidgets-3.1.1\build\msw\vc_mswu\wxscintilla\lexerrorlist.obj
c:\users\pl\desktop\current\adctest2018\lib-src\wxwidgets-3.1.1\build\msw\vc_mswu\wxscintilla\lexforth.obj
c:\users\pl\desktop\current\adctest2018\lib-src\wxwidgets-3.1.1\build\msw\vc_mswu\wxscintilla\lexgap.obj
c:\users\pl\desktop\current\adctest2018\lib-src\wxwidgets-3.1.1\build\msw\vc_mswu\wxscintilla\lexhaskell.obj
c:\users\pl\desktop\current\adctest2018\lib-src\wxwidgets-3.1.1\build\msw\vc_mswu\wxscintilla\lexmpt.obj
c:\users\pl\desktop\current\adctest2018\lib-src\wxwidgets-3.1.1\build\msw\vc_mswu\wxscintilla\lexopal.obj
c:\users\pl\desktop\current\adctest2018\lib-src\wxwidgets-3.1.1\build\msw\vc_mswu\wxscintilla\lexpov.obj
c:\users\pl\desktop\current\adctest2018\lib-src\wxwidgets-3.1.1\build\msw\vc_mswu\wxscintilla\lexpowerpro.obj
c:\users\pl\desktop\current\adctest2018\lib-src\wxwidgets-3.1.1\build\msw\vc_mswu\wxscintilla\lexprops.obj
c:\users\pl\desktop\current\adctest2018\lib-src\wxwidgets-3.1.1\build\msw\vc_mswu\wxscintilla\lexr.obj
c:\users\pl\desktop\current\adctest2018\lib-src\wxwidgets-3.1.1\build\msw\vc_mswu\wxscintilla\lexrebol.obj
c:\users\pl\desktop\current\adctest2018\lib-src\wxwidgets-3.1.1\build\msw\vc_mswu\wxscintilla\lexregistry.obj
c:\users\pl\desktop\current\adctest2018\lib-src\wxwidgets-3.1.1\build\msw\vc_mswu\wxscintilla\lexscriptol.obj
c:\users\pl\desktop\current\adctest2018\lib-src\wxwidgets-3.1.1\build\msw\vc_mswu\wxscintilla\lexsorcus.obj
c:\users\pl\desktop\current\adctest2018\lib-src\wxwidgets-3.1.1\build\msw\vc_mswu\wxscintilla\lextacl.obj
c:\users\pl\desktop\current\adctest2018\lib-src\wxwidgets-3.1.1\build\msw\vc_mswu\wxscintilla\lextal.obj
c:\users\pl\desktop\current\adctest2018\lib-src\wxwidgets-3.1.1\build\msw\vc_mswu\wxscintilla\lextex.obj
c:\users\pl\desktop\current\adctest2018\lib-src\wxwidgets-3.1.1\build\msw\vc_mswu\wxscintilla\lexverilog.obj
c:\users\pl\desktop\current\adctest2018\lib-src\wxwidgets-3.1.1\build\msw\vc_mswu\wxscintilla\propsetsimple.obj
c:\users\pl\desktop\current\adctest2018\lib-src\wxwidgets-3.1.1\build\msw\vc_mswu\wxscintilla\selection.obj
c:\users\pl\desktop\current\adctest2018\lib-src\wxwidgets-3.1.1\build\msw\vc_mswu\wxscintilla\wordlist.obj
c:\users\pl\desktop\current\adctest2018\lib-src\wxwidgets-3.1.1\build\msw\vc_mswu\wxscintilla\autocomplete.obj
c:\users\pl\desktop\current\adctest2018\lib-src\wxwidgets-3.1.1\build\msw\vc_mswu\wxscintilla\charclassify.obj
c:\users\pl\desktop\current\adctest2018\lib-src\wxwidgets-3.1.1\build\msw\vc_mswu\wxscintilla\contractionstate.obj
c:\users\pl\desktop\current\adctest2018\lib-src\wxwidgets-3.1.1\build\msw\vc_mswu\wxscintilla\editor.obj
c:\users\pl\desktop\current\adctest2018\lib-src\wxwidgets-3.1.1\build\msw\vc_mswu\wxscintilla\lexada.obj
c:\users\pl\desktop\current\adctest2018\lib-src\wxwidgets-3.1.1\build\msw\vc_mswu\wxscintilla\lexbatch.obj
c:\users\pl\desktop\current\adctest2018\lib-src\wxwidgets-3.1.1\build\msw\vc_mswu\wxscintilla\lexbibtex.obj
c:\users\pl\desktop\current\adctest2018\lib-src\wxwidgets-3.1.1\build\msw\vc_mswu\wxscintilla\lexconf.obj
c:\users\pl\desktop\current\adctest2018\lib-src\wxwidgets-3.1.1\build\msw\vc_mswu\wxscintilla\lexcsound.obj
c:\users\pl\desktop\current\adctest2018\lib-src\wxwidgets-3.1.1\build\msw\vc_mswu\wxscintilla\lexdmap.obj
c:\users\pl\desktop\current\adctest2018\lib-src\wxwidgets-3.1.1\build\msw\vc_mswu\wxscintilla\lexecl.obj
c:\users\pl\desktop\current\adctest2018\lib-src\wxwidgets-3.1.1\build\msw\vc_mswu\wxscintilla\lexfortran.obj
c:\users\pl\desktop\current\adctest2018\lib-src\wxwidgets-3.1.1\build\msw\vc_mswu\wxscintilla\lexhtml.obj
c:\users\pl\desktop\current\adctest2018\lib-src\wxwidgets-3.1.1\build\msw\vc_mswu\wxscintilla\lexjson.obj
c:\users\pl\desktop\current\adctest2018\lib-src\wxwidgets-3.1.1\build\msw\vc_mswu\wxscintilla\lexmake.obj
c:\users\pl\desktop\current\adctest2018\lib-src\wxwidgets-3.1.1\build\msw\vc_mswu\wxscintilla\lexmatlab.obj
c:\users\pl\desktop\current\adctest2018\lib-src\wxwidgets-3.1.1\build\msw\vc_mswu\wxscintilla\lexmodula.obj
c:\users\pl\desktop\current\adctest2018\lib-src\wxwidgets-3.1.1\build\msw\vc_mswu\wxscintilla\lexnull.obj
c:\users\pl\desktop\current\adctest2018\lib-src\wxwidgets-3.1.1\build\msw\vc_mswu\wxscintilla\lexpb.obj
c:\users\pl\desktop\current\adctest2018\lib-src\wxwidgets-3.1.1\build\msw\vc_mswu\wxscintilla\lexpascal.obj
c:\users\pl\desktop\current\adctest2018\lib-src\wxwidgets-3.1.1\build\msw\vc_mswu\wxscintilla\lexpowershell.obj
c:\users\pl\desktop\current\adctest2018\lib-src\wxwidgets-3.1.1\build\msw\vc_mswu\wxscintilla\lexpython.obj
c:\users\pl\desktop\current\adctest2018\lib-src\wxwidgets-3.1.1\build\msw\vc_mswu\wxscintilla\lexsql.obj
c:\users\pl\desktop\current\adctest2018\lib-src\wxwidgets-3.1.1\build\msw\vc_mswu\wxscintilla\lextcl.obj
c:\users\pl\desktop\current\adctest2018\lib-src\wxwidgets-3.1.1\build\msw\vc_mswu\wxscintilla\lexvb.obj
c:\users\pl\desktop\current\adctest2018\lib-src\wxwidgets-3.1.1\build\msw\vc_mswu\wxscintilla\lexvisualprolog.obj
c:\users\pl\desktop\current\adctest2018\lib-src\wxwidgets-3.1.1\build\msw\vc_mswu\wxscintilla\linemarker.obj
c:\users\pl\desktop\current\adctest2018\lib-src\wxwidgets-3.1.1\build\msw\vc_mswu\wxscintilla\perline.obj
c:\users\pl\desktop\current\adctest2018\lib-src\wxwidgets-3.1.1\build\msw\vc_mswu\wxscintilla\research.obj
c:\users\pl\desktop\current\adctest2018\lib-src\wxwidgets-3.1.1\build\msw\vc_mswu\wxscintilla\stylecontext.obj
c:\users\pl\desktop\current\adctest2018\lib-src\wxwidgets-3.1.1\build\msw\vc_mswu\wxscintilla\uniconversion.obj
c:\users\pl\desktop\current\adctest2018\lib-src\wxwidgets-3.1.1\build\msw\vc_mswu\wxscintilla\xpm.obj
c:\users\pl\desktop\current\adctest2018\lib-src\wxwidgets-3.1.1\lib\vc_lib\wxscintilla.pdb
c:\users\pl\desktop\current\adctest2018\lib-src\wxwidgets-3.1.1\lib\vc_lib\wxscintilla.lib
c:\users\pl\desktop\current\adctest2018\lib-src\wxwidgets-3.1.1\build\msw\..\..\lib\vc_lib\wxscintilla.lib
c:\users\pl\desktop\current\adctest2018\lib-src\wxwidgets-3.1.1\build\msw\vc_mswu\wxscintilla\wxscintilla.tlog\cl.command.1.tlog
c:\users\pl\desktop\current\adctest2018\lib-src\wxwidgets-3.1.1\build\msw\vc_mswu\wxscintilla\wxscintilla.tlog\cl.read.1.tlog
c:\users\pl\desktop\current\adctest2018\lib-src\wxwidgets-3.1.1\build\msw\vc_mswu\wxscintilla\wxscintilla.tlog\cl.write.1.tlog
c:\users\pl\desktop\current\adctest2018\lib-src\wxwidgets-3.1.1\build\msw\vc_mswu\wxscintilla\wxscintilla.tlog\lib-link.read.1.tlog
c:\users\pl\desktop\current\adctest2018\lib-src\wxwidgets-3.1.1\build\msw\vc_mswu\wxscintilla\wxscintilla.tlog\lib-link.write.1.tlog
c:\users\pl\desktop\current\adctest2018\lib-src\wxwidgets-3.1.1\build\msw\vc_mswu\wxscintilla\wxscintilla.tlog\lib.command.1.tlog
