c:\users\pl\desktop\current\adctest2018\src\msvc\libsndfile\debug\libsndfile.pdb
c:\users\pl\desktop\current\adctest2018\src\msvc\libsndfile\debug\libsndfile.idb
c:\users\pl\desktop\current\adctest2018\src\msvc\libsndfile\debug\gsm610.obj
c:\users\pl\desktop\current\adctest2018\src\msvc\libsndfile\debug\g72x.obj
c:\users\pl\desktop\current\adctest2018\src\msvc\libsndfile\debug\float32.obj
c:\users\pl\desktop\current\adctest2018\src\msvc\libsndfile\debug\flac.obj
c:\users\pl\desktop\current\adctest2018\src\msvc\libsndfile\debug\file_io.obj
c:\users\pl\desktop\current\adctest2018\src\msvc\libsndfile\debug\dwvw.obj
c:\users\pl\desktop\current\adctest2018\src\msvc\libsndfile\debug\dwd.obj
c:\users\pl\desktop\current\adctest2018\src\msvc\libsndfile\debug\double64.obj
c:\users\pl\desktop\current\adctest2018\src\msvc\libsndfile\debug\dither.obj
c:\users\pl\desktop\current\adctest2018\src\msvc\libsndfile\debug\common.obj
c:\users\pl\desktop\current\adctest2018\src\msvc\libsndfile\debug\command.obj
c:\users\pl\desktop\current\adctest2018\src\msvc\libsndfile\debug\chunk.obj
c:\users\pl\desktop\current\adctest2018\src\msvc\libsndfile\debug\chanmap.obj
c:\users\pl\desktop\current\adctest2018\src\msvc\libsndfile\debug\caf.obj
c:\users\pl\desktop\current\adctest2018\src\msvc\libsndfile\debug\broadcast.obj
c:\users\pl\desktop\current\adctest2018\src\msvc\libsndfile\debug\avr.obj
c:\users\pl\desktop\current\adctest2018\src\msvc\libsndfile\debug\audio_detect.obj
c:\users\pl\desktop\current\adctest2018\src\msvc\libsndfile\debug\au.obj
c:\users\pl\desktop\current\adctest2018\src\msvc\libsndfile\debug\alaw.obj
c:\users\pl\desktop\current\adctest2018\src\msvc\libsndfile\debug\aiff.obj
c:\users\pl\desktop\current\adctest2018\src\msvc\libsndfile\debug\rx2.obj
c:\users\pl\desktop\current\adctest2018\src\msvc\libsndfile\debug\rf64.obj
c:\users\pl\desktop\current\adctest2018\src\msvc\libsndfile\debug\raw.obj
c:\users\pl\desktop\current\adctest2018\src\msvc\libsndfile\debug\pvf.obj
c:\users\pl\desktop\current\adctest2018\src\msvc\libsndfile\debug\pcm.obj
c:\users\pl\desktop\current\adctest2018\src\msvc\libsndfile\debug\paf.obj
c:\users\pl\desktop\current\adctest2018\src\msvc\libsndfile\debug\ogg.obj
c:\users\pl\desktop\current\adctest2018\src\msvc\libsndfile\debug\nist.obj
c:\users\pl\desktop\current\adctest2018\src\msvc\libsndfile\debug\ms_adpcm.obj
c:\users\pl\desktop\current\adctest2018\src\msvc\libsndfile\debug\mpc2k.obj
c:\users\pl\desktop\current\adctest2018\src\msvc\libsndfile\debug\mat5.obj
c:\users\pl\desktop\current\adctest2018\src\msvc\libsndfile\debug\mat4.obj
c:\users\pl\desktop\current\adctest2018\src\msvc\libsndfile\debug\macos.obj
c:\users\pl\desktop\current\adctest2018\src\msvc\libsndfile\debug\macbinary3.obj
c:\users\pl\desktop\current\adctest2018\src\msvc\libsndfile\debug\ircam.obj
c:\users\pl\desktop\current\adctest2018\src\msvc\libsndfile\debug\interleave.obj
c:\users\pl\desktop\current\adctest2018\src\msvc\libsndfile\debug\ima_oki_adpcm.obj
c:\users\pl\desktop\current\adctest2018\src\msvc\libsndfile\debug\ima_adpcm.obj
c:\users\pl\desktop\current\adctest2018\src\msvc\libsndfile\debug\id3.obj
c:\users\pl\desktop\current\adctest2018\src\msvc\libsndfile\debug\htk.obj
c:\users\pl\desktop\current\adctest2018\src\msvc\libsndfile\debug\code.obj
c:\users\pl\desktop\current\adctest2018\src\msvc\libsndfile\debug\add.obj
c:\users\pl\desktop\current\adctest2018\src\msvc\libsndfile\debug\g723_40.obj
c:\users\pl\desktop\current\adctest2018\src\msvc\libsndfile\debug\g723_24.obj
c:\users\pl\desktop\current\adctest2018\src\msvc\libsndfile\debug\g723_16.obj
c:\users\pl\desktop\current\adctest2018\src\msvc\libsndfile\debug\g721.obj
c:\users\pl\desktop\current\adctest2018\src\msvc\libsndfile\debug\xi.obj
c:\users\pl\desktop\current\adctest2018\src\msvc\libsndfile\debug\wve.obj
c:\users\pl\desktop\current\adctest2018\src\msvc\libsndfile\debug\wav_w64.obj
c:\users\pl\desktop\current\adctest2018\src\msvc\libsndfile\debug\wav.obj
c:\users\pl\desktop\current\adctest2018\src\msvc\libsndfile\debug\w64.obj
c:\users\pl\desktop\current\adctest2018\src\msvc\libsndfile\debug\vox_adpcm.obj
c:\users\pl\desktop\current\adctest2018\src\msvc\libsndfile\debug\voc.obj
c:\users\pl\desktop\current\adctest2018\src\msvc\libsndfile\debug\ulaw.obj
c:\users\pl\desktop\current\adctest2018\src\msvc\libsndfile\debug\txw.obj
c:\users\pl\desktop\current\adctest2018\src\msvc\libsndfile\debug\svx.obj
c:\users\pl\desktop\current\adctest2018\src\msvc\libsndfile\debug\strings.obj
c:\users\pl\desktop\current\adctest2018\src\msvc\libsndfile\debug\sndfile.obj
c:\users\pl\desktop\current\adctest2018\src\msvc\libsndfile\debug\sds.obj
c:\users\pl\desktop\current\adctest2018\src\msvc\libsndfile\debug\sd2.obj
c:\users\pl\desktop\current\adctest2018\src\msvc\libsndfile\debug\table.obj
c:\users\pl\desktop\current\adctest2018\src\msvc\libsndfile\debug\short_term.obj
c:\users\pl\desktop\current\adctest2018\src\msvc\libsndfile\debug\rpe.obj
c:\users\pl\desktop\current\adctest2018\src\msvc\libsndfile\debug\preprocess.obj
c:\users\pl\desktop\current\adctest2018\src\msvc\libsndfile\debug\lpc.obj
c:\users\pl\desktop\current\adctest2018\src\msvc\libsndfile\debug\long_term.obj
c:\users\pl\desktop\current\adctest2018\src\msvc\libsndfile\debug\gsm_option.obj
c:\users\pl\desktop\current\adctest2018\src\msvc\libsndfile\debug\gsm_encode.obj
c:\users\pl\desktop\current\adctest2018\src\msvc\libsndfile\debug\gsm_destroy.obj
c:\users\pl\desktop\current\adctest2018\src\msvc\libsndfile\debug\gsm_decode.obj
c:\users\pl\desktop\current\adctest2018\src\msvc\libsndfile\debug\gsm_create.obj
c:\users\pl\desktop\current\adctest2018\src\msvc\libsndfile\debug\decode.obj
c:\users\pl\desktop\current\adctest2018\src\msvc\libsndfile\debug\g72x_g72x.obj
c:\users\pl\desktop\current\adctest2018\src\msvc\avptester\debug\libsndfile.lib
c:\users\pl\desktop\current\adctest2018\src\msvc\libsndfile\debug\libsndfile.tlog\cl.command.1.tlog
c:\users\pl\desktop\current\adctest2018\src\msvc\libsndfile\debug\libsndfile.tlog\cl.read.1.tlog
c:\users\pl\desktop\current\adctest2018\src\msvc\libsndfile\debug\libsndfile.tlog\cl.write.1.tlog
c:\users\pl\desktop\current\adctest2018\src\msvc\libsndfile\debug\libsndfile.tlog\lib-link.read.1.tlog
c:\users\pl\desktop\current\adctest2018\src\msvc\libsndfile\debug\libsndfile.tlog\lib-link.write.1.tlog
c:\users\pl\desktop\current\adctest2018\src\msvc\libsndfile\debug\libsndfile.tlog\lib.command.1.tlog
