  aiff.c
  alaw.c
  au.c
  audio_detect.c
  avr.c
  broadcast.c
  caf.c
  chanmap.c
  chunk.c
  command.c
  common.c
  dither.c
  double64.c
  dwd.c
  dwvw.c
  file_io.c
  flac.c
  float32.c
  g72x.c
  gsm610.c
  Generating Code...
  Compiling...
  htk.c
  id3.c
  ima_adpcm.c
  ima_oki_adpcm.c
  interleave.c
  ircam.c
  macbinary3.c
  macos.c
  mat4.c
  mat5.c
  mpc2k.c
  ms_adpcm.c
  nist.c
  ogg.c
  paf.c
  pcm.c
  pvf.c
  raw.c
  rf64.c
  rx2.c
  Generating Code...
  Compiling...
  sd2.c
c:\work\avpreserve\software\fadg-adctest-2019\lib-src\libsndfile\src\sd2.c(265): warning C4267: '=': conversion from 'size_t' to 'char', possible loss of data
c:\work\avpreserve\software\fadg-adctest-2019\lib-src\libsndfile\src\sd2.c(285): warning C4267: 'function': conversion from 'size_t' to 'char', possible loss of data
  sds.c
  sndfile.c
  strings.c
  svx.c
  txw.c
  ulaw.c
  voc.c
  vox_adpcm.c
  w64.c
  wav.c
  wav_w64.c
  wve.c
  xi.c
  g721.c
  g723_16.c
  g723_24.c
  g723_40.c
  add.c
  code.c
  Generating Code...
  Compiling...
  decode.c
  gsm_create.c
  gsm_decode.c
  gsm_destroy.c
  gsm_encode.c
  gsm_option.c
  long_term.c
c:\work\avpreserve\software\fadg-adctest-2019\lib-src\libsndfile\src\gsm610\long_term.c(586): warning C4244: '=': conversion from 'float' to 'longword', possible loss of data
c:\work\avpreserve\software\fadg-adctest-2019\lib-src\libsndfile\src\gsm610\long_term.c(587): warning C4244: '=': conversion from 'float' to 'longword', possible loss of data
c:\work\avpreserve\software\fadg-adctest-2019\lib-src\libsndfile\src\gsm610\long_term.c(588): warning C4244: '=': conversion from 'float' to 'longword', possible loss of data
c:\work\avpreserve\software\fadg-adctest-2019\lib-src\libsndfile\src\gsm610\long_term.c(589): warning C4244: '=': conversion from 'float' to 'longword', possible loss of data
c:\work\avpreserve\software\fadg-adctest-2019\lib-src\libsndfile\src\gsm610\long_term.c(590): warning C4244: '=': conversion from 'float' to 'longword', possible loss of data
c:\work\avpreserve\software\fadg-adctest-2019\lib-src\libsndfile\src\gsm610\long_term.c(591): warning C4244: '=': conversion from 'float' to 'longword', possible loss of data
c:\work\avpreserve\software\fadg-adctest-2019\lib-src\libsndfile\src\gsm610\long_term.c(592): warning C4244: '=': conversion from 'float' to 'longword', possible loss of data
c:\work\avpreserve\software\fadg-adctest-2019\lib-src\libsndfile\src\gsm610\long_term.c(593): warning C4244: '=': conversion from 'float' to 'longword', possible loss of data
c:\work\avpreserve\software\fadg-adctest-2019\lib-src\libsndfile\src\gsm610\long_term.c(594): warning C4244: '=': conversion from 'float' to 'longword', possible loss of data
c:\work\avpreserve\software\fadg-adctest-2019\lib-src\libsndfile\src\gsm610\long_term.c(835): warning C4244: '=': conversion from 'double' to 'int', possible loss of data
  lpc.c
c:\work\avpreserve\software\fadg-adctest-2019\lib-src\libsndfile\src\gsm610\lpc.c(163): warning C4244: '=': conversion from 'float' to 'longword', possible loss of data
  preprocess.c
  rpe.c
  short_term.c
c:\work\avpreserve\software\fadg-adctest-2019\lib-src\libsndfile\src\gsm610\short_term.c(248): warning C4244: '=': conversion from 'float' to 'word', possible loss of data
c:\work\avpreserve\software\fadg-adctest-2019\lib-src\libsndfile\src\gsm610\short_term.c(250): warning C4244: '=': conversion from 'float' to 'word', possible loss of data
c:\work\avpreserve\software\fadg-adctest-2019\lib-src\libsndfile\src\gsm610\short_term.c(327): warning C4244: '=': conversion from 'float' to 'word', possible loss of data
c:\work\avpreserve\software\fadg-adctest-2019\lib-src\libsndfile\src\gsm610\short_term.c(329): warning C4244: '=': conversion from 'float' to 'word', possible loss of data
  table.c
  Generating Code...
  g72x.c
c:\work\avpreserve\software\fadg-adctest-2019\lib-src\libsndfile\src\g72x\g72x.c(433): warning C4244: '=': conversion from 'long' to 'short', possible loss of data
  libsndfile.vcxproj -> C:\Work\AVPreserve\Software\fadg-adctest-2019\src\msvc\AVPTester\Debug\libsndfile.lib
