c:\users\pl\desktop\current\adctest2018\lib-src\wxwidgets-3.1.1\build\msw\vc_mswud\wxscintilla\charactercategory.obj
c:\users\pl\desktop\current\adctest2018\lib-src\wxwidgets-3.1.1\build\msw\vc_mswud\wxscintilla\caseconvert.obj
c:\users\pl\desktop\current\adctest2018\lib-src\wxwidgets-3.1.1\build\msw\vc_mswud\wxscintilla\contractionstate.obj
c:\users\pl\desktop\current\adctest2018\lib-src\wxwidgets-3.1.1\build\msw\vc_mswud\wxscintilla\editview.obj
c:\users\pl\desktop\current\adctest2018\lib-src\wxwidgets-3.1.1\build\msw\vc_mswud\wxscintilla\keymap.obj
c:\users\pl\desktop\current\adctest2018\lib-src\wxwidgets-3.1.1\build\msw\vc_mswud\wxscintilla\lexave.obj
c:\users\pl\desktop\current\adctest2018\lib-src\wxwidgets-3.1.1\build\msw\vc_mswud\wxscintilla\lexasm.obj
c:\users\pl\desktop\current\adctest2018\lib-src\wxwidgets-3.1.1\build\msw\vc_mswud\wxscintilla\lexbullant.obj
c:\users\pl\desktop\current\adctest2018\lib-src\wxwidgets-3.1.1\build\msw\vc_mswud\wxscintilla\lexcobol.obj
c:\users\pl\desktop\current\adctest2018\lib-src\wxwidgets-3.1.1\build\msw\vc_mswud\wxscintilla\lexcaml.obj
c:\users\pl\desktop\current\adctest2018\lib-src\wxwidgets-3.1.1\build\msw\vc_mswud\wxscintilla\lexconf.obj
c:\users\pl\desktop\current\adctest2018\lib-src\wxwidgets-3.1.1\build\msw\vc_mswud\wxscintilla\lexd.obj
c:\users\pl\desktop\current\adctest2018\lib-src\wxwidgets-3.1.1\build\msw\vc_mswud\wxscintilla\lexerlang.obj
c:\users\pl\desktop\current\adctest2018\lib-src\wxwidgets-3.1.1\build\msw\vc_mswud\wxscintilla\lexforth.obj
c:\users\pl\desktop\current\adctest2018\lib-src\wxwidgets-3.1.1\build\msw\vc_mswud\wxscintilla\lexgui4cli.obj
c:\users\pl\desktop\current\adctest2018\lib-src\wxwidgets-3.1.1\build\msw\vc_mswud\wxscintilla\lexinno.obj
c:\users\pl\desktop\current\adctest2018\lib-src\wxwidgets-3.1.1\build\msw\vc_mswud\wxscintilla\lexkvirc.obj
c:\users\pl\desktop\current\adctest2018\lib-src\wxwidgets-3.1.1\build\msw\vc_mswud\wxscintilla\lexlisp.obj
c:\users\pl\desktop\current\adctest2018\lib-src\wxwidgets-3.1.1\build\msw\vc_mswud\wxscintilla\lexlout.obj
c:\users\pl\desktop\current\adctest2018\lib-src\wxwidgets-3.1.1\build\msw\vc_mswud\wxscintilla\lexmpt.obj
c:\users\pl\desktop\current\adctest2018\lib-src\wxwidgets-3.1.1\build\msw\vc_mswud\wxscintilla\lexnull.obj
c:\users\pl\desktop\current\adctest2018\lib-src\wxwidgets-3.1.1\build\msw\vc_mswud\wxscintilla\lexplm.obj
c:\users\pl\desktop\current\adctest2018\lib-src\wxwidgets-3.1.1\build\msw\vc_mswud\wxscintilla\lexpascal.obj
c:\users\pl\desktop\current\adctest2018\lib-src\wxwidgets-3.1.1\build\msw\vc_mswud\wxscintilla\lexprops.obj
c:\users\pl\desktop\current\adctest2018\lib-src\wxwidgets-3.1.1\build\msw\vc_mswud\wxscintilla\lexr.obj
c:\users\pl\desktop\current\adctest2018\lib-src\wxwidgets-3.1.1\build\msw\vc_mswud\wxscintilla\lexrebol.obj
c:\users\pl\desktop\current\adctest2018\lib-src\wxwidgets-3.1.1\build\msw\vc_mswud\wxscintilla\lexregistry.obj
c:\users\pl\desktop\current\adctest2018\lib-src\wxwidgets-3.1.1\build\msw\vc_mswud\wxscintilla\lexsorcus.obj
c:\users\pl\desktop\current\adctest2018\lib-src\wxwidgets-3.1.1\build\msw\vc_mswud\wxscintilla\lextacl.obj
c:\users\pl\desktop\current\adctest2018\lib-src\wxwidgets-3.1.1\build\msw\vc_mswud\wxscintilla\lextal.obj
c:\users\pl\desktop\current\adctest2018\lib-src\wxwidgets-3.1.1\build\msw\vc_mswud\wxscintilla\lextex.obj
c:\users\pl\desktop\current\adctest2018\lib-src\wxwidgets-3.1.1\build\msw\vc_mswud\wxscintilla\lexvhdl.obj
c:\users\pl\desktop\current\adctest2018\lib-src\wxwidgets-3.1.1\build\msw\vc_mswud\wxscintilla\lexerbase.obj
c:\users\pl\desktop\current\adctest2018\lib-src\wxwidgets-3.1.1\build\msw\vc_mswud\wxscintilla\lexermodule.obj
c:\users\pl\desktop\current\adctest2018\lib-src\wxwidgets-3.1.1\build\msw\vc_mswud\wxscintilla\marginview.obj
c:\users\pl\desktop\current\adctest2018\lib-src\wxwidgets-3.1.1\build\msw\vc_mswud\wxscintilla\research.obj
c:\users\pl\desktop\current\adctest2018\lib-src\wxwidgets-3.1.1\build\msw\vc_mswud\wxscintilla\style.obj
c:\users\pl\desktop\current\adctest2018\lib-src\wxwidgets-3.1.1\build\msw\vc_mswud\wxscintilla\viewstyle.obj
c:\users\pl\desktop\current\adctest2018\lib-src\wxwidgets-3.1.1\build\msw\vc_mswud\wxscintilla\accessor.obj
c:\users\pl\desktop\current\adctest2018\lib-src\wxwidgets-3.1.1\build\msw\vc_mswud\wxscintilla\casefolder.obj
c:\users\pl\desktop\current\adctest2018\lib-src\wxwidgets-3.1.1\build\msw\vc_mswud\wxscintilla\charclassify.obj
c:\users\pl\desktop\current\adctest2018\lib-src\wxwidgets-3.1.1\build\msw\vc_mswud\wxscintilla\decoration.obj
c:\users\pl\desktop\current\adctest2018\lib-src\wxwidgets-3.1.1\build\msw\vc_mswud\wxscintilla\editor.obj
c:\users\pl\desktop\current\adctest2018\lib-src\wxwidgets-3.1.1\build\msw\vc_mswud\wxscintilla\lexavs.obj
c:\users\pl\desktop\current\adctest2018\lib-src\wxwidgets-3.1.1\build\msw\vc_mswud\wxscintilla\lexasn1.obj
c:\users\pl\desktop\current\adctest2018\lib-src\wxwidgets-3.1.1\build\msw\vc_mswud\wxscintilla\lexbash.obj
c:\users\pl\desktop\current\adctest2018\lib-src\wxwidgets-3.1.1\build\msw\vc_mswud\wxscintilla\lexbatch.obj
c:\users\pl\desktop\current\adctest2018\lib-src\wxwidgets-3.1.1\build\msw\vc_mswud\wxscintilla\lexbibtex.obj
c:\users\pl\desktop\current\adctest2018\lib-src\wxwidgets-3.1.1\build\msw\vc_mswud\wxscintilla\lexcoffeescript.obj
c:\users\pl\desktop\current\adctest2018\lib-src\wxwidgets-3.1.1\build\msw\vc_mswud\wxscintilla\lexcsound.obj
c:\users\pl\desktop\current\adctest2018\lib-src\wxwidgets-3.1.1\build\msw\vc_mswud\wxscintilla\lexdmap.obj
c:\users\pl\desktop\current\adctest2018\lib-src\wxwidgets-3.1.1\build\msw\vc_mswud\wxscintilla\lexecl.obj
c:\users\pl\desktop\current\adctest2018\lib-src\wxwidgets-3.1.1\build\msw\vc_mswud\wxscintilla\lexfortran.obj
c:\users\pl\desktop\current\adctest2018\lib-src\wxwidgets-3.1.1\build\msw\vc_mswud\wxscintilla\lexhaskell.obj
c:\users\pl\desktop\current\adctest2018\lib-src\wxwidgets-3.1.1\build\msw\vc_mswud\wxscintilla\lexlua.obj
c:\users\pl\desktop\current\adctest2018\lib-src\wxwidgets-3.1.1\build\msw\vc_mswud\wxscintilla\lexmake.obj
c:\users\pl\desktop\current\adctest2018\lib-src\wxwidgets-3.1.1\build\msw\vc_mswud\wxscintilla\lexmatlab.obj
c:\users\pl\desktop\current\adctest2018\lib-src\wxwidgets-3.1.1\build\msw\vc_mswud\wxscintilla\lexmysql.obj
c:\users\pl\desktop\current\adctest2018\lib-src\wxwidgets-3.1.1\build\msw\vc_mswud\wxscintilla\lexopal.obj
c:\users\pl\desktop\current\adctest2018\lib-src\wxwidgets-3.1.1\build\msw\vc_mswud\wxscintilla\lexps.obj
c:\users\pl\desktop\current\adctest2018\lib-src\wxwidgets-3.1.1\build\msw\vc_mswud\wxscintilla\lexpowershell.obj
c:\users\pl\desktop\current\adctest2018\lib-src\wxwidgets-3.1.1\build\msw\vc_mswud\wxscintilla\lexpython.obj
c:\users\pl\desktop\current\adctest2018\lib-src\wxwidgets-3.1.1\build\msw\vc_mswud\wxscintilla\lexsql.obj
c:\users\pl\desktop\current\adctest2018\lib-src\wxwidgets-3.1.1\build\msw\vc_mswud\wxscintilla\lextcl.obj
c:\users\pl\desktop\current\adctest2018\lib-src\wxwidgets-3.1.1\build\msw\vc_mswud\wxscintilla\lexvb.obj
c:\users\pl\desktop\current\adctest2018\lib-src\wxwidgets-3.1.1\build\msw\vc_mswud\wxscintilla\lexvisualprolog.obj
c:\users\pl\desktop\current\adctest2018\lib-src\wxwidgets-3.1.1\build\msw\vc_mswud\wxscintilla\lexersimple.obj
c:\users\pl\desktop\current\adctest2018\lib-src\wxwidgets-3.1.1\build\msw\vc_mswud\wxscintilla\propsetsimple.obj
c:\users\pl\desktop\current\adctest2018\lib-src\wxwidgets-3.1.1\build\msw\vc_mswud\wxscintilla\uniconversion.obj
c:\users\pl\desktop\current\adctest2018\lib-src\wxwidgets-3.1.1\build\msw\vc_mswud\wxscintilla\wordlist.obj
c:\users\pl\desktop\current\adctest2018\lib-src\wxwidgets-3.1.1\build\msw\vc_mswud\wxscintilla\autocomplete.obj
c:\users\pl\desktop\current\adctest2018\lib-src\wxwidgets-3.1.1\build\msw\vc_mswud\wxscintilla\cellbuffer.obj
c:\users\pl\desktop\current\adctest2018\lib-src\wxwidgets-3.1.1\build\msw\vc_mswud\wxscintilla\document.obj
c:\users\pl\desktop\current\adctest2018\lib-src\wxwidgets-3.1.1\build\msw\vc_mswud\wxscintilla\externallexer.obj
c:\users\pl\desktop\current\adctest2018\lib-src\wxwidgets-3.1.1\build\msw\vc_mswud\wxscintilla\lexa68k.obj
c:\users\pl\desktop\current\adctest2018\lib-src\wxwidgets-3.1.1\build\msw\vc_mswud\wxscintilla\lexau3.obj
c:\users\pl\desktop\current\adctest2018\lib-src\wxwidgets-3.1.1\build\msw\vc_mswud\wxscintilla\lexabaqus.obj
c:\users\pl\desktop\current\adctest2018\lib-src\wxwidgets-3.1.1\build\msw\vc_mswud\wxscintilla\lexbaan.obj
c:\users\pl\desktop\current\adctest2018\lib-src\wxwidgets-3.1.1\build\msw\vc_mswud\wxscintilla\lexclw.obj
c:\users\pl\desktop\current\adctest2018\lib-src\wxwidgets-3.1.1\build\msw\vc_mswud\wxscintilla\lexcpp.obj
c:\users\pl\desktop\current\adctest2018\lib-src\wxwidgets-3.1.1\build\msw\vc_mswud\wxscintilla\lexflagship.obj
c:\users\pl\desktop\current\adctest2018\lib-src\wxwidgets-3.1.1\build\msw\vc_mswud\wxscintilla\lexhtml.obj
c:\users\pl\desktop\current\adctest2018\lib-src\wxwidgets-3.1.1\build\msw\vc_mswud\wxscintilla\lexjson.obj
c:\users\pl\desktop\current\adctest2018\lib-src\wxwidgets-3.1.1\build\msw\vc_mswud\wxscintilla\lexmmixal.obj
c:\users\pl\desktop\current\adctest2018\lib-src\wxwidgets-3.1.1\build\msw\vc_mswud\wxscintilla\lexmagik.obj
c:\users\pl\desktop\current\adctest2018\lib-src\wxwidgets-3.1.1\build\msw\vc_mswud\wxscintilla\lexmetapost.obj
c:\users\pl\desktop\current\adctest2018\lib-src\wxwidgets-3.1.1\build\msw\vc_mswud\wxscintilla\lexnimrod.obj
c:\users\pl\desktop\current\adctest2018\lib-src\wxwidgets-3.1.1\build\msw\vc_mswud\wxscintilla\lexoscript.obj
c:\users\pl\desktop\current\adctest2018\lib-src\wxwidgets-3.1.1\build\msw\vc_mswud\wxscintilla\lexpov.obj
c:\users\pl\desktop\current\adctest2018\lib-src\wxwidgets-3.1.1\build\msw\vc_mswud\wxscintilla\lexperl.obj
c:\users\pl\desktop\current\adctest2018\lib-src\wxwidgets-3.1.1\build\msw\vc_mswud\wxscintilla\lexruby.obj
c:\users\pl\desktop\current\adctest2018\lib-src\wxwidgets-3.1.1\build\msw\vc_mswud\wxscintilla\lexsml.obj
c:\users\pl\desktop\current\adctest2018\lib-src\wxwidgets-3.1.1\build\msw\vc_mswud\wxscintilla\lexsttxt.obj
c:\users\pl\desktop\current\adctest2018\lib-src\wxwidgets-3.1.1\build\msw\vc_mswud\wxscintilla\lexscriptol.obj
c:\users\pl\desktop\current\adctest2018\lib-src\wxwidgets-3.1.1\build\msw\vc_mswud\wxscintilla\lexsmalltalk.obj
c:\users\pl\desktop\current\adctest2018\lib-src\wxwidgets-3.1.1\build\msw\vc_mswud\wxscintilla\lexspice.obj
c:\users\pl\desktop\current\adctest2018\lib-src\wxwidgets-3.1.1\build\msw\vc_mswud\wxscintilla\lexyaml.obj
c:\users\pl\desktop\current\adctest2018\lib-src\wxwidgets-3.1.1\build\msw\vc_mswud\wxscintilla\lexernoexceptions.obj
c:\users\pl\desktop\current\adctest2018\lib-src\wxwidgets-3.1.1\build\msw\vc_mswud\wxscintilla\linemarker.obj
c:\users\pl\desktop\current\adctest2018\lib-src\wxwidgets-3.1.1\build\msw\vc_mswud\wxscintilla\perline.obj
c:\users\pl\desktop\current\adctest2018\lib-src\wxwidgets-3.1.1\build\msw\vc_mswud\wxscintilla\runstyles.obj
c:\users\pl\desktop\current\adctest2018\lib-src\wxwidgets-3.1.1\build\msw\vc_mswud\wxscintilla\selection.obj
c:\users\pl\desktop\current\adctest2018\lib-src\wxwidgets-3.1.1\build\msw\vc_mswud\wxscintilla\stylecontext.obj
c:\users\pl\desktop\current\adctest2018\lib-src\wxwidgets-3.1.1\build\msw\vc_mswud\wxscintilla\xpm.obj
c:\users\pl\desktop\current\adctest2018\lib-src\wxwidgets-3.1.1\build\msw\vc_mswud\wxscintilla\calltip.obj
c:\users\pl\desktop\current\adctest2018\lib-src\wxwidgets-3.1.1\build\msw\vc_mswud\wxscintilla\catalogue.obj
c:\users\pl\desktop\current\adctest2018\lib-src\wxwidgets-3.1.1\build\msw\vc_mswud\wxscintilla\characterset.obj
c:\users\pl\desktop\current\adctest2018\lib-src\wxwidgets-3.1.1\build\msw\vc_mswud\wxscintilla\editmodel.obj
c:\users\pl\desktop\current\adctest2018\lib-src\wxwidgets-3.1.1\build\msw\vc_mswud\wxscintilla\indicator.obj
c:\users\pl\desktop\current\adctest2018\lib-src\wxwidgets-3.1.1\build\msw\vc_mswud\wxscintilla\lexapdl.obj
c:\users\pl\desktop\current\adctest2018\lib-src\wxwidgets-3.1.1\build\msw\vc_mswud\wxscintilla\lexasy.obj
c:\users\pl\desktop\current\adctest2018\lib-src\wxwidgets-3.1.1\build\msw\vc_mswud\wxscintilla\lexada.obj
c:\users\pl\desktop\current\adctest2018\lib-src\wxwidgets-3.1.1\build\msw\vc_mswud\wxscintilla\lexbasic.obj
c:\users\pl\desktop\current\adctest2018\lib-src\wxwidgets-3.1.1\build\msw\vc_mswud\wxscintilla\lexcss.obj
c:\users\pl\desktop\current\adctest2018\lib-src\wxwidgets-3.1.1\build\msw\vc_mswud\wxscintilla\lexcmake.obj
c:\users\pl\desktop\current\adctest2018\lib-src\wxwidgets-3.1.1\build\msw\vc_mswud\wxscintilla\lexcrontab.obj
c:\users\pl\desktop\current\adctest2018\lib-src\wxwidgets-3.1.1\build\msw\vc_mswud\wxscintilla\lexdiff.obj
c:\users\pl\desktop\current\adctest2018\lib-src\wxwidgets-3.1.1\build\msw\vc_mswud\wxscintilla\lexdmis.obj
c:\users\pl\desktop\current\adctest2018\lib-src\wxwidgets-3.1.1\build\msw\vc_mswud\wxscintilla\lexedifact.obj
c:\users\pl\desktop\current\adctest2018\lib-src\wxwidgets-3.1.1\build\msw\vc_mswud\wxscintilla\lexescript.obj
c:\users\pl\desktop\current\adctest2018\lib-src\wxwidgets-3.1.1\build\msw\vc_mswud\wxscintilla\lexeiffel.obj
c:\users\pl\desktop\current\adctest2018\lib-src\wxwidgets-3.1.1\build\msw\vc_mswud\wxscintilla\lexerrorlist.obj
c:\users\pl\desktop\current\adctest2018\lib-src\wxwidgets-3.1.1\build\msw\vc_mswud\wxscintilla\lexgap.obj
c:\users\pl\desktop\current\adctest2018\lib-src\wxwidgets-3.1.1\build\msw\vc_mswud\wxscintilla\lexhex.obj
c:\users\pl\desktop\current\adctest2018\lib-src\wxwidgets-3.1.1\build\msw\vc_mswud\wxscintilla\lexkix.obj
c:\users\pl\desktop\current\adctest2018\lib-src\wxwidgets-3.1.1\build\msw\vc_mswud\wxscintilla\lexlatex.obj
c:\users\pl\desktop\current\adctest2018\lib-src\wxwidgets-3.1.1\build\msw\vc_mswud\wxscintilla\lexmssql.obj
c:\users\pl\desktop\current\adctest2018\lib-src\wxwidgets-3.1.1\build\msw\vc_mswud\wxscintilla\lexmarkdown.obj
c:\users\pl\desktop\current\adctest2018\lib-src\wxwidgets-3.1.1\build\msw\vc_mswud\wxscintilla\lexmodula.obj
c:\users\pl\desktop\current\adctest2018\lib-src\wxwidgets-3.1.1\build\msw\vc_mswud\wxscintilla\lexnsis.obj
c:\users\pl\desktop\current\adctest2018\lib-src\wxwidgets-3.1.1\build\msw\vc_mswud\wxscintilla\lexpb.obj
c:\users\pl\desktop\current\adctest2018\lib-src\wxwidgets-3.1.1\build\msw\vc_mswud\wxscintilla\lexpo.obj
c:\users\pl\desktop\current\adctest2018\lib-src\wxwidgets-3.1.1\build\msw\vc_mswud\wxscintilla\lexpowerpro.obj
c:\users\pl\desktop\current\adctest2018\lib-src\wxwidgets-3.1.1\build\msw\vc_mswud\wxscintilla\lexprogress.obj
c:\users\pl\desktop\current\adctest2018\lib-src\wxwidgets-3.1.1\build\msw\vc_mswud\wxscintilla\lexrust.obj
c:\users\pl\desktop\current\adctest2018\lib-src\wxwidgets-3.1.1\build\msw\vc_mswud\wxscintilla\lexspecman.obj
c:\users\pl\desktop\current\adctest2018\lib-src\wxwidgets-3.1.1\build\msw\vc_mswud\wxscintilla\lextads3.obj
c:\users\pl\desktop\current\adctest2018\lib-src\wxwidgets-3.1.1\build\msw\vc_mswud\wxscintilla\lextcmd.obj
c:\users\pl\desktop\current\adctest2018\lib-src\wxwidgets-3.1.1\build\msw\vc_mswud\wxscintilla\lextxt2tags.obj
c:\users\pl\desktop\current\adctest2018\lib-src\wxwidgets-3.1.1\build\msw\vc_mswud\wxscintilla\lexverilog.obj
c:\users\pl\desktop\current\adctest2018\lib-src\wxwidgets-3.1.1\build\msw\vc_mswud\wxscintilla\positioncache.obj
c:\users\pl\desktop\current\adctest2018\lib-src\wxwidgets-3.1.1\build\msw\vc_mswud\wxscintilla\scintillabase.obj
c:\users\pl\desktop\current\adctest2018\lib-src\wxwidgets-3.1.1\lib\vc_lib\wxscintillad.pdb
c:\users\pl\desktop\current\adctest2018\lib-src\wxwidgets-3.1.1\lib\vc_lib\wxscintillad.lib
c:\users\pl\desktop\current\adctest2018\lib-src\wxwidgets-3.1.1\build\msw\..\..\lib\vc_lib\wxscintillad.lib
c:\users\pl\desktop\current\adctest2018\lib-src\wxwidgets-3.1.1\build\msw\vc_mswud\wxscintilla\wxscintilla.tlog\cl.command.1.tlog
c:\users\pl\desktop\current\adctest2018\lib-src\wxwidgets-3.1.1\build\msw\vc_mswud\wxscintilla\wxscintilla.tlog\cl.read.1.tlog
c:\users\pl\desktop\current\adctest2018\lib-src\wxwidgets-3.1.1\build\msw\vc_mswud\wxscintilla\wxscintilla.tlog\cl.write.1.tlog
c:\users\pl\desktop\current\adctest2018\lib-src\wxwidgets-3.1.1\build\msw\vc_mswud\wxscintilla\wxscintilla.tlog\lib-link.read.1.tlog
c:\users\pl\desktop\current\adctest2018\lib-src\wxwidgets-3.1.1\build\msw\vc_mswud\wxscintilla\wxscintilla.tlog\lib-link.write.1.tlog
c:\users\pl\desktop\current\adctest2018\lib-src\wxwidgets-3.1.1\build\msw\vc_mswud\wxscintilla\wxscintilla.tlog\lib.command.1.tlog
