c:\work\avpreserve\software\fadg-adctest-2019\lib-src\wxwidgets-3.1.1\build\msw\vc_mswud\wxprec_baselib.pch
c:\work\avpreserve\software\fadg-adctest-2019\lib-src\wxwidgets-3.1.1\lib\vc_lib\wxbase31ud.pdb
c:\work\avpreserve\software\fadg-adctest-2019\lib-src\wxwidgets-3.1.1\build\msw\vc_mswud\base\dummy.obj
c:\work\avpreserve\software\fadg-adctest-2019\lib-src\wxwidgets-3.1.1\build\msw\vc_mswud\base\base64.obj
c:\work\avpreserve\software\fadg-adctest-2019\lib-src\wxwidgets-3.1.1\build\msw\vc_mswud\base\config.obj
c:\work\avpreserve\software\fadg-adctest-2019\lib-src\wxwidgets-3.1.1\build\msw\vc_mswud\base\dynload.obj
c:\work\avpreserve\software\fadg-adctest-2019\lib-src\wxwidgets-3.1.1\build\msw\vc_mswud\base\filefn.obj
c:\work\avpreserve\software\fadg-adctest-2019\lib-src\wxwidgets-3.1.1\build\msw\vc_mswud\base\fswatchercmn.obj
c:\work\avpreserve\software\fadg-adctest-2019\lib-src\wxwidgets-3.1.1\build\msw\vc_mswud\base\memory.obj
c:\work\avpreserve\software\fadg-adctest-2019\lib-src\wxwidgets-3.1.1\build\msw\vc_mswud\base\msgout.obj
c:\work\avpreserve\software\fadg-adctest-2019\lib-src\wxwidgets-3.1.1\build\msw\vc_mswud\base\powercmn.obj
c:\work\avpreserve\software\fadg-adctest-2019\lib-src\wxwidgets-3.1.1\build\msw\vc_mswud\base\stopwatch.obj
c:\work\avpreserve\software\fadg-adctest-2019\lib-src\wxwidgets-3.1.1\build\msw\vc_mswud\base\string.obj
c:\work\avpreserve\software\fadg-adctest-2019\lib-src\wxwidgets-3.1.1\build\msw\vc_mswud\base\variant.obj
c:\work\avpreserve\software\fadg-adctest-2019\lib-src\wxwidgets-3.1.1\build\msw\vc_mswud\base\stdpaths.obj
c:\work\avpreserve\software\fadg-adctest-2019\lib-src\wxwidgets-3.1.1\build\msw\vc_mswud\base\arcfind.obj
c:\work\avpreserve\software\fadg-adctest-2019\lib-src\wxwidgets-3.1.1\build\msw\vc_mswud\base\convauto.obj
c:\work\avpreserve\software\fadg-adctest-2019\lib-src\wxwidgets-3.1.1\build\msw\vc_mswud\base\dircmn.obj
c:\work\avpreserve\software\fadg-adctest-2019\lib-src\wxwidgets-3.1.1\build\msw\vc_mswud\base\encconv.obj
c:\work\avpreserve\software\fadg-adctest-2019\lib-src\wxwidgets-3.1.1\build\msw\vc_mswud\base\filtfind.obj
c:\work\avpreserve\software\fadg-adctest-2019\lib-src\wxwidgets-3.1.1\build\msw\vc_mswud\base\fs_arc.obj
c:\work\avpreserve\software\fadg-adctest-2019\lib-src\wxwidgets-3.1.1\build\msw\vc_mswud\base\hashmap.obj
c:\work\avpreserve\software\fadg-adctest-2019\lib-src\wxwidgets-3.1.1\build\msw\vc_mswud\base\log.obj
c:\work\avpreserve\software\fadg-adctest-2019\lib-src\wxwidgets-3.1.1\build\msw\vc_mswud\base\stdstream.obj
c:\work\avpreserve\software\fadg-adctest-2019\lib-src\wxwidgets-3.1.1\build\msw\vc_mswud\base\tarstrm.obj
c:\work\avpreserve\software\fadg-adctest-2019\lib-src\wxwidgets-3.1.1\build\msw\vc_mswud\base\utilscmn.obj
c:\work\avpreserve\software\fadg-adctest-2019\lib-src\wxwidgets-3.1.1\build\msw\vc_mswud\base\basemsw.obj
c:\work\avpreserve\software\fadg-adctest-2019\lib-src\wxwidgets-3.1.1\build\msw\vc_mswud\base\dlmsw.obj
c:\work\avpreserve\software\fadg-adctest-2019\lib-src\wxwidgets-3.1.1\build\msw\vc_mswud\base\stackwalk.obj
c:\work\avpreserve\software\fadg-adctest-2019\lib-src\wxwidgets-3.1.1\build\msw\vc_mswud\base\volume.obj
c:\work\avpreserve\software\fadg-adctest-2019\lib-src\wxwidgets-3.1.1\build\msw\vc_mswud\base\appbase.obj
c:\work\avpreserve\software\fadg-adctest-2019\lib-src\wxwidgets-3.1.1\build\msw\vc_mswud\base\fileback.obj
c:\work\avpreserve\software\fadg-adctest-2019\lib-src\wxwidgets-3.1.1\build\msw\vc_mswud\base\filtall.obj
c:\work\avpreserve\software\fadg-adctest-2019\lib-src\wxwidgets-3.1.1\build\msw\vc_mswud\base\fs_mem.obj
c:\work\avpreserve\software\fadg-adctest-2019\lib-src\wxwidgets-3.1.1\build\msw\vc_mswud\base\init.obj
c:\work\avpreserve\software\fadg-adctest-2019\lib-src\wxwidgets-3.1.1\build\msw\vc_mswud\base\longlong.obj
c:\work\avpreserve\software\fadg-adctest-2019\lib-src\wxwidgets-3.1.1\build\msw\vc_mswud\base\numformatter.obj
c:\work\avpreserve\software\fadg-adctest-2019\lib-src\wxwidgets-3.1.1\build\msw\vc_mswud\base\regex.obj
c:\work\avpreserve\software\fadg-adctest-2019\lib-src\wxwidgets-3.1.1\build\msw\vc_mswud\base\stringops.obj
c:\work\avpreserve\software\fadg-adctest-2019\lib-src\wxwidgets-3.1.1\build\msw\vc_mswud\base\textfile.obj
c:\work\avpreserve\software\fadg-adctest-2019\lib-src\wxwidgets-3.1.1\build\msw\vc_mswud\base\translation.obj
c:\work\avpreserve\software\fadg-adctest-2019\lib-src\wxwidgets-3.1.1\build\msw\vc_mswud\base\debughlp.obj
c:\work\avpreserve\software\fadg-adctest-2019\lib-src\wxwidgets-3.1.1\build\msw\vc_mswud\base\power.obj
c:\work\avpreserve\software\fadg-adctest-2019\lib-src\wxwidgets-3.1.1\build\msw\vc_mswud\base\registry.obj
c:\work\avpreserve\software\fadg-adctest-2019\lib-src\wxwidgets-3.1.1\build\msw\vc_mswud\base\fswatcherg.obj
c:\work\avpreserve\software\fadg-adctest-2019\lib-src\wxwidgets-3.1.1\build\msw\vc_mswud\base\any.obj
c:\work\avpreserve\software\fadg-adctest-2019\lib-src\wxwidgets-3.1.1\build\msw\vc_mswud\base\datetimefmt.obj
c:\work\avpreserve\software\fadg-adctest-2019\lib-src\wxwidgets-3.1.1\build\msw\vc_mswud\base\fileconf.obj
c:\work\avpreserve\software\fadg-adctest-2019\lib-src\wxwidgets-3.1.1\build\msw\vc_mswud\base\intl.obj
c:\work\avpreserve\software\fadg-adctest-2019\lib-src\wxwidgets-3.1.1\build\msw\vc_mswud\base\object.obj
c:\work\avpreserve\software\fadg-adctest-2019\lib-src\wxwidgets-3.1.1\build\msw\vc_mswud\base\sstream.obj
c:\work\avpreserve\software\fadg-adctest-2019\lib-src\wxwidgets-3.1.1\build\msw\vc_mswud\base\stringimpl.obj
c:\work\avpreserve\software\fadg-adctest-2019\lib-src\wxwidgets-3.1.1\build\msw\vc_mswud\base\strvararg.obj
c:\work\avpreserve\software\fadg-adctest-2019\lib-src\wxwidgets-3.1.1\build\msw\vc_mswud\base\timercmn.obj
c:\work\avpreserve\software\fadg-adctest-2019\lib-src\wxwidgets-3.1.1\build\msw\vc_mswud\base\txtstrm.obj
c:\work\avpreserve\software\fadg-adctest-2019\lib-src\wxwidgets-3.1.1\build\msw\vc_mswud\base\wxprintf.obj
c:\work\avpreserve\software\fadg-adctest-2019\lib-src\wxwidgets-3.1.1\build\msw\vc_mswud\base\xtistrm.obj
c:\work\avpreserve\software\fadg-adctest-2019\lib-src\wxwidgets-3.1.1\build\msw\vc_mswud\base\crashrpt.obj
c:\work\avpreserve\software\fadg-adctest-2019\lib-src\wxwidgets-3.1.1\build\msw\vc_mswud\base\mimetype.obj
c:\work\avpreserve\software\fadg-adctest-2019\lib-src\wxwidgets-3.1.1\build\msw\vc_mswud\base\archive.obj
c:\work\avpreserve\software\fadg-adctest-2019\lib-src\wxwidgets-3.1.1\build\msw\vc_mswud\base\datetime.obj
c:\work\avpreserve\software\fadg-adctest-2019\lib-src\wxwidgets-3.1.1\build\msw\vc_mswud\base\evtloopcmn.obj
c:\work\avpreserve\software\fadg-adctest-2019\lib-src\wxwidgets-3.1.1\build\msw\vc_mswud\base\filesys.obj
c:\work\avpreserve\software\fadg-adctest-2019\lib-src\wxwidgets-3.1.1\build\msw\vc_mswud\base\list.obj
c:\work\avpreserve\software\fadg-adctest-2019\lib-src\wxwidgets-3.1.1\build\msw\vc_mswud\base\module.obj
c:\work\avpreserve\software\fadg-adctest-2019\lib-src\wxwidgets-3.1.1\build\msw\vc_mswud\base\platinfo.obj
c:\work\avpreserve\software\fadg-adctest-2019\lib-src\wxwidgets-3.1.1\build\msw\vc_mswud\base\stream.obj
c:\work\avpreserve\software\fadg-adctest-2019\lib-src\wxwidgets-3.1.1\build\msw\vc_mswud\base\timerimpl.obj
c:\work\avpreserve\software\fadg-adctest-2019\lib-src\wxwidgets-3.1.1\build\msw\vc_mswud\base\ustring.obj
c:\work\avpreserve\software\fadg-adctest-2019\lib-src\wxwidgets-3.1.1\build\msw\vc_mswud\base\zstream.obj
c:\work\avpreserve\software\fadg-adctest-2019\lib-src\wxwidgets-3.1.1\build\msw\vc_mswud\base\evtloopconsole.obj
c:\work\avpreserve\software\fadg-adctest-2019\lib-src\wxwidgets-3.1.1\build\msw\vc_mswud\base\main.obj
c:\work\avpreserve\software\fadg-adctest-2019\lib-src\wxwidgets-3.1.1\build\msw\vc_mswud\base\snglinst.obj
c:\work\avpreserve\software\fadg-adctest-2019\lib-src\wxwidgets-3.1.1\build\msw\vc_mswud\base\utils.obj
c:\work\avpreserve\software\fadg-adctest-2019\lib-src\wxwidgets-3.1.1\build\msw\vc_mswud\base\clntdata.obj
c:\work\avpreserve\software\fadg-adctest-2019\lib-src\wxwidgets-3.1.1\build\msw\vc_mswud\base\cmdline.obj
c:\work\avpreserve\software\fadg-adctest-2019\lib-src\wxwidgets-3.1.1\build\msw\vc_mswud\base\ffile.obj
c:\work\avpreserve\software\fadg-adctest-2019\lib-src\wxwidgets-3.1.1\build\msw\vc_mswud\base\filename.obj
c:\work\avpreserve\software\fadg-adctest-2019\lib-src\wxwidgets-3.1.1\build\msw\vc_mswud\base\textbuf.obj
c:\work\avpreserve\software\fadg-adctest-2019\lib-src\wxwidgets-3.1.1\build\msw\vc_mswud\base\tokenzr.obj
c:\work\avpreserve\software\fadg-adctest-2019\lib-src\wxwidgets-3.1.1\build\msw\vc_mswud\base\wfstream.obj
c:\work\avpreserve\software\fadg-adctest-2019\lib-src\wxwidgets-3.1.1\build\msw\vc_mswud\base\dir.obj
c:\work\avpreserve\software\fadg-adctest-2019\lib-src\wxwidgets-3.1.1\build\msw\vc_mswud\base\fswatcher.obj
c:\work\avpreserve\software\fadg-adctest-2019\lib-src\wxwidgets-3.1.1\build\msw\vc_mswud\base\thread.obj
c:\work\avpreserve\software\fadg-adctest-2019\lib-src\wxwidgets-3.1.1\build\msw\vc_mswud\base\arcall.obj
c:\work\avpreserve\software\fadg-adctest-2019\lib-src\wxwidgets-3.1.1\build\msw\vc_mswud\base\datstrm.obj
c:\work\avpreserve\software\fadg-adctest-2019\lib-src\wxwidgets-3.1.1\build\msw\vc_mswud\base\dynlib.obj
c:\work\avpreserve\software\fadg-adctest-2019\lib-src\wxwidgets-3.1.1\build\msw\vc_mswud\base\file.obj
c:\work\avpreserve\software\fadg-adctest-2019\lib-src\wxwidgets-3.1.1\build\msw\vc_mswud\base\fs_filter.obj
c:\work\avpreserve\software\fadg-adctest-2019\lib-src\wxwidgets-3.1.1\build\msw\vc_mswud\base\hash.obj
c:\work\avpreserve\software\fadg-adctest-2019\lib-src\wxwidgets-3.1.1\build\msw\vc_mswud\base\languageinfo.obj
c:\work\avpreserve\software\fadg-adctest-2019\lib-src\wxwidgets-3.1.1\build\msw\vc_mswud\base\mstream.obj
c:\work\avpreserve\software\fadg-adctest-2019\lib-src\wxwidgets-3.1.1\build\msw\vc_mswud\base\process.obj
c:\work\avpreserve\software\fadg-adctest-2019\lib-src\wxwidgets-3.1.1\build\msw\vc_mswud\base\strconv.obj
c:\work\avpreserve\software\fadg-adctest-2019\lib-src\wxwidgets-3.1.1\build\msw\vc_mswud\base\threadinfo.obj
c:\work\avpreserve\software\fadg-adctest-2019\lib-src\wxwidgets-3.1.1\build\msw\vc_mswud\base\uri.obj
c:\work\avpreserve\software\fadg-adctest-2019\lib-src\wxwidgets-3.1.1\build\msw\vc_mswud\base\xti.obj
c:\work\avpreserve\software\fadg-adctest-2019\lib-src\wxwidgets-3.1.1\build\msw\vc_mswud\base\zipstrm.obj
c:\work\avpreserve\software\fadg-adctest-2019\lib-src\wxwidgets-3.1.1\build\msw\vc_mswud\base\timer.obj
c:\work\avpreserve\software\fadg-adctest-2019\lib-src\wxwidgets-3.1.1\build\msw\vc_mswud\base\arrstr.obj
c:\work\avpreserve\software\fadg-adctest-2019\lib-src\wxwidgets-3.1.1\build\msw\vc_mswud\base\dynarray.obj
c:\work\avpreserve\software\fadg-adctest-2019\lib-src\wxwidgets-3.1.1\build\msw\vc_mswud\base\event.obj
c:\work\avpreserve\software\fadg-adctest-2019\lib-src\wxwidgets-3.1.1\build\msw\vc_mswud\base\fmapbase.obj
c:\work\avpreserve\software\fadg-adctest-2019\lib-src\wxwidgets-3.1.1\build\msw\vc_mswud\base\ipcbase.obj
c:\work\avpreserve\software\fadg-adctest-2019\lib-src\wxwidgets-3.1.1\build\msw\vc_mswud\base\mimecmn.obj
c:\work\avpreserve\software\fadg-adctest-2019\lib-src\wxwidgets-3.1.1\build\msw\vc_mswud\base\stdpbase.obj
c:\work\avpreserve\software\fadg-adctest-2019\lib-src\wxwidgets-3.1.1\build\msw\vc_mswud\base\sysopt.obj
c:\work\avpreserve\software\fadg-adctest-2019\lib-src\wxwidgets-3.1.1\build\msw\vc_mswud\base\time.obj
c:\work\avpreserve\software\fadg-adctest-2019\lib-src\wxwidgets-3.1.1\build\msw\vc_mswud\base\unichar.obj
c:\work\avpreserve\software\fadg-adctest-2019\lib-src\wxwidgets-3.1.1\build\msw\vc_mswud\base\wxcrt.obj
c:\work\avpreserve\software\fadg-adctest-2019\lib-src\wxwidgets-3.1.1\build\msw\vc_mswud\base\xlocale.obj
c:\work\avpreserve\software\fadg-adctest-2019\lib-src\wxwidgets-3.1.1\build\msw\vc_mswud\base\dde.obj
c:\work\avpreserve\software\fadg-adctest-2019\lib-src\wxwidgets-3.1.1\build\msw\vc_mswud\base\regconf.obj
c:\work\avpreserve\software\fadg-adctest-2019\lib-src\wxwidgets-3.1.1\build\msw\vc_mswud\base\utilsexc.obj
c:\work\avpreserve\software\fadg-adctest-2019\lib-src\wxwidgets-3.1.1\build\msw\vc_mswud\base\extended.obj
c:\work\avpreserve\software\fadg-adctest-2019\lib-src\wxwidgets-3.1.1\build\msw\vc_mswud\base\msw_secretstore.obj
c:\work\avpreserve\software\fadg-adctest-2019\lib-src\wxwidgets-3.1.1\build\msw\vc_mswud\base\common_secretstore.obj
c:\work\avpreserve\software\fadg-adctest-2019\lib-src\wxwidgets-3.1.1\lib\vc_lib\wxbase31ud.lib
c:\work\avpreserve\software\fadg-adctest-2019\releases\302a\lib-src\wxwidgets-3.1.1\build\msw\vc_mswud\base\base.tlog\cl.command.1.tlog
c:\work\avpreserve\software\fadg-adctest-2019\releases\302a\lib-src\wxwidgets-3.1.1\build\msw\vc_mswud\base\base.tlog\cl.read.1.tlog
c:\work\avpreserve\software\fadg-adctest-2019\releases\302a\lib-src\wxwidgets-3.1.1\build\msw\vc_mswud\base\base.tlog\cl.write.1.tlog
c:\work\avpreserve\software\fadg-adctest-2019\releases\302a\lib-src\wxwidgets-3.1.1\build\msw\vc_mswud\base\base.tlog\lib-link.read.1.tlog
c:\work\avpreserve\software\fadg-adctest-2019\releases\302a\lib-src\wxwidgets-3.1.1\build\msw\vc_mswud\base\base.tlog\lib-link.write.1.tlog
c:\work\avpreserve\software\fadg-adctest-2019\releases\302a\lib-src\wxwidgets-3.1.1\build\msw\vc_mswud\base\base.tlog\lib.command.1.tlog
