c:\work\avpreserve\software\fadg-adctest-2019\releases\303\src\msvc\libsndfile\release\libsndfile.pdb
c:\work\avpreserve\software\fadg-adctest-2019\releases\303\src\msvc\libsndfile\release\gsm610.obj
c:\work\avpreserve\software\fadg-adctest-2019\releases\303\src\msvc\libsndfile\release\g72x.obj
c:\work\avpreserve\software\fadg-adctest-2019\releases\303\src\msvc\libsndfile\release\float32.obj
c:\work\avpreserve\software\fadg-adctest-2019\releases\303\src\msvc\libsndfile\release\flac.obj
c:\work\avpreserve\software\fadg-adctest-2019\releases\303\src\msvc\libsndfile\release\file_io.obj
c:\work\avpreserve\software\fadg-adctest-2019\releases\303\src\msvc\libsndfile\release\dwvw.obj
c:\work\avpreserve\software\fadg-adctest-2019\releases\303\src\msvc\libsndfile\release\dwd.obj
c:\work\avpreserve\software\fadg-adctest-2019\releases\303\src\msvc\libsndfile\release\double64.obj
c:\work\avpreserve\software\fadg-adctest-2019\releases\303\src\msvc\libsndfile\release\dither.obj
c:\work\avpreserve\software\fadg-adctest-2019\releases\303\src\msvc\libsndfile\release\common.obj
c:\work\avpreserve\software\fadg-adctest-2019\releases\303\src\msvc\libsndfile\release\command.obj
c:\work\avpreserve\software\fadg-adctest-2019\releases\303\src\msvc\libsndfile\release\chunk.obj
c:\work\avpreserve\software\fadg-adctest-2019\releases\303\src\msvc\libsndfile\release\chanmap.obj
c:\work\avpreserve\software\fadg-adctest-2019\releases\303\src\msvc\libsndfile\release\caf.obj
c:\work\avpreserve\software\fadg-adctest-2019\releases\303\src\msvc\libsndfile\release\broadcast.obj
c:\work\avpreserve\software\fadg-adctest-2019\releases\303\src\msvc\libsndfile\release\avr.obj
c:\work\avpreserve\software\fadg-adctest-2019\releases\303\src\msvc\libsndfile\release\audio_detect.obj
c:\work\avpreserve\software\fadg-adctest-2019\releases\303\src\msvc\libsndfile\release\au.obj
c:\work\avpreserve\software\fadg-adctest-2019\releases\303\src\msvc\libsndfile\release\alaw.obj
c:\work\avpreserve\software\fadg-adctest-2019\releases\303\src\msvc\libsndfile\release\aiff.obj
c:\work\avpreserve\software\fadg-adctest-2019\releases\303\src\msvc\libsndfile\release\rx2.obj
c:\work\avpreserve\software\fadg-adctest-2019\releases\303\src\msvc\libsndfile\release\rf64.obj
c:\work\avpreserve\software\fadg-adctest-2019\releases\303\src\msvc\libsndfile\release\raw.obj
c:\work\avpreserve\software\fadg-adctest-2019\releases\303\src\msvc\libsndfile\release\pvf.obj
c:\work\avpreserve\software\fadg-adctest-2019\releases\303\src\msvc\libsndfile\release\pcm.obj
c:\work\avpreserve\software\fadg-adctest-2019\releases\303\src\msvc\libsndfile\release\paf.obj
c:\work\avpreserve\software\fadg-adctest-2019\releases\303\src\msvc\libsndfile\release\ogg.obj
c:\work\avpreserve\software\fadg-adctest-2019\releases\303\src\msvc\libsndfile\release\nist.obj
c:\work\avpreserve\software\fadg-adctest-2019\releases\303\src\msvc\libsndfile\release\ms_adpcm.obj
c:\work\avpreserve\software\fadg-adctest-2019\releases\303\src\msvc\libsndfile\release\mpc2k.obj
c:\work\avpreserve\software\fadg-adctest-2019\releases\303\src\msvc\libsndfile\release\mat5.obj
c:\work\avpreserve\software\fadg-adctest-2019\releases\303\src\msvc\libsndfile\release\mat4.obj
c:\work\avpreserve\software\fadg-adctest-2019\releases\303\src\msvc\libsndfile\release\macos.obj
c:\work\avpreserve\software\fadg-adctest-2019\releases\303\src\msvc\libsndfile\release\macbinary3.obj
c:\work\avpreserve\software\fadg-adctest-2019\releases\303\src\msvc\libsndfile\release\ircam.obj
c:\work\avpreserve\software\fadg-adctest-2019\releases\303\src\msvc\libsndfile\release\interleave.obj
c:\work\avpreserve\software\fadg-adctest-2019\releases\303\src\msvc\libsndfile\release\ima_oki_adpcm.obj
c:\work\avpreserve\software\fadg-adctest-2019\releases\303\src\msvc\libsndfile\release\ima_adpcm.obj
c:\work\avpreserve\software\fadg-adctest-2019\releases\303\src\msvc\libsndfile\release\id3.obj
c:\work\avpreserve\software\fadg-adctest-2019\releases\303\src\msvc\libsndfile\release\htk.obj
c:\work\avpreserve\software\fadg-adctest-2019\releases\303\src\msvc\libsndfile\release\code.obj
c:\work\avpreserve\software\fadg-adctest-2019\releases\303\src\msvc\libsndfile\release\add.obj
c:\work\avpreserve\software\fadg-adctest-2019\releases\303\src\msvc\libsndfile\release\g723_40.obj
c:\work\avpreserve\software\fadg-adctest-2019\releases\303\src\msvc\libsndfile\release\g723_24.obj
c:\work\avpreserve\software\fadg-adctest-2019\releases\303\src\msvc\libsndfile\release\g723_16.obj
c:\work\avpreserve\software\fadg-adctest-2019\releases\303\src\msvc\libsndfile\release\g721.obj
c:\work\avpreserve\software\fadg-adctest-2019\releases\303\src\msvc\libsndfile\release\xi.obj
c:\work\avpreserve\software\fadg-adctest-2019\releases\303\src\msvc\libsndfile\release\wve.obj
c:\work\avpreserve\software\fadg-adctest-2019\releases\303\src\msvc\libsndfile\release\wav_w64.obj
c:\work\avpreserve\software\fadg-adctest-2019\releases\303\src\msvc\libsndfile\release\wav.obj
c:\work\avpreserve\software\fadg-adctest-2019\releases\303\src\msvc\libsndfile\release\w64.obj
c:\work\avpreserve\software\fadg-adctest-2019\releases\303\src\msvc\libsndfile\release\vox_adpcm.obj
c:\work\avpreserve\software\fadg-adctest-2019\releases\303\src\msvc\libsndfile\release\voc.obj
c:\work\avpreserve\software\fadg-adctest-2019\releases\303\src\msvc\libsndfile\release\ulaw.obj
c:\work\avpreserve\software\fadg-adctest-2019\releases\303\src\msvc\libsndfile\release\txw.obj
c:\work\avpreserve\software\fadg-adctest-2019\releases\303\src\msvc\libsndfile\release\svx.obj
c:\work\avpreserve\software\fadg-adctest-2019\releases\303\src\msvc\libsndfile\release\strings.obj
c:\work\avpreserve\software\fadg-adctest-2019\releases\303\src\msvc\libsndfile\release\sndfile.obj
c:\work\avpreserve\software\fadg-adctest-2019\releases\303\src\msvc\libsndfile\release\sds.obj
c:\work\avpreserve\software\fadg-adctest-2019\releases\303\src\msvc\libsndfile\release\sd2.obj
c:\work\avpreserve\software\fadg-adctest-2019\releases\303\src\msvc\libsndfile\release\table.obj
c:\work\avpreserve\software\fadg-adctest-2019\releases\303\src\msvc\libsndfile\release\short_term.obj
c:\work\avpreserve\software\fadg-adctest-2019\releases\303\src\msvc\libsndfile\release\rpe.obj
c:\work\avpreserve\software\fadg-adctest-2019\releases\303\src\msvc\libsndfile\release\preprocess.obj
c:\work\avpreserve\software\fadg-adctest-2019\releases\303\src\msvc\libsndfile\release\lpc.obj
c:\work\avpreserve\software\fadg-adctest-2019\releases\303\src\msvc\libsndfile\release\long_term.obj
c:\work\avpreserve\software\fadg-adctest-2019\releases\303\src\msvc\libsndfile\release\gsm_option.obj
c:\work\avpreserve\software\fadg-adctest-2019\releases\303\src\msvc\libsndfile\release\gsm_encode.obj
c:\work\avpreserve\software\fadg-adctest-2019\releases\303\src\msvc\libsndfile\release\gsm_destroy.obj
c:\work\avpreserve\software\fadg-adctest-2019\releases\303\src\msvc\libsndfile\release\gsm_decode.obj
c:\work\avpreserve\software\fadg-adctest-2019\releases\303\src\msvc\libsndfile\release\gsm_create.obj
c:\work\avpreserve\software\fadg-adctest-2019\releases\303\src\msvc\libsndfile\release\decode.obj
c:\work\avpreserve\software\fadg-adctest-2019\releases\303\src\msvc\libsndfile\release\g72x_g72x.obj
c:\work\avpreserve\software\fadg-adctest-2019\releases\303\src\msvc\avptester\release\libsndfile.lib
c:\work\avpreserve\software\fadg-adctest-2019\releases\303\src\msvc\libsndfile\release\libsndfile.tlog\cl.command.1.tlog
c:\work\avpreserve\software\fadg-adctest-2019\releases\303\src\msvc\libsndfile\release\libsndfile.tlog\cl.read.1.tlog
c:\work\avpreserve\software\fadg-adctest-2019\releases\303\src\msvc\libsndfile\release\libsndfile.tlog\cl.write.1.tlog
c:\work\avpreserve\software\fadg-adctest-2019\releases\303\src\msvc\libsndfile\release\libsndfile.tlog\lib-link.read.1.tlog
c:\work\avpreserve\software\fadg-adctest-2019\releases\303\src\msvc\libsndfile\release\libsndfile.tlog\lib-link.write.1.tlog
c:\work\avpreserve\software\fadg-adctest-2019\releases\303\src\msvc\libsndfile\release\libsndfile.tlog\lib.command.1.tlog
