c:\work\avpreserve\software\fadg-adctest-2019\lib-src\wxwidgets-3.1.1\build\msw\vc_mswud\wxprec_auilib.pch
c:\work\avpreserve\software\fadg-adctest-2019\lib-src\wxwidgets-3.1.1\lib\vc_lib\wxmsw31ud_aui.pdb
c:\work\avpreserve\software\fadg-adctest-2019\lib-src\wxwidgets-3.1.1\build\msw\vc_mswud\aui\dummy.obj
c:\work\avpreserve\software\fadg-adctest-2019\lib-src\wxwidgets-3.1.1\build\msw\vc_mswud\aui\dockart.obj
c:\work\avpreserve\software\fadg-adctest-2019\lib-src\wxwidgets-3.1.1\build\msw\vc_mswud\aui\framemanager.obj
c:\work\avpreserve\software\fadg-adctest-2019\lib-src\wxwidgets-3.1.1\build\msw\vc_mswud\aui\floatpane.obj
c:\work\avpreserve\software\fadg-adctest-2019\lib-src\wxwidgets-3.1.1\build\msw\vc_mswud\aui\tabart.obj
c:\work\avpreserve\software\fadg-adctest-2019\lib-src\wxwidgets-3.1.1\build\msw\vc_mswud\aui\barartmsw.obj
c:\work\avpreserve\software\fadg-adctest-2019\lib-src\wxwidgets-3.1.1\build\msw\vc_mswud\aui\tabmdi.obj
c:\work\avpreserve\software\fadg-adctest-2019\lib-src\wxwidgets-3.1.1\build\msw\vc_mswud\aui\auibook.obj
c:\work\avpreserve\software\fadg-adctest-2019\lib-src\wxwidgets-3.1.1\build\msw\vc_mswud\aui\xh_aui.obj
c:\work\avpreserve\software\fadg-adctest-2019\lib-src\wxwidgets-3.1.1\build\msw\vc_mswud\aui\xh_auitoolb.obj
c:\work\avpreserve\software\fadg-adctest-2019\lib-src\wxwidgets-3.1.1\build\msw\vc_mswud\aui\auibar.obj
c:\work\avpreserve\software\fadg-adctest-2019\lib-src\wxwidgets-3.1.1\build\msw\vc_mswud\aui\tabartmsw.obj
c:\work\avpreserve\software\fadg-adctest-2019\lib-src\wxwidgets-3.1.1\lib\vc_lib\wxmsw31ud_aui.lib
c:\work\avpreserve\software\fadg-adctest-2019\releases\302a\lib-src\wxwidgets-3.1.1\build\msw\vc_mswud\aui\aui.tlog\cl.command.1.tlog
c:\work\avpreserve\software\fadg-adctest-2019\releases\302a\lib-src\wxwidgets-3.1.1\build\msw\vc_mswud\aui\aui.tlog\cl.read.1.tlog
c:\work\avpreserve\software\fadg-adctest-2019\releases\302a\lib-src\wxwidgets-3.1.1\build\msw\vc_mswud\aui\aui.tlog\cl.write.1.tlog
c:\work\avpreserve\software\fadg-adctest-2019\releases\302a\lib-src\wxwidgets-3.1.1\build\msw\vc_mswud\aui\aui.tlog\lib-link.read.1.tlog
c:\work\avpreserve\software\fadg-adctest-2019\releases\302a\lib-src\wxwidgets-3.1.1\build\msw\vc_mswud\aui\aui.tlog\lib-link.write.1.tlog
c:\work\avpreserve\software\fadg-adctest-2019\releases\302a\lib-src\wxwidgets-3.1.1\build\msw\vc_mswud\aui\aui.tlog\lib.command.1.tlog
