c:\work\avpreserve\software\fadg-adctest-2019\releases\303\src\msvc\portaudio-v19\release\portaudio-v19.pdb
c:\work\avpreserve\software\fadg-adctest-2019\releases\303\src\msvc\portaudio-v19\release\pa_win_wdmks_utils.obj
c:\work\avpreserve\software\fadg-adctest-2019\releases\303\src\msvc\portaudio-v19\release\pa_win_waveformat.obj
c:\work\avpreserve\software\fadg-adctest-2019\releases\303\src\msvc\portaudio-v19\release\pa_win_util.obj
c:\work\avpreserve\software\fadg-adctest-2019\releases\303\src\msvc\portaudio-v19\release\pa_win_hostapis.obj
c:\work\avpreserve\software\fadg-adctest-2019\releases\303\src\msvc\portaudio-v19\release\pa_win_coinitialize.obj
c:\work\avpreserve\software\fadg-adctest-2019\releases\303\src\msvc\portaudio-v19\release\pa_win_wasapi.obj
c:\work\avpreserve\software\fadg-adctest-2019\releases\303\src\msvc\portaudio-v19\release\pa_win_ds_dynlink.obj
c:\work\avpreserve\software\fadg-adctest-2019\releases\303\src\msvc\portaudio-v19\release\pa_win_ds.obj
c:\work\avpreserve\software\fadg-adctest-2019\releases\303\src\msvc\portaudio-v19\release\pa_win_wmme.obj
c:\work\avpreserve\software\fadg-adctest-2019\releases\303\src\msvc\portaudio-v19\release\pa_win_wdmks.obj
c:\work\avpreserve\software\fadg-adctest-2019\releases\303\src\msvc\portaudio-v19\release\pa_trace.obj
c:\work\avpreserve\software\fadg-adctest-2019\releases\303\src\msvc\portaudio-v19\release\pa_stream.obj
c:\work\avpreserve\software\fadg-adctest-2019\releases\303\src\msvc\portaudio-v19\release\pa_ringbuffer.obj
c:\work\avpreserve\software\fadg-adctest-2019\releases\303\src\msvc\portaudio-v19\release\pa_process.obj
c:\work\avpreserve\software\fadg-adctest-2019\releases\303\src\msvc\portaudio-v19\release\pa_front.obj
c:\work\avpreserve\software\fadg-adctest-2019\releases\303\src\msvc\portaudio-v19\release\pa_dither.obj
c:\work\avpreserve\software\fadg-adctest-2019\releases\303\src\msvc\portaudio-v19\release\pa_debugprint.obj
c:\work\avpreserve\software\fadg-adctest-2019\releases\303\src\msvc\portaudio-v19\release\pa_cpuload.obj
c:\work\avpreserve\software\fadg-adctest-2019\releases\303\src\msvc\portaudio-v19\release\pa_converters.obj
c:\work\avpreserve\software\fadg-adctest-2019\releases\303\src\msvc\portaudio-v19\release\pa_allocation.obj
c:\work\avpreserve\software\fadg-adctest-2019\releases\303\src\msvc\portaudio-v19\release\pa_x86_plain_converters.obj
c:\work\avpreserve\software\fadg-adctest-2019\releases\303\src\msvc\avptester\release\portaudio-v19.lib
c:\work\avpreserve\software\fadg-adctest-2019\releases\303\src\msvc\portaudio-v19\release\vc140.idb
c:\work\avpreserve\software\fadg-adctest-2019\releases\303\src\msvc\portaudio-v19\release\portaudio-v19.tlog\cl.command.1.tlog
c:\work\avpreserve\software\fadg-adctest-2019\releases\303\src\msvc\portaudio-v19\release\portaudio-v19.tlog\cl.read.1.tlog
c:\work\avpreserve\software\fadg-adctest-2019\releases\303\src\msvc\portaudio-v19\release\portaudio-v19.tlog\cl.write.1.tlog
c:\work\avpreserve\software\fadg-adctest-2019\releases\303\src\msvc\portaudio-v19\release\portaudio-v19.tlog\lib-link.read.1.tlog
c:\work\avpreserve\software\fadg-adctest-2019\releases\303\src\msvc\portaudio-v19\release\portaudio-v19.tlog\lib-link.write.1.tlog
c:\work\avpreserve\software\fadg-adctest-2019\releases\303\src\msvc\portaudio-v19\release\portaudio-v19.tlog\lib.command.1.tlog
